[2019-05-10 14:59:33] local.ERROR: SQLSTATE[HY000] [2002] Connection refused (SQL: select * from `users` where `email` = admin@gmail.com limit 1) {"exception":"[object] (Illuminate\\Database\\QueryException(code: 2002): SQLSTATE[HY000] [2002] Connection refused (SQL: select * from `users` where `email` = admin@gmail.com limit 1) at /home/rivalmsr/Documents/rdeveloper/laravel/ecommerce-adminLTE/vendor/laravel/framework/src/Illuminate/Database/Connection.php:664, PDOException(code: 2002): SQLSTATE[HY000] [2002] Connection refused at /home/rivalmsr/Documents/rdeveloper/laravel/ecommerce-adminLTE/vendor/laravel/framework/src/Illuminate/Database/Connectors/Connector.php:70)
[stacktrace]
#0 /home/rivalmsr/Documents/rdeveloper/laravel/ecommerce-adminLTE/vendor/laravel/framework/src/Illuminate/Database/Connection.php(624): Illuminate\\Database\\Connection->runQueryCallback('select * from `...', Array, Object(Closure))
#1 /home/rivalmsr/Documents/rdeveloper/laravel/ecommerce-adminLTE/vendor/laravel/framework/src/Illuminate/Database/Connection.php(333): Illuminate\\Database\\Connection->run('select * from `...', Array, Object(Closure))
#2 /home/rivalmsr/Documents/rdeveloper/laravel/ecommerce-adminLTE/vendor/laravel/framework/src/Illuminate/Database/Query/Builder.php(2100): Illuminate\\Database\\Connection->select('select * from `...', Array, true)
#3 /home/rivalmsr/Documents/rdeveloper/laravel/ecommerce-adminLTE/vendor/laravel/framework/src/Illuminate/Database/Query/Builder.php(2088): Illuminate\\Database\\Query\\Builder->runSelect()
#4 /home/rivalmsr/Documents/rdeveloper/laravel/ecommerce-adminLTE/vendor/laravel/framework/src/Illuminate/Database/Query/Builder.php(2574): Illuminate\\Database\\Query\\Builder->Illuminate\\Database\\Query\\{closure}()
#5 /home/rivalmsr/Documents/rdeveloper/laravel/ecommerce-adminLTE/vendor/laravel/framework/src/Illuminate/Database/Query/Builder.php(2089): Illuminate\\Database\\Query\\Builder->onceWithColumns(Array, Object(Closure))
#6 /home/rivalmsr/Documents/rdeveloper/laravel/ecommerce-adminLTE/vendor/laravel/framework/src/Illuminate/Database/Eloquent/Builder.php(519): Illuminate\\Database\\Query\\Builder->get(Array)
#7 /home/rivalmsr/Documents/rdeveloper/laravel/ecommerce-adminLTE/vendor/laravel/framework/src/Illuminate/Database/Eloquent/Builder.php(503): Illuminate\\Database\\Eloquent\\Builder->getModels(Array)
#8 /home/rivalmsr/Documents/rdeveloper/laravel/ecommerce-adminLTE/vendor/laravel/framework/src/Illuminate/Database/Concerns/BuildsQueries.php(77): Illuminate\\Database\\Eloquent\\Builder->get(Array)
#9 /home/rivalmsr/Documents/rdeveloper/laravel/ecommerce-adminLTE/vendor/laravel/framework/src/Illuminate/Auth/EloquentUserProvider.php(131): Illuminate\\Database\\Eloquent\\Builder->first()
#10 /home/rivalmsr/Documents/rdeveloper/laravel/ecommerce-adminLTE/vendor/laravel/framework/src/Illuminate/Auth/SessionGuard.php(349): Illuminate\\Auth\\EloquentUserProvider->retrieveByCredentials(Array)
#11 /home/rivalmsr/Documents/rdeveloper/laravel/ecommerce-adminLTE/vendor/laravel/framework/src/Illuminate/Foundation/Auth/AuthenticatesUsers.php(81): Illuminate\\Auth\\SessionGuard->attempt(Array, false)
#12 /home/rivalmsr/Documents/rdeveloper/laravel/ecommerce-adminLTE/vendor/laravel/framework/src/Illuminate/Foundation/Auth/AuthenticatesUsers.php(44): App\\Http\\Controllers\\Auth\\LoginController->attemptLogin(Object(Illuminate\\Http\\Request))
#13 [internal function]: App\\Http\\Controllers\\Auth\\LoginController->login(Object(Illuminate\\Http\\Request))
#14 /home/rivalmsr/Documents/rdeveloper/laravel/ecommerce-adminLTE/vendor/laravel/framework/src/Illuminate/Routing/Controller.php(54): call_user_func_array(Array, Array)
#15 /home/rivalmsr/Documents/rdeveloper/laravel/ecommerce-adminLTE/vendor/laravel/framework/src/Illuminate/Routing/ControllerDispatcher.php(45): Illuminate\\Routing\\Controller->callAction('login', Array)
#16 /home/rivalmsr/Documents/rdeveloper/laravel/ecommerce-adminLTE/vendor/laravel/framework/src/Illuminate/Routing/Route.php(219): Illuminate\\Routing\\ControllerDispatcher->dispatch(Object(Illuminate\\Routing\\Route), Object(App\\Http\\Controllers\\Auth\\LoginController), 'login')
#17 /home/rivalmsr/Documents/rdeveloper/laravel/ecommerce-adminLTE/vendor/laravel/framework/src/Illuminate/Routing/Route.php(176): Illuminate\\Routing\\Route->runController()
#18 /home/rivalmsr/Documents/rdeveloper/laravel/ecommerce-adminLTE/vendor/laravel/framework/src/Illuminate/Routing/Router.php(680): Illuminate\\Routing\\Route->run()
#19 /home/rivalmsr/Documents/rdeveloper/laravel/ecommerce-adminLTE/vendor/laravel/framework/src/Illuminate/Routing/Pipeline.php(30): Illuminate\\Routing\\Router->Illuminate\\Routing\\{closure}(Object(Illuminate\\Http\\Request))
#20 /home/rivalmsr/Documents/rdeveloper/laravel/ecommerce-adminLTE/app/Http/Middleware/RedirectIfAuthenticated.php(24): Illuminate\\Routing\\Pipeline->Illuminate\\Routing\\{closure}(Object(Illuminate\\Http\\Request))
#21 /home/rivalmsr/Documents/rdeveloper/laravel/ecommerce-adminLTE/vendor/laravel/framework/src/Illuminate/Pipeline/Pipeline.php(163): App\\Http\\Middleware\\RedirectIfAuthenticated->handle(Object(Illuminate\\Http\\Request), Object(Closure))
#22 /home/rivalmsr/Documents/rdeveloper/laravel/ecommerce-adminLTE/vendor/laravel/framework/src/Illuminate/Routing/Pipeline.php(53): Illuminate\\Pipeline\\Pipeline->Illuminate\\Pipeline\\{closure}(Object(Illuminate\\Http\\Request))
#23 /home/rivalmsr/Documents/rdeveloper/laravel/ecommerce-adminLTE/vendor/laravel/framework/src/Illuminate/Routing/Middleware/SubstituteBindings.php(41): Illuminate\\Routing\\Pipeline->Illuminate\\Routing\\{closure}(Object(Illuminate\\Http\\Request))
#24 /home/rivalmsr/Documents/rdeveloper/laravel/ecommerce-adminLTE/vendor/laravel/framework/src/Illuminate/Pipeline/Pipeline.php(163): Illuminate\\Routing\\Middleware\\SubstituteBindings->handle(Object(Illuminate\\Http\\Request), Object(Closure))
#25 /home/rivalmsr/Documents/rdeveloper/laravel/ecommerce-adminLTE/vendor/laravel/framework/src/Illuminate/Routing/Pipeline.php(53): Illuminate\\Pipeline\\Pipeline->Illuminate\\Pipeline\\{closure}(Object(Illuminate\\Http\\Request))
#26 /home/rivalmsr/Documents/rdeveloper/laravel/ecommerce-adminLTE/vendor/laravel/framework/src/Illuminate/Foundation/Http/Middleware/VerifyCsrfToken.php(75): Illuminate\\Routing\\Pipeline->Illuminate\\Routing\\{closure}(Object(Illuminate\\Http\\Request))
#27 /home/rivalmsr/Documents/rdeveloper/laravel/ecommerce-adminLTE/vendor/laravel/framework/src/Illuminate/Pipeline/Pipeline.php(163): Illuminate\\Foundation\\Http\\Middleware\\VerifyCsrfToken->handle(Object(Illuminate\\Http\\Request), Object(Closure))
#28 /home/rivalmsr/Documents/rdeveloper/laravel/ecommerce-adminLTE/vendor/laravel/framework/src/Illuminate/Routing/Pipeline.php(53): Illuminate\\Pipeline\\Pipeline->Illuminate\\Pipeline\\{closure}(Object(Illuminate\\Http\\Request))
#29 /home/rivalmsr/Documents/rdeveloper/laravel/ecommerce-adminLTE/vendor/laravel/framework/src/Illuminate/View/Middleware/ShareErrorsFromSession.php(49): Illuminate\\Routing\\Pipeline->Illuminate\\Routing\\{closure}(Object(Illuminate\\Http\\Request))
#30 /home/rivalmsr/Documents/rdeveloper/laravel/ecommerce-adminLTE/vendor/laravel/framework/src/Illuminate/Pipeline/Pipeline.php(163): Illuminate\\View\\Middleware\\ShareErrorsFromSession->handle(Object(Illuminate\\Http\\Request), Object(Closure))
#31 /home/rivalmsr/Documents/rdeveloper/laravel/ecommerce-adminLTE/vendor/laravel/framework/src/Illuminate/Routing/Pipeline.php(53): Illuminate\\Pipeline\\Pipeline->Illuminate\\Pipeline\\{closure}(Object(Illuminate\\Http\\Request))
#32 /home/rivalmsr/Documents/rdeveloper/laravel/ecommerce-adminLTE/vendor/laravel/framework/src/Illuminate/Session/Middleware/StartSession.php(59): Illuminate\\Routing\\Pipeline->Illuminate\\Routing\\{closure}(Object(Illuminate\\Http\\Request))
#33 /home/rivalmsr/Documents/rdeveloper/laravel/ecommerce-adminLTE/vendor/laravel/framework/src/Illuminate/Pipeline/Pipeline.php(163): Illuminate\\Session\\Middleware\\StartSession->handle(Object(Illuminate\\Http\\Request), Object(Closure))
#34 /home/rivalmsr/Documents/rdeveloper/laravel/ecommerce-adminLTE/vendor/laravel/framework/src/Illuminate/Routing/Pipeline.php(53): Illuminate\\Pipeline\\Pipeline->Illuminate\\Pipeline\\{closure}(Object(Illuminate\\Http\\Request))
#35 /home/rivalmsr/Documents/rdeveloper/laravel/ecommerce-adminLTE/vendor/laravel/framework/src/Illuminate/Cookie/Middleware/AddQueuedCookiesToResponse.php(37): Illuminate\\Routing\\Pipeline->Illuminate\\Routing\\{closure}(Object(Illuminate\\Http\\Request))
#36 /home/rivalmsr/Documents/rdeveloper/laravel/ecommerce-adminLTE/vendor/laravel/framework/src/Illuminate/Pipeline/Pipeline.php(163): Illuminate\\Cookie\\Middleware\\AddQueuedCookiesToResponse->handle(Object(Illuminate\\Http\\Request), Object(Closure))
#37 /home/rivalmsr/Documents/rdeveloper/laravel/ecommerce-adminLTE/vendor/laravel/framework/src/Illuminate/Routing/Pipeline.php(53): Illuminate\\Pipeline\\Pipeline->Illuminate\\Pipeline\\{closure}(Object(Illuminate\\Http\\Request))
#38 /home/rivalmsr/Documents/rdeveloper/laravel/ecommerce-adminLTE/vendor/laravel/framework/src/Illuminate/Cookie/Middleware/EncryptCookies.php(66): Illuminate\\Routing\\Pipeline->Illuminate\\Routing\\{closure}(Object(Illuminate\\Http\\Request))
#39 /home/rivalmsr/Documents/rdeveloper/laravel/ecommerce-adminLTE/vendor/laravel/framework/src/Illuminate/Pipeline/Pipeline.php(163): Illuminate\\Cookie\\Middleware\\EncryptCookies->handle(Object(Illuminate\\Http\\Request), Object(Closure))
#40 /home/rivalmsr/Documents/rdeveloper/laravel/ecommerce-adminLTE/vendor/laravel/framework/src/Illuminate/Routing/Pipeline.php(53): Illuminate\\Pipeline\\Pipeline->Illuminate\\Pipeline\\{closure}(Object(Illuminate\\Http\\Request))
#41 /home/rivalmsr/Documents/rdeveloper/laravel/ecommerce-adminLTE/vendor/laravel/framework/src/Illuminate/Pipeline/Pipeline.php(104): Illuminate\\Routing\\Pipeline->Illuminate\\Routing\\{closure}(Object(Illuminate\\Http\\Request))
#42 /home/rivalmsr/Documents/rdeveloper/laravel/ecommerce-adminLTE/vendor/laravel/framework/src/Illuminate/Routing/Router.php(682): Illuminate\\Pipeline\\Pipeline->then(Object(Closure))
#43 /home/rivalmsr/Documents/rdeveloper/laravel/ecommerce-adminLTE/vendor/laravel/framework/src/Illuminate/Routing/Router.php(657): Illuminate\\Routing\\Router->runRouteWithinStack(Object(Illuminate\\Routing\\Route), Object(Illuminate\\Http\\Request))
#44 /home/rivalmsr/Documents/rdeveloper/laravel/ecommerce-adminLTE/vendor/laravel/framework/src/Illuminate/Routing/Router.php(623): Illuminate\\Routing\\Router->runRoute(Object(Illuminate\\Http\\Request), Object(Illuminate\\Routing\\Route))
#45 /home/rivalmsr/Documents/rdeveloper/laravel/ecommerce-adminLTE/vendor/laravel/framework/src/Illuminate/Routing/Router.php(612): Illuminate\\Routing\\Router->dispatchToRoute(Object(Illuminate\\Http\\Request))
#46 /home/rivalmsr/Documents/rdeveloper/laravel/ecommerce-adminLTE/vendor/laravel/framework/src/Illuminate/Foundation/Http/Kernel.php(176): Illuminate\\Routing\\Router->dispatch(Object(Illuminate\\Http\\Request))
#47 /home/rivalmsr/Documents/rdeveloper/laravel/ecommerce-adminLTE/vendor/laravel/framework/src/Illuminate/Routing/Pipeline.php(30): Illuminate\\Foundation\\Http\\Kernel->Illuminate\\Foundation\\Http\\{closure}(Object(Illuminate\\Http\\Request))
#48 /home/rivalmsr/Documents/rdeveloper/laravel/ecommerce-adminLTE/vendor/fideloper/proxy/src/TrustProxies.php(57): Illuminate\\Routing\\Pipeline->Illuminate\\Routing\\{closure}(Object(Illuminate\\Http\\Request))
#49 /home/rivalmsr/Documents/rdeveloper/laravel/ecommerce-adminLTE/vendor/laravel/framework/src/Illuminate/Pipeline/Pipeline.php(163): Fideloper\\Proxy\\TrustProxies->handle(Object(Illuminate\\Http\\Request), Object(Closure))
#50 /home/rivalmsr/Documents/rdeveloper/laravel/ecommerce-adminLTE/vendor/laravel/framework/src/Illuminate/Routing/Pipeline.php(53): Illuminate\\Pipeline\\Pipeline->Illuminate\\Pipeline\\{closure}(Object(Illuminate\\Http\\Request))
#51 /home/rivalmsr/Documents/rdeveloper/laravel/ecommerce-adminLTE/vendor/laravel/framework/src/Illuminate/Foundation/Http/Middleware/TransformsRequest.php(21): Illuminate\\Routing\\Pipeline->Illuminate\\Routing\\{closure}(Object(Illuminate\\Http\\Request))
#52 /home/rivalmsr/Documents/rdeveloper/laravel/ecommerce-adminLTE/vendor/laravel/framework/src/Illuminate/Pipeline/Pipeline.php(163): Illuminate\\Foundation\\Http\\Middleware\\TransformsRequest->handle(Object(Illuminate\\Http\\Request), Object(Closure))
#53 /home/rivalmsr/Documents/rdeveloper/laravel/ecommerce-adminLTE/vendor/laravel/framework/src/Illuminate/Routing/Pipeline.php(53): Illuminate\\Pipeline\\Pipeline->Illuminate\\Pipeline\\{closure}(Object(Illuminate\\Http\\Request))
#54 /home/rivalmsr/Documents/rdeveloper/laravel/ecommerce-adminLTE/vendor/laravel/framework/src/Illuminate/Foundation/Http/Middleware/TransformsRequest.php(21): Illuminate\\Routing\\Pipeline->Illuminate\\Routing\\{closure}(Object(Illuminate\\Http\\Request))
#55 /home/rivalmsr/Documents/rdeveloper/laravel/ecommerce-adminLTE/vendor/laravel/framework/src/Illuminate/Pipeline/Pipeline.php(163): Illuminate\\Foundation\\Http\\Middleware\\TransformsRequest->handle(Object(Illuminate\\Http\\Request), Object(Closure))
#56 /home/rivalmsr/Documents/rdeveloper/laravel/ecommerce-adminLTE/vendor/laravel/framework/src/Illuminate/Routing/Pipeline.php(53): Illuminate\\Pipeline\\Pipeline->Illuminate\\Pipeline\\{closure}(Object(Illuminate\\Http\\Request))
#57 /home/rivalmsr/Documents/rdeveloper/laravel/ecommerce-adminLTE/vendor/laravel/framework/src/Illuminate/Foundation/Http/Middleware/ValidatePostSize.php(27): Illuminate\\Routing\\Pipeline->Illuminate\\Routing\\{closure}(Object(Illuminate\\Http\\Request))
#58 /home/rivalmsr/Documents/rdeveloper/laravel/ecommerce-adminLTE/vendor/laravel/framework/src/Illuminate/Pipeline/Pipeline.php(163): Illuminate\\Foundation\\Http\\Middleware\\ValidatePostSize->handle(Object(Illuminate\\Http\\Request), Object(Closure))
#59 /home/rivalmsr/Documents/rdeveloper/laravel/ecommerce-adminLTE/vendor/laravel/framework/src/Illuminate/Routing/Pipeline.php(53): Illuminate\\Pipeline\\Pipeline->Illuminate\\Pipeline\\{closure}(Object(Illuminate\\Http\\Request))
#60 /home/rivalmsr/Documents/rdeveloper/laravel/ecommerce-adminLTE/vendor/laravel/framework/src/Illuminate/Foundation/Http/Middleware/CheckForMaintenanceMode.php(62): Illuminate\\Routing\\Pipeline->Illuminate\\Routing\\{closure}(Object(Illuminate\\Http\\Request))
#61 /home/rivalmsr/Documents/rdeveloper/laravel/ecommerce-adminLTE/vendor/laravel/framework/src/Illuminate/Pipeline/Pipeline.php(163): Illuminate\\Foundation\\Http\\Middleware\\CheckForMaintenanceMode->handle(Object(Illuminate\\Http\\Request), Object(Closure))
#62 /home/rivalmsr/Documents/rdeveloper/laravel/ecommerce-adminLTE/vendor/laravel/framework/src/Illuminate/Routing/Pipeline.php(53): Illuminate\\Pipeline\\Pipeline->Illuminate\\Pipeline\\{closure}(Object(Illuminate\\Http\\Request))
#63 /home/rivalmsr/Documents/rdeveloper/laravel/ecommerce-adminLTE/vendor/laravel/framework/src/Illuminate/Pipeline/Pipeline.php(104): Illuminate\\Routing\\Pipeline->Illuminate\\Routing\\{closure}(Object(Illuminate\\Http\\Request))
#64 /home/rivalmsr/Documents/rdeveloper/laravel/ecommerce-adminLTE/vendor/laravel/framework/src/Illuminate/Foundation/Http/Kernel.php(151): Illuminate\\Pipeline\\Pipeline->then(Object(Closure))
#65 /home/rivalmsr/Documents/rdeveloper/laravel/ecommerce-adminLTE/vendor/laravel/framework/src/Illuminate/Foundation/Http/Kernel.php(116): Illuminate\\Foundation\\Http\\Kernel->sendRequestThroughRouter(Object(Illuminate\\Http\\Request))
#66 /home/rivalmsr/Documents/rdeveloper/laravel/ecommerce-adminLTE/public/index.php(55): Illuminate\\Foundation\\Http\\Kernel->handle(Object(Illuminate\\Http\\Request))
#67 /home/rivalmsr/Documents/rdeveloper/laravel/ecommerce-adminLTE/server.php(21): require_once('/home/rivalmsr/...')
#68 {main}
"} 
[2019-05-10 15:23:10] local.ERROR: syntax error, unexpected 'id' (T_STRING), expecting ',' or ')' (View: /home/rivalmsr/Documents/rdeveloper/laravel/ecommerce-adminLTE/resources/views/products/index.blade.php) {"userId":1,"exception":"[object] (ErrorException(code: 0): syntax error, unexpected 'id' (T_STRING), expecting ',' or ')' (View: /home/rivalmsr/Documents/rdeveloper/laravel/ecommerce-adminLTE/resources/views/products/index.blade.php) at /home/rivalmsr/Documents/rdeveloper/laravel/ecommerce-adminLTE/storage/framework/views/446fffe03d9784d228242d521699438e4d791728.php:18, Symfony\\Component\\Debug\\Exception\\FatalThrowableError(code: 0): syntax error, unexpected 'id' (T_STRING), expecting ',' or ')' at /home/rivalmsr/Documents/rdeveloper/laravel/ecommerce-adminLTE/storage/framework/views/446fffe03d9784d228242d521699438e4d791728.php:18)
[stacktrace]
#0 /home/rivalmsr/Documents/rdeveloper/laravel/ecommerce-adminLTE/vendor/laravel/framework/src/Illuminate/View/Engines/PhpEngine.php(47): Illuminate\\View\\Engines\\CompilerEngine->handleViewException(Object(Symfony\\Component\\Debug\\Exception\\FatalThrowableError), 1)
#1 /home/rivalmsr/Documents/rdeveloper/laravel/ecommerce-adminLTE/vendor/laravel/framework/src/Illuminate/View/Engines/CompilerEngine.php(59): Illuminate\\View\\Engines\\PhpEngine->evaluatePath('/home/rivalmsr/...', Array)
#2 /home/rivalmsr/Documents/rdeveloper/laravel/ecommerce-adminLTE/vendor/laravel/framework/src/Illuminate/View/View.php(142): Illuminate\\View\\Engines\\CompilerEngine->get('/home/rivalmsr/...', Array)
#3 /home/rivalmsr/Documents/rdeveloper/laravel/ecommerce-adminLTE/vendor/laravel/framework/src/Illuminate/View/View.php(125): Illuminate\\View\\View->getContents()
#4 /home/rivalmsr/Documents/rdeveloper/laravel/ecommerce-adminLTE/vendor/laravel/framework/src/Illuminate/View/View.php(90): Illuminate\\View\\View->renderContents()
#5 /home/rivalmsr/Documents/rdeveloper/laravel/ecommerce-adminLTE/vendor/laravel/framework/src/Illuminate/Http/Response.php(42): Illuminate\\View\\View->render()
#6 /home/rivalmsr/Documents/rdeveloper/laravel/ecommerce-adminLTE/vendor/symfony/http-foundation/Response.php(202): Illuminate\\Http\\Response->setContent(Object(Illuminate\\View\\View))
#7 /home/rivalmsr/Documents/rdeveloper/laravel/ecommerce-adminLTE/vendor/laravel/framework/src/Illuminate/Routing/Router.php(748): Symfony\\Component\\HttpFoundation\\Response->__construct(Object(Illuminate\\View\\View))
#8 /home/rivalmsr/Documents/rdeveloper/laravel/ecommerce-adminLTE/vendor/laravel/framework/src/Illuminate/Routing/Router.php(720): Illuminate\\Routing\\Router::toResponse(Object(Illuminate\\Http\\Request), Object(Illuminate\\View\\View))
#9 /home/rivalmsr/Documents/rdeveloper/laravel/ecommerce-adminLTE/vendor/laravel/framework/src/Illuminate/Routing/Router.php(680): Illuminate\\Routing\\Router->prepareResponse(Object(Illuminate\\Http\\Request), Object(Illuminate\\View\\View))
#10 /home/rivalmsr/Documents/rdeveloper/laravel/ecommerce-adminLTE/vendor/laravel/framework/src/Illuminate/Routing/Pipeline.php(30): Illuminate\\Routing\\Router->Illuminate\\Routing\\{closure}(Object(Illuminate\\Http\\Request))
#11 /home/rivalmsr/Documents/rdeveloper/laravel/ecommerce-adminLTE/vendor/laravel/framework/src/Illuminate/Routing/Middleware/SubstituteBindings.php(41): Illuminate\\Routing\\Pipeline->Illuminate\\Routing\\{closure}(Object(Illuminate\\Http\\Request))
#12 /home/rivalmsr/Documents/rdeveloper/laravel/ecommerce-adminLTE/vendor/laravel/framework/src/Illuminate/Pipeline/Pipeline.php(163): Illuminate\\Routing\\Middleware\\SubstituteBindings->handle(Object(Illuminate\\Http\\Request), Object(Closure))
#13 /home/rivalmsr/Documents/rdeveloper/laravel/ecommerce-adminLTE/vendor/laravel/framework/src/Illuminate/Routing/Pipeline.php(53): Illuminate\\Pipeline\\Pipeline->Illuminate\\Pipeline\\{closure}(Object(Illuminate\\Http\\Request))
#14 /home/rivalmsr/Documents/rdeveloper/laravel/ecommerce-adminLTE/vendor/laravel/framework/src/Illuminate/Foundation/Http/Middleware/VerifyCsrfToken.php(75): Illuminate\\Routing\\Pipeline->Illuminate\\Routing\\{closure}(Object(Illuminate\\Http\\Request))
#15 /home/rivalmsr/Documents/rdeveloper/laravel/ecommerce-adminLTE/vendor/laravel/framework/src/Illuminate/Pipeline/Pipeline.php(163): Illuminate\\Foundation\\Http\\Middleware\\VerifyCsrfToken->handle(Object(Illuminate\\Http\\Request), Object(Closure))
#16 /home/rivalmsr/Documents/rdeveloper/laravel/ecommerce-adminLTE/vendor/laravel/framework/src/Illuminate/Routing/Pipeline.php(53): Illuminate\\Pipeline\\Pipeline->Illuminate\\Pipeline\\{closure}(Object(Illuminate\\Http\\Request))
#17 /home/rivalmsr/Documents/rdeveloper/laravel/ecommerce-adminLTE/vendor/laravel/framework/src/Illuminate/View/Middleware/ShareErrorsFromSession.php(49): Illuminate\\Routing\\Pipeline->Illuminate\\Routing\\{closure}(Object(Illuminate\\Http\\Request))
#18 /home/rivalmsr/Documents/rdeveloper/laravel/ecommerce-adminLTE/vendor/laravel/framework/src/Illuminate/Pipeline/Pipeline.php(163): Illuminate\\View\\Middleware\\ShareErrorsFromSession->handle(Object(Illuminate\\Http\\Request), Object(Closure))
#19 /home/rivalmsr/Documents/rdeveloper/laravel/ecommerce-adminLTE/vendor/laravel/framework/src/Illuminate/Routing/Pipeline.php(53): Illuminate\\Pipeline\\Pipeline->Illuminate\\Pipeline\\{closure}(Object(Illuminate\\Http\\Request))
#20 /home/rivalmsr/Documents/rdeveloper/laravel/ecommerce-adminLTE/vendor/laravel/framework/src/Illuminate/Session/Middleware/StartSession.php(59): Illuminate\\Routing\\Pipeline->Illuminate\\Routing\\{closure}(Object(Illuminate\\Http\\Request))
#21 /home/rivalmsr/Documents/rdeveloper/laravel/ecommerce-adminLTE/vendor/laravel/framework/src/Illuminate/Pipeline/Pipeline.php(163): Illuminate\\Session\\Middleware\\StartSession->handle(Object(Illuminate\\Http\\Request), Object(Closure))
#22 /home/rivalmsr/Documents/rdeveloper/laravel/ecommerce-adminLTE/vendor/laravel/framework/src/Illuminate/Routing/Pipeline.php(53): Illuminate\\Pipeline\\Pipeline->Illuminate\\Pipeline\\{closure}(Object(Illuminate\\Http\\Request))
#23 /home/rivalmsr/Documents/rdeveloper/laravel/ecommerce-adminLTE/vendor/laravel/framework/src/Illuminate/Cookie/Middleware/AddQueuedCookiesToResponse.php(37): Illuminate\\Routing\\Pipeline->Illuminate\\Routing\\{closure}(Object(Illuminate\\Http\\Request))
#24 /home/rivalmsr/Documents/rdeveloper/laravel/ecommerce-adminLTE/vendor/laravel/framework/src/Illuminate/Pipeline/Pipeline.php(163): Illuminate\\Cookie\\Middleware\\AddQueuedCookiesToResponse->handle(Object(Illuminate\\Http\\Request), Object(Closure))
#25 /home/rivalmsr/Documents/rdeveloper/laravel/ecommerce-adminLTE/vendor/laravel/framework/src/Illuminate/Routing/Pipeline.php(53): Illuminate\\Pipeline\\Pipeline->Illuminate\\Pipeline\\{closure}(Object(Illuminate\\Http\\Request))
#26 /home/rivalmsr/Documents/rdeveloper/laravel/ecommerce-adminLTE/vendor/laravel/framework/src/Illuminate/Cookie/Middleware/EncryptCookies.php(66): Illuminate\\Routing\\Pipeline->Illuminate\\Routing\\{closure}(Object(Illuminate\\Http\\Request))
#27 /home/rivalmsr/Documents/rdeveloper/laravel/ecommerce-adminLTE/vendor/laravel/framework/src/Illuminate/Pipeline/Pipeline.php(163): Illuminate\\Cookie\\Middleware\\EncryptCookies->handle(Object(Illuminate\\Http\\Request), Object(Closure))
#28 /home/rivalmsr/Documents/rdeveloper/laravel/ecommerce-adminLTE/vendor/laravel/framework/src/Illuminate/Routing/Pipeline.php(53): Illuminate\\Pipeline\\Pipeline->Illuminate\\Pipeline\\{closure}(Object(Illuminate\\Http\\Request))
#29 /home/rivalmsr/Documents/rdeveloper/laravel/ecommerce-adminLTE/vendor/laravel/framework/src/Illuminate/Pipeline/Pipeline.php(104): Illuminate\\Routing\\Pipeline->Illuminate\\Routing\\{closure}(Object(Illuminate\\Http\\Request))
#30 /home/rivalmsr/Documents/rdeveloper/laravel/ecommerce-adminLTE/vendor/laravel/framework/src/Illuminate/Routing/Router.php(682): Illuminate\\Pipeline\\Pipeline->then(Object(Closure))
#31 /home/rivalmsr/Documents/rdeveloper/laravel/ecommerce-adminLTE/vendor/laravel/framework/src/Illuminate/Routing/Router.php(657): Illuminate\\Routing\\Router->runRouteWithinStack(Object(Illuminate\\Routing\\Route), Object(Illuminate\\Http\\Request))
#32 /home/rivalmsr/Documents/rdeveloper/laravel/ecommerce-adminLTE/vendor/laravel/framework/src/Illuminate/Routing/Router.php(623): Illuminate\\Routing\\Router->runRoute(Object(Illuminate\\Http\\Request), Object(Illuminate\\Routing\\Route))
#33 /home/rivalmsr/Documents/rdeveloper/laravel/ecommerce-adminLTE/vendor/laravel/framework/src/Illuminate/Routing/Router.php(612): Illuminate\\Routing\\Router->dispatchToRoute(Object(Illuminate\\Http\\Request))
#34 /home/rivalmsr/Documents/rdeveloper/laravel/ecommerce-adminLTE/vendor/laravel/framework/src/Illuminate/Foundation/Http/Kernel.php(176): Illuminate\\Routing\\Router->dispatch(Object(Illuminate\\Http\\Request))
#35 /home/rivalmsr/Documents/rdeveloper/laravel/ecommerce-adminLTE/vendor/laravel/framework/src/Illuminate/Routing/Pipeline.php(30): Illuminate\\Foundation\\Http\\Kernel->Illuminate\\Foundation\\Http\\{closure}(Object(Illuminate\\Http\\Request))
#36 /home/rivalmsr/Documents/rdeveloper/laravel/ecommerce-adminLTE/vendor/fideloper/proxy/src/TrustProxies.php(57): Illuminate\\Routing\\Pipeline->Illuminate\\Routing\\{closure}(Object(Illuminate\\Http\\Request))
#37 /home/rivalmsr/Documents/rdeveloper/laravel/ecommerce-adminLTE/vendor/laravel/framework/src/Illuminate/Pipeline/Pipeline.php(163): Fideloper\\Proxy\\TrustProxies->handle(Object(Illuminate\\Http\\Request), Object(Closure))
#38 /home/rivalmsr/Documents/rdeveloper/laravel/ecommerce-adminLTE/vendor/laravel/framework/src/Illuminate/Routing/Pipeline.php(53): Illuminate\\Pipeline\\Pipeline->Illuminate\\Pipeline\\{closure}(Object(Illuminate\\Http\\Request))
#39 /home/rivalmsr/Documents/rdeveloper/laravel/ecommerce-adminLTE/vendor/laravel/framework/src/Illuminate/Foundation/Http/Middleware/TransformsRequest.php(21): Illuminate\\Routing\\Pipeline->Illuminate\\Routing\\{closure}(Object(Illuminate\\Http\\Request))
#40 /home/rivalmsr/Documents/rdeveloper/laravel/ecommerce-adminLTE/vendor/laravel/framework/src/Illuminate/Pipeline/Pipeline.php(163): Illuminate\\Foundation\\Http\\Middleware\\TransformsRequest->handle(Object(Illuminate\\Http\\Request), Object(Closure))
#41 /home/rivalmsr/Documents/rdeveloper/laravel/ecommerce-adminLTE/vendor/laravel/framework/src/Illuminate/Routing/Pipeline.php(53): Illuminate\\Pipeline\\Pipeline->Illuminate\\Pipeline\\{closure}(Object(Illuminate\\Http\\Request))
#42 /home/rivalmsr/Documents/rdeveloper/laravel/ecommerce-adminLTE/vendor/laravel/framework/src/Illuminate/Foundation/Http/Middleware/TransformsRequest.php(21): Illuminate\\Routing\\Pipeline->Illuminate\\Routing\\{closure}(Object(Illuminate\\Http\\Request))
#43 /home/rivalmsr/Documents/rdeveloper/laravel/ecommerce-adminLTE/vendor/laravel/framework/src/Illuminate/Pipeline/Pipeline.php(163): Illuminate\\Foundation\\Http\\Middleware\\TransformsRequest->handle(Object(Illuminate\\Http\\Request), Object(Closure))
#44 /home/rivalmsr/Documents/rdeveloper/laravel/ecommerce-adminLTE/vendor/laravel/framework/src/Illuminate/Routing/Pipeline.php(53): Illuminate\\Pipeline\\Pipeline->Illuminate\\Pipeline\\{closure}(Object(Illuminate\\Http\\Request))
#45 /home/rivalmsr/Documents/rdeveloper/laravel/ecommerce-adminLTE/vendor/laravel/framework/src/Illuminate/Foundation/Http/Middleware/ValidatePostSize.php(27): Illuminate\\Routing\\Pipeline->Illuminate\\Routing\\{closure}(Object(Illuminate\\Http\\Request))
#46 /home/rivalmsr/Documents/rdeveloper/laravel/ecommerce-adminLTE/vendor/laravel/framework/src/Illuminate/Pipeline/Pipeline.php(163): Illuminate\\Foundation\\Http\\Middleware\\ValidatePostSize->handle(Object(Illuminate\\Http\\Request), Object(Closure))
#47 /home/rivalmsr/Documents/rdeveloper/laravel/ecommerce-adminLTE/vendor/laravel/framework/src/Illuminate/Routing/Pipeline.php(53): Illuminate\\Pipeline\\Pipeline->Illuminate\\Pipeline\\{closure}(Object(Illuminate\\Http\\Request))
#48 /home/rivalmsr/Documents/rdeveloper/laravel/ecommerce-adminLTE/vendor/laravel/framework/src/Illuminate/Foundation/Http/Middleware/CheckForMaintenanceMode.php(62): Illuminate\\Routing\\Pipeline->Illuminate\\Routing\\{closure}(Object(Illuminate\\Http\\Request))
#49 /home/rivalmsr/Documents/rdeveloper/laravel/ecommerce-adminLTE/vendor/laravel/framework/src/Illuminate/Pipeline/Pipeline.php(163): Illuminate\\Foundation\\Http\\Middleware\\CheckForMaintenanceMode->handle(Object(Illuminate\\Http\\Request), Object(Closure))
#50 /home/rivalmsr/Documents/rdeveloper/laravel/ecommerce-adminLTE/vendor/laravel/framework/src/Illuminate/Routing/Pipeline.php(53): Illuminate\\Pipeline\\Pipeline->Illuminate\\Pipeline\\{closure}(Object(Illuminate\\Http\\Request))
#51 /home/rivalmsr/Documents/rdeveloper/laravel/ecommerce-adminLTE/vendor/laravel/framework/src/Illuminate/Pipeline/Pipeline.php(104): Illuminate\\Routing\\Pipeline->Illuminate\\Routing\\{closure}(Object(Illuminate\\Http\\Request))
#52 /home/rivalmsr/Documents/rdeveloper/laravel/ecommerce-adminLTE/vendor/laravel/framework/src/Illuminate/Foundation/Http/Kernel.php(151): Illuminate\\Pipeline\\Pipeline->then(Object(Closure))
#53 /home/rivalmsr/Documents/rdeveloper/laravel/ecommerce-adminLTE/vendor/laravel/framework/src/Illuminate/Foundation/Http/Kernel.php(116): Illuminate\\Foundation\\Http\\Kernel->sendRequestThroughRouter(Object(Illuminate\\Http\\Request))
#54 /home/rivalmsr/Documents/rdeveloper/laravel/ecommerce-adminLTE/public/index.php(55): Illuminate\\Foundation\\Http\\Kernel->handle(Object(Illuminate\\Http\\Request))
#55 /home/rivalmsr/Documents/rdeveloper/laravel/ecommerce-adminLTE/server.php(21): require_once('/home/rivalmsr/...')
#56 {main}
"} 
[2019-05-10 15:30:43] local.ERROR: Undefined variable: cart {"userId":1,"exception":"[object] (ErrorException(code: 0): Undefined variable: cart at /home/rivalmsr/Documents/rdeveloper/laravel/ecommerce-adminLTE/app/Http/Controllers/CartController.php:127)
[stacktrace]
#0 /home/rivalmsr/Documents/rdeveloper/laravel/ecommerce-adminLTE/app/Http/Controllers/CartController.php(127): Illuminate\\Foundation\\Bootstrap\\HandleExceptions->handleError(8, 'Undefined varia...', '/home/rivalmsr/...', 127, Array)
#1 [internal function]: App\\Http\\Controllers\\CartController->remove(Object(Illuminate\\Http\\Request))
#2 /home/rivalmsr/Documents/rdeveloper/laravel/ecommerce-adminLTE/vendor/laravel/framework/src/Illuminate/Routing/Controller.php(54): call_user_func_array(Array, Array)
#3 /home/rivalmsr/Documents/rdeveloper/laravel/ecommerce-adminLTE/vendor/laravel/framework/src/Illuminate/Routing/ControllerDispatcher.php(45): Illuminate\\Routing\\Controller->callAction('remove', Array)
#4 /home/rivalmsr/Documents/rdeveloper/laravel/ecommerce-adminLTE/vendor/laravel/framework/src/Illuminate/Routing/Route.php(219): Illuminate\\Routing\\ControllerDispatcher->dispatch(Object(Illuminate\\Routing\\Route), Object(App\\Http\\Controllers\\CartController), 'remove')
#5 /home/rivalmsr/Documents/rdeveloper/laravel/ecommerce-adminLTE/vendor/laravel/framework/src/Illuminate/Routing/Route.php(176): Illuminate\\Routing\\Route->runController()
#6 /home/rivalmsr/Documents/rdeveloper/laravel/ecommerce-adminLTE/vendor/laravel/framework/src/Illuminate/Routing/Router.php(680): Illuminate\\Routing\\Route->run()
#7 /home/rivalmsr/Documents/rdeveloper/laravel/ecommerce-adminLTE/vendor/laravel/framework/src/Illuminate/Routing/Pipeline.php(30): Illuminate\\Routing\\Router->Illuminate\\Routing\\{closure}(Object(Illuminate\\Http\\Request))
#8 /home/rivalmsr/Documents/rdeveloper/laravel/ecommerce-adminLTE/vendor/laravel/framework/src/Illuminate/Routing/Middleware/SubstituteBindings.php(41): Illuminate\\Routing\\Pipeline->Illuminate\\Routing\\{closure}(Object(Illuminate\\Http\\Request))
#9 /home/rivalmsr/Documents/rdeveloper/laravel/ecommerce-adminLTE/vendor/laravel/framework/src/Illuminate/Pipeline/Pipeline.php(163): Illuminate\\Routing\\Middleware\\SubstituteBindings->handle(Object(Illuminate\\Http\\Request), Object(Closure))
#10 /home/rivalmsr/Documents/rdeveloper/laravel/ecommerce-adminLTE/vendor/laravel/framework/src/Illuminate/Routing/Pipeline.php(53): Illuminate\\Pipeline\\Pipeline->Illuminate\\Pipeline\\{closure}(Object(Illuminate\\Http\\Request))
#11 /home/rivalmsr/Documents/rdeveloper/laravel/ecommerce-adminLTE/vendor/laravel/framework/src/Illuminate/Foundation/Http/Middleware/VerifyCsrfToken.php(75): Illuminate\\Routing\\Pipeline->Illuminate\\Routing\\{closure}(Object(Illuminate\\Http\\Request))
#12 /home/rivalmsr/Documents/rdeveloper/laravel/ecommerce-adminLTE/vendor/laravel/framework/src/Illuminate/Pipeline/Pipeline.php(163): Illuminate\\Foundation\\Http\\Middleware\\VerifyCsrfToken->handle(Object(Illuminate\\Http\\Request), Object(Closure))
#13 /home/rivalmsr/Documents/rdeveloper/laravel/ecommerce-adminLTE/vendor/laravel/framework/src/Illuminate/Routing/Pipeline.php(53): Illuminate\\Pipeline\\Pipeline->Illuminate\\Pipeline\\{closure}(Object(Illuminate\\Http\\Request))
#14 /home/rivalmsr/Documents/rdeveloper/laravel/ecommerce-adminLTE/vendor/laravel/framework/src/Illuminate/View/Middleware/ShareErrorsFromSession.php(49): Illuminate\\Routing\\Pipeline->Illuminate\\Routing\\{closure}(Object(Illuminate\\Http\\Request))
#15 /home/rivalmsr/Documents/rdeveloper/laravel/ecommerce-adminLTE/vendor/laravel/framework/src/Illuminate/Pipeline/Pipeline.php(163): Illuminate\\View\\Middleware\\ShareErrorsFromSession->handle(Object(Illuminate\\Http\\Request), Object(Closure))
#16 /home/rivalmsr/Documents/rdeveloper/laravel/ecommerce-adminLTE/vendor/laravel/framework/src/Illuminate/Routing/Pipeline.php(53): Illuminate\\Pipeline\\Pipeline->Illuminate\\Pipeline\\{closure}(Object(Illuminate\\Http\\Request))
#17 /home/rivalmsr/Documents/rdeveloper/laravel/ecommerce-adminLTE/vendor/laravel/framework/src/Illuminate/Session/Middleware/StartSession.php(59): Illuminate\\Routing\\Pipeline->Illuminate\\Routing\\{closure}(Object(Illuminate\\Http\\Request))
#18 /home/rivalmsr/Documents/rdeveloper/laravel/ecommerce-adminLTE/vendor/laravel/framework/src/Illuminate/Pipeline/Pipeline.php(163): Illuminate\\Session\\Middleware\\StartSession->handle(Object(Illuminate\\Http\\Request), Object(Closure))
#19 /home/rivalmsr/Documents/rdeveloper/laravel/ecommerce-adminLTE/vendor/laravel/framework/src/Illuminate/Routing/Pipeline.php(53): Illuminate\\Pipeline\\Pipeline->Illuminate\\Pipeline\\{closure}(Object(Illuminate\\Http\\Request))
#20 /home/rivalmsr/Documents/rdeveloper/laravel/ecommerce-adminLTE/vendor/laravel/framework/src/Illuminate/Cookie/Middleware/AddQueuedCookiesToResponse.php(37): Illuminate\\Routing\\Pipeline->Illuminate\\Routing\\{closure}(Object(Illuminate\\Http\\Request))
#21 /home/rivalmsr/Documents/rdeveloper/laravel/ecommerce-adminLTE/vendor/laravel/framework/src/Illuminate/Pipeline/Pipeline.php(163): Illuminate\\Cookie\\Middleware\\AddQueuedCookiesToResponse->handle(Object(Illuminate\\Http\\Request), Object(Closure))
#22 /home/rivalmsr/Documents/rdeveloper/laravel/ecommerce-adminLTE/vendor/laravel/framework/src/Illuminate/Routing/Pipeline.php(53): Illuminate\\Pipeline\\Pipeline->Illuminate\\Pipeline\\{closure}(Object(Illuminate\\Http\\Request))
#23 /home/rivalmsr/Documents/rdeveloper/laravel/ecommerce-adminLTE/vendor/laravel/framework/src/Illuminate/Cookie/Middleware/EncryptCookies.php(66): Illuminate\\Routing\\Pipeline->Illuminate\\Routing\\{closure}(Object(Illuminate\\Http\\Request))
#24 /home/rivalmsr/Documents/rdeveloper/laravel/ecommerce-adminLTE/vendor/laravel/framework/src/Illuminate/Pipeline/Pipeline.php(163): Illuminate\\Cookie\\Middleware\\EncryptCookies->handle(Object(Illuminate\\Http\\Request), Object(Closure))
#25 /home/rivalmsr/Documents/rdeveloper/laravel/ecommerce-adminLTE/vendor/laravel/framework/src/Illuminate/Routing/Pipeline.php(53): Illuminate\\Pipeline\\Pipeline->Illuminate\\Pipeline\\{closure}(Object(Illuminate\\Http\\Request))
#26 /home/rivalmsr/Documents/rdeveloper/laravel/ecommerce-adminLTE/vendor/laravel/framework/src/Illuminate/Pipeline/Pipeline.php(104): Illuminate\\Routing\\Pipeline->Illuminate\\Routing\\{closure}(Object(Illuminate\\Http\\Request))
#27 /home/rivalmsr/Documents/rdeveloper/laravel/ecommerce-adminLTE/vendor/laravel/framework/src/Illuminate/Routing/Router.php(682): Illuminate\\Pipeline\\Pipeline->then(Object(Closure))
#28 /home/rivalmsr/Documents/rdeveloper/laravel/ecommerce-adminLTE/vendor/laravel/framework/src/Illuminate/Routing/Router.php(657): Illuminate\\Routing\\Router->runRouteWithinStack(Object(Illuminate\\Routing\\Route), Object(Illuminate\\Http\\Request))
#29 /home/rivalmsr/Documents/rdeveloper/laravel/ecommerce-adminLTE/vendor/laravel/framework/src/Illuminate/Routing/Router.php(623): Illuminate\\Routing\\Router->runRoute(Object(Illuminate\\Http\\Request), Object(Illuminate\\Routing\\Route))
#30 /home/rivalmsr/Documents/rdeveloper/laravel/ecommerce-adminLTE/vendor/laravel/framework/src/Illuminate/Routing/Router.php(612): Illuminate\\Routing\\Router->dispatchToRoute(Object(Illuminate\\Http\\Request))
#31 /home/rivalmsr/Documents/rdeveloper/laravel/ecommerce-adminLTE/vendor/laravel/framework/src/Illuminate/Foundation/Http/Kernel.php(176): Illuminate\\Routing\\Router->dispatch(Object(Illuminate\\Http\\Request))
#32 /home/rivalmsr/Documents/rdeveloper/laravel/ecommerce-adminLTE/vendor/laravel/framework/src/Illuminate/Routing/Pipeline.php(30): Illuminate\\Foundation\\Http\\Kernel->Illuminate\\Foundation\\Http\\{closure}(Object(Illuminate\\Http\\Request))
#33 /home/rivalmsr/Documents/rdeveloper/laravel/ecommerce-adminLTE/vendor/fideloper/proxy/src/TrustProxies.php(57): Illuminate\\Routing\\Pipeline->Illuminate\\Routing\\{closure}(Object(Illuminate\\Http\\Request))
#34 /home/rivalmsr/Documents/rdeveloper/laravel/ecommerce-adminLTE/vendor/laravel/framework/src/Illuminate/Pipeline/Pipeline.php(163): Fideloper\\Proxy\\TrustProxies->handle(Object(Illuminate\\Http\\Request), Object(Closure))
#35 /home/rivalmsr/Documents/rdeveloper/laravel/ecommerce-adminLTE/vendor/laravel/framework/src/Illuminate/Routing/Pipeline.php(53): Illuminate\\Pipeline\\Pipeline->Illuminate\\Pipeline\\{closure}(Object(Illuminate\\Http\\Request))
#36 /home/rivalmsr/Documents/rdeveloper/laravel/ecommerce-adminLTE/vendor/laravel/framework/src/Illuminate/Foundation/Http/Middleware/TransformsRequest.php(21): Illuminate\\Routing\\Pipeline->Illuminate\\Routing\\{closure}(Object(Illuminate\\Http\\Request))
#37 /home/rivalmsr/Documents/rdeveloper/laravel/ecommerce-adminLTE/vendor/laravel/framework/src/Illuminate/Pipeline/Pipeline.php(163): Illuminate\\Foundation\\Http\\Middleware\\TransformsRequest->handle(Object(Illuminate\\Http\\Request), Object(Closure))
#38 /home/rivalmsr/Documents/rdeveloper/laravel/ecommerce-adminLTE/vendor/laravel/framework/src/Illuminate/Routing/Pipeline.php(53): Illuminate\\Pipeline\\Pipeline->Illuminate\\Pipeline\\{closure}(Object(Illuminate\\Http\\Request))
#39 /home/rivalmsr/Documents/rdeveloper/laravel/ecommerce-adminLTE/vendor/laravel/framework/src/Illuminate/Foundation/Http/Middleware/TransformsRequest.php(21): Illuminate\\Routing\\Pipeline->Illuminate\\Routing\\{closure}(Object(Illuminate\\Http\\Request))
#40 /home/rivalmsr/Documents/rdeveloper/laravel/ecommerce-adminLTE/vendor/laravel/framework/src/Illuminate/Pipeline/Pipeline.php(163): Illuminate\\Foundation\\Http\\Middleware\\TransformsRequest->handle(Object(Illuminate\\Http\\Request), Object(Closure))
#41 /home/rivalmsr/Documents/rdeveloper/laravel/ecommerce-adminLTE/vendor/laravel/framework/src/Illuminate/Routing/Pipeline.php(53): Illuminate\\Pipeline\\Pipeline->Illuminate\\Pipeline\\{closure}(Object(Illuminate\\Http\\Request))
#42 /home/rivalmsr/Documents/rdeveloper/laravel/ecommerce-adminLTE/vendor/laravel/framework/src/Illuminate/Foundation/Http/Middleware/ValidatePostSize.php(27): Illuminate\\Routing\\Pipeline->Illuminate\\Routing\\{closure}(Object(Illuminate\\Http\\Request))
#43 /home/rivalmsr/Documents/rdeveloper/laravel/ecommerce-adminLTE/vendor/laravel/framework/src/Illuminate/Pipeline/Pipeline.php(163): Illuminate\\Foundation\\Http\\Middleware\\ValidatePostSize->handle(Object(Illuminate\\Http\\Request), Object(Closure))
#44 /home/rivalmsr/Documents/rdeveloper/laravel/ecommerce-adminLTE/vendor/laravel/framework/src/Illuminate/Routing/Pipeline.php(53): Illuminate\\Pipeline\\Pipeline->Illuminate\\Pipeline\\{closure}(Object(Illuminate\\Http\\Request))
#45 /home/rivalmsr/Documents/rdeveloper/laravel/ecommerce-adminLTE/vendor/laravel/framework/src/Illuminate/Foundation/Http/Middleware/CheckForMaintenanceMode.php(62): Illuminate\\Routing\\Pipeline->Illuminate\\Routing\\{closure}(Object(Illuminate\\Http\\Request))
#46 /home/rivalmsr/Documents/rdeveloper/laravel/ecommerce-adminLTE/vendor/laravel/framework/src/Illuminate/Pipeline/Pipeline.php(163): Illuminate\\Foundation\\Http\\Middleware\\CheckForMaintenanceMode->handle(Object(Illuminate\\Http\\Request), Object(Closure))
#47 /home/rivalmsr/Documents/rdeveloper/laravel/ecommerce-adminLTE/vendor/laravel/framework/src/Illuminate/Routing/Pipeline.php(53): Illuminate\\Pipeline\\Pipeline->Illuminate\\Pipeline\\{closure}(Object(Illuminate\\Http\\Request))
#48 /home/rivalmsr/Documents/rdeveloper/laravel/ecommerce-adminLTE/vendor/laravel/framework/src/Illuminate/Pipeline/Pipeline.php(104): Illuminate\\Routing\\Pipeline->Illuminate\\Routing\\{closure}(Object(Illuminate\\Http\\Request))
#49 /home/rivalmsr/Documents/rdeveloper/laravel/ecommerce-adminLTE/vendor/laravel/framework/src/Illuminate/Foundation/Http/Kernel.php(151): Illuminate\\Pipeline\\Pipeline->then(Object(Closure))
#50 /home/rivalmsr/Documents/rdeveloper/laravel/ecommerce-adminLTE/vendor/laravel/framework/src/Illuminate/Foundation/Http/Kernel.php(116): Illuminate\\Foundation\\Http\\Kernel->sendRequestThroughRouter(Object(Illuminate\\Http\\Request))
#51 /home/rivalmsr/Documents/rdeveloper/laravel/ecommerce-adminLTE/public/index.php(55): Illuminate\\Foundation\\Http\\Kernel->handle(Object(Illuminate\\Http\\Request))
#52 /home/rivalmsr/Documents/rdeveloper/laravel/ecommerce-adminLTE/server.php(21): require_once('/home/rivalmsr/...')
#53 {main}
"} 
[2019-05-10 15:42:45] local.ERROR: Call to undefined function rupiah() (View: /home/rivalmsr/Documents/rdeveloper/laravel/ecommerce-adminLTE/resources/views/products/index.blade.php) {"userId":1,"exception":"[object] (ErrorException(code: 0): Call to undefined function rupiah() (View: /home/rivalmsr/Documents/rdeveloper/laravel/ecommerce-adminLTE/resources/views/products/index.blade.php) at /home/rivalmsr/Documents/rdeveloper/laravel/ecommerce-adminLTE/storage/framework/views/446fffe03d9784d228242d521699438e4d791728.php:27, Symfony\\Component\\Debug\\Exception\\FatalThrowableError(code: 0): Call to undefined function rupiah() at /home/rivalmsr/Documents/rdeveloper/laravel/ecommerce-adminLTE/storage/framework/views/446fffe03d9784d228242d521699438e4d791728.php:27)
[stacktrace]
#0 /home/rivalmsr/Documents/rdeveloper/laravel/ecommerce-adminLTE/vendor/laravel/framework/src/Illuminate/View/Engines/PhpEngine.php(47): Illuminate\\View\\Engines\\CompilerEngine->handleViewException(Object(Symfony\\Component\\Debug\\Exception\\FatalThrowableError), 1)
#1 /home/rivalmsr/Documents/rdeveloper/laravel/ecommerce-adminLTE/vendor/laravel/framework/src/Illuminate/View/Engines/CompilerEngine.php(59): Illuminate\\View\\Engines\\PhpEngine->evaluatePath('/home/rivalmsr/...', Array)
#2 /home/rivalmsr/Documents/rdeveloper/laravel/ecommerce-adminLTE/vendor/laravel/framework/src/Illuminate/View/View.php(142): Illuminate\\View\\Engines\\CompilerEngine->get('/home/rivalmsr/...', Array)
#3 /home/rivalmsr/Documents/rdeveloper/laravel/ecommerce-adminLTE/vendor/laravel/framework/src/Illuminate/View/View.php(125): Illuminate\\View\\View->getContents()
#4 /home/rivalmsr/Documents/rdeveloper/laravel/ecommerce-adminLTE/vendor/laravel/framework/src/Illuminate/View/View.php(90): Illuminate\\View\\View->renderContents()
#5 /home/rivalmsr/Documents/rdeveloper/laravel/ecommerce-adminLTE/vendor/laravel/framework/src/Illuminate/Http/Response.php(42): Illuminate\\View\\View->render()
#6 /home/rivalmsr/Documents/rdeveloper/laravel/ecommerce-adminLTE/vendor/symfony/http-foundation/Response.php(202): Illuminate\\Http\\Response->setContent(Object(Illuminate\\View\\View))
#7 /home/rivalmsr/Documents/rdeveloper/laravel/ecommerce-adminLTE/vendor/laravel/framework/src/Illuminate/Routing/Router.php(748): Symfony\\Component\\HttpFoundation\\Response->__construct(Object(Illuminate\\View\\View))
#8 /home/rivalmsr/Documents/rdeveloper/laravel/ecommerce-adminLTE/vendor/laravel/framework/src/Illuminate/Routing/Router.php(720): Illuminate\\Routing\\Router::toResponse(Object(Illuminate\\Http\\Request), Object(Illuminate\\View\\View))
#9 /home/rivalmsr/Documents/rdeveloper/laravel/ecommerce-adminLTE/vendor/laravel/framework/src/Illuminate/Routing/Router.php(680): Illuminate\\Routing\\Router->prepareResponse(Object(Illuminate\\Http\\Request), Object(Illuminate\\View\\View))
#10 /home/rivalmsr/Documents/rdeveloper/laravel/ecommerce-adminLTE/vendor/laravel/framework/src/Illuminate/Routing/Pipeline.php(30): Illuminate\\Routing\\Router->Illuminate\\Routing\\{closure}(Object(Illuminate\\Http\\Request))
#11 /home/rivalmsr/Documents/rdeveloper/laravel/ecommerce-adminLTE/vendor/laravel/framework/src/Illuminate/Routing/Middleware/SubstituteBindings.php(41): Illuminate\\Routing\\Pipeline->Illuminate\\Routing\\{closure}(Object(Illuminate\\Http\\Request))
#12 /home/rivalmsr/Documents/rdeveloper/laravel/ecommerce-adminLTE/vendor/laravel/framework/src/Illuminate/Pipeline/Pipeline.php(163): Illuminate\\Routing\\Middleware\\SubstituteBindings->handle(Object(Illuminate\\Http\\Request), Object(Closure))
#13 /home/rivalmsr/Documents/rdeveloper/laravel/ecommerce-adminLTE/vendor/laravel/framework/src/Illuminate/Routing/Pipeline.php(53): Illuminate\\Pipeline\\Pipeline->Illuminate\\Pipeline\\{closure}(Object(Illuminate\\Http\\Request))
#14 /home/rivalmsr/Documents/rdeveloper/laravel/ecommerce-adminLTE/vendor/laravel/framework/src/Illuminate/Foundation/Http/Middleware/VerifyCsrfToken.php(75): Illuminate\\Routing\\Pipeline->Illuminate\\Routing\\{closure}(Object(Illuminate\\Http\\Request))
#15 /home/rivalmsr/Documents/rdeveloper/laravel/ecommerce-adminLTE/vendor/laravel/framework/src/Illuminate/Pipeline/Pipeline.php(163): Illuminate\\Foundation\\Http\\Middleware\\VerifyCsrfToken->handle(Object(Illuminate\\Http\\Request), Object(Closure))
#16 /home/rivalmsr/Documents/rdeveloper/laravel/ecommerce-adminLTE/vendor/laravel/framework/src/Illuminate/Routing/Pipeline.php(53): Illuminate\\Pipeline\\Pipeline->Illuminate\\Pipeline\\{closure}(Object(Illuminate\\Http\\Request))
#17 /home/rivalmsr/Documents/rdeveloper/laravel/ecommerce-adminLTE/vendor/laravel/framework/src/Illuminate/View/Middleware/ShareErrorsFromSession.php(49): Illuminate\\Routing\\Pipeline->Illuminate\\Routing\\{closure}(Object(Illuminate\\Http\\Request))
#18 /home/rivalmsr/Documents/rdeveloper/laravel/ecommerce-adminLTE/vendor/laravel/framework/src/Illuminate/Pipeline/Pipeline.php(163): Illuminate\\View\\Middleware\\ShareErrorsFromSession->handle(Object(Illuminate\\Http\\Request), Object(Closure))
#19 /home/rivalmsr/Documents/rdeveloper/laravel/ecommerce-adminLTE/vendor/laravel/framework/src/Illuminate/Routing/Pipeline.php(53): Illuminate\\Pipeline\\Pipeline->Illuminate\\Pipeline\\{closure}(Object(Illuminate\\Http\\Request))
#20 /home/rivalmsr/Documents/rdeveloper/laravel/ecommerce-adminLTE/vendor/laravel/framework/src/Illuminate/Session/Middleware/StartSession.php(59): Illuminate\\Routing\\Pipeline->Illuminate\\Routing\\{closure}(Object(Illuminate\\Http\\Request))
#21 /home/rivalmsr/Documents/rdeveloper/laravel/ecommerce-adminLTE/vendor/laravel/framework/src/Illuminate/Pipeline/Pipeline.php(163): Illuminate\\Session\\Middleware\\StartSession->handle(Object(Illuminate\\Http\\Request), Object(Closure))
#22 /home/rivalmsr/Documents/rdeveloper/laravel/ecommerce-adminLTE/vendor/laravel/framework/src/Illuminate/Routing/Pipeline.php(53): Illuminate\\Pipeline\\Pipeline->Illuminate\\Pipeline\\{closure}(Object(Illuminate\\Http\\Request))
#23 /home/rivalmsr/Documents/rdeveloper/laravel/ecommerce-adminLTE/vendor/laravel/framework/src/Illuminate/Cookie/Middleware/AddQueuedCookiesToResponse.php(37): Illuminate\\Routing\\Pipeline->Illuminate\\Routing\\{closure}(Object(Illuminate\\Http\\Request))
#24 /home/rivalmsr/Documents/rdeveloper/laravel/ecommerce-adminLTE/vendor/laravel/framework/src/Illuminate/Pipeline/Pipeline.php(163): Illuminate\\Cookie\\Middleware\\AddQueuedCookiesToResponse->handle(Object(Illuminate\\Http\\Request), Object(Closure))
#25 /home/rivalmsr/Documents/rdeveloper/laravel/ecommerce-adminLTE/vendor/laravel/framework/src/Illuminate/Routing/Pipeline.php(53): Illuminate\\Pipeline\\Pipeline->Illuminate\\Pipeline\\{closure}(Object(Illuminate\\Http\\Request))
#26 /home/rivalmsr/Documents/rdeveloper/laravel/ecommerce-adminLTE/vendor/laravel/framework/src/Illuminate/Cookie/Middleware/EncryptCookies.php(66): Illuminate\\Routing\\Pipeline->Illuminate\\Routing\\{closure}(Object(Illuminate\\Http\\Request))
#27 /home/rivalmsr/Documents/rdeveloper/laravel/ecommerce-adminLTE/vendor/laravel/framework/src/Illuminate/Pipeline/Pipeline.php(163): Illuminate\\Cookie\\Middleware\\EncryptCookies->handle(Object(Illuminate\\Http\\Request), Object(Closure))
#28 /home/rivalmsr/Documents/rdeveloper/laravel/ecommerce-adminLTE/vendor/laravel/framework/src/Illuminate/Routing/Pipeline.php(53): Illuminate\\Pipeline\\Pipeline->Illuminate\\Pipeline\\{closure}(Object(Illuminate\\Http\\Request))
#29 /home/rivalmsr/Documents/rdeveloper/laravel/ecommerce-adminLTE/vendor/laravel/framework/src/Illuminate/Pipeline/Pipeline.php(104): Illuminate\\Routing\\Pipeline->Illuminate\\Routing\\{closure}(Object(Illuminate\\Http\\Request))
#30 /home/rivalmsr/Documents/rdeveloper/laravel/ecommerce-adminLTE/vendor/laravel/framework/src/Illuminate/Routing/Router.php(682): Illuminate\\Pipeline\\Pipeline->then(Object(Closure))
#31 /home/rivalmsr/Documents/rdeveloper/laravel/ecommerce-adminLTE/vendor/laravel/framework/src/Illuminate/Routing/Router.php(657): Illuminate\\Routing\\Router->runRouteWithinStack(Object(Illuminate\\Routing\\Route), Object(Illuminate\\Http\\Request))
#32 /home/rivalmsr/Documents/rdeveloper/laravel/ecommerce-adminLTE/vendor/laravel/framework/src/Illuminate/Routing/Router.php(623): Illuminate\\Routing\\Router->runRoute(Object(Illuminate\\Http\\Request), Object(Illuminate\\Routing\\Route))
#33 /home/rivalmsr/Documents/rdeveloper/laravel/ecommerce-adminLTE/vendor/laravel/framework/src/Illuminate/Routing/Router.php(612): Illuminate\\Routing\\Router->dispatchToRoute(Object(Illuminate\\Http\\Request))
#34 /home/rivalmsr/Documents/rdeveloper/laravel/ecommerce-adminLTE/vendor/laravel/framework/src/Illuminate/Foundation/Http/Kernel.php(176): Illuminate\\Routing\\Router->dispatch(Object(Illuminate\\Http\\Request))
#35 /home/rivalmsr/Documents/rdeveloper/laravel/ecommerce-adminLTE/vendor/laravel/framework/src/Illuminate/Routing/Pipeline.php(30): Illuminate\\Foundation\\Http\\Kernel->Illuminate\\Foundation\\Http\\{closure}(Object(Illuminate\\Http\\Request))
#36 /home/rivalmsr/Documents/rdeveloper/laravel/ecommerce-adminLTE/vendor/fideloper/proxy/src/TrustProxies.php(57): Illuminate\\Routing\\Pipeline->Illuminate\\Routing\\{closure}(Object(Illuminate\\Http\\Request))
#37 /home/rivalmsr/Documents/rdeveloper/laravel/ecommerce-adminLTE/vendor/laravel/framework/src/Illuminate/Pipeline/Pipeline.php(163): Fideloper\\Proxy\\TrustProxies->handle(Object(Illuminate\\Http\\Request), Object(Closure))
#38 /home/rivalmsr/Documents/rdeveloper/laravel/ecommerce-adminLTE/vendor/laravel/framework/src/Illuminate/Routing/Pipeline.php(53): Illuminate\\Pipeline\\Pipeline->Illuminate\\Pipeline\\{closure}(Object(Illuminate\\Http\\Request))
#39 /home/rivalmsr/Documents/rdeveloper/laravel/ecommerce-adminLTE/vendor/laravel/framework/src/Illuminate/Foundation/Http/Middleware/TransformsRequest.php(21): Illuminate\\Routing\\Pipeline->Illuminate\\Routing\\{closure}(Object(Illuminate\\Http\\Request))
#40 /home/rivalmsr/Documents/rdeveloper/laravel/ecommerce-adminLTE/vendor/laravel/framework/src/Illuminate/Pipeline/Pipeline.php(163): Illuminate\\Foundation\\Http\\Middleware\\TransformsRequest->handle(Object(Illuminate\\Http\\Request), Object(Closure))
#41 /home/rivalmsr/Documents/rdeveloper/laravel/ecommerce-adminLTE/vendor/laravel/framework/src/Illuminate/Routing/Pipeline.php(53): Illuminate\\Pipeline\\Pipeline->Illuminate\\Pipeline\\{closure}(Object(Illuminate\\Http\\Request))
#42 /home/rivalmsr/Documents/rdeveloper/laravel/ecommerce-adminLTE/vendor/laravel/framework/src/Illuminate/Foundation/Http/Middleware/TransformsRequest.php(21): Illuminate\\Routing\\Pipeline->Illuminate\\Routing\\{closure}(Object(Illuminate\\Http\\Request))
#43 /home/rivalmsr/Documents/rdeveloper/laravel/ecommerce-adminLTE/vendor/laravel/framework/src/Illuminate/Pipeline/Pipeline.php(163): Illuminate\\Foundation\\Http\\Middleware\\TransformsRequest->handle(Object(Illuminate\\Http\\Request), Object(Closure))
#44 /home/rivalmsr/Documents/rdeveloper/laravel/ecommerce-adminLTE/vendor/laravel/framework/src/Illuminate/Routing/Pipeline.php(53): Illuminate\\Pipeline\\Pipeline->Illuminate\\Pipeline\\{closure}(Object(Illuminate\\Http\\Request))
#45 /home/rivalmsr/Documents/rdeveloper/laravel/ecommerce-adminLTE/vendor/laravel/framework/src/Illuminate/Foundation/Http/Middleware/ValidatePostSize.php(27): Illuminate\\Routing\\Pipeline->Illuminate\\Routing\\{closure}(Object(Illuminate\\Http\\Request))
#46 /home/rivalmsr/Documents/rdeveloper/laravel/ecommerce-adminLTE/vendor/laravel/framework/src/Illuminate/Pipeline/Pipeline.php(163): Illuminate\\Foundation\\Http\\Middleware\\ValidatePostSize->handle(Object(Illuminate\\Http\\Request), Object(Closure))
#47 /home/rivalmsr/Documents/rdeveloper/laravel/ecommerce-adminLTE/vendor/laravel/framework/src/Illuminate/Routing/Pipeline.php(53): Illuminate\\Pipeline\\Pipeline->Illuminate\\Pipeline\\{closure}(Object(Illuminate\\Http\\Request))
#48 /home/rivalmsr/Documents/rdeveloper/laravel/ecommerce-adminLTE/vendor/laravel/framework/src/Illuminate/Foundation/Http/Middleware/CheckForMaintenanceMode.php(62): Illuminate\\Routing\\Pipeline->Illuminate\\Routing\\{closure}(Object(Illuminate\\Http\\Request))
#49 /home/rivalmsr/Documents/rdeveloper/laravel/ecommerce-adminLTE/vendor/laravel/framework/src/Illuminate/Pipeline/Pipeline.php(163): Illuminate\\Foundation\\Http\\Middleware\\CheckForMaintenanceMode->handle(Object(Illuminate\\Http\\Request), Object(Closure))
#50 /home/rivalmsr/Documents/rdeveloper/laravel/ecommerce-adminLTE/vendor/laravel/framework/src/Illuminate/Routing/Pipeline.php(53): Illuminate\\Pipeline\\Pipeline->Illuminate\\Pipeline\\{closure}(Object(Illuminate\\Http\\Request))
#51 /home/rivalmsr/Documents/rdeveloper/laravel/ecommerce-adminLTE/vendor/laravel/framework/src/Illuminate/Pipeline/Pipeline.php(104): Illuminate\\Routing\\Pipeline->Illuminate\\Routing\\{closure}(Object(Illuminate\\Http\\Request))
#52 /home/rivalmsr/Documents/rdeveloper/laravel/ecommerce-adminLTE/vendor/laravel/framework/src/Illuminate/Foundation/Http/Kernel.php(151): Illuminate\\Pipeline\\Pipeline->then(Object(Closure))
#53 /home/rivalmsr/Documents/rdeveloper/laravel/ecommerce-adminLTE/vendor/laravel/framework/src/Illuminate/Foundation/Http/Kernel.php(116): Illuminate\\Foundation\\Http\\Kernel->sendRequestThroughRouter(Object(Illuminate\\Http\\Request))
#54 /home/rivalmsr/Documents/rdeveloper/laravel/ecommerce-adminLTE/public/index.php(55): Illuminate\\Foundation\\Http\\Kernel->handle(Object(Illuminate\\Http\\Request))
#55 /home/rivalmsr/Documents/rdeveloper/laravel/ecommerce-adminLTE/server.php(21): require_once('/home/rivalmsr/...')
#56 {main}
"} 
[2019-05-10 15:44:32] local.ERROR: Cannot redeclare rupiah() (previously declared in /home/rivalmsr/Documents/rdeveloper/laravel/ecommerce-adminLTE/storage/framework/views/446fffe03d9784d228242d521699438e4d791728.php:10) {"userId":1,"exception":"[object] (Symfony\\Component\\Debug\\Exception\\FatalErrorException(code: 1): Cannot redeclare rupiah() (previously declared in /home/rivalmsr/Documents/rdeveloper/laravel/ecommerce-adminLTE/storage/framework/views/446fffe03d9784d228242d521699438e4d791728.php:10) at /home/rivalmsr/Documents/rdeveloper/laravel/ecommerce-adminLTE/storage/framework/views/446fffe03d9784d228242d521699438e4d791728.php:10)
[stacktrace]
#0 {main}
"} 
[2019-05-10 15:45:04] local.ERROR: Cannot redeclare rupiah() (previously declared in /home/rivalmsr/Documents/rdeveloper/laravel/ecommerce-adminLTE/storage/framework/views/446fffe03d9784d228242d521699438e4d791728.php:10) {"userId":1,"exception":"[object] (Symfony\\Component\\Debug\\Exception\\FatalErrorException(code: 1): Cannot redeclare rupiah() (previously declared in /home/rivalmsr/Documents/rdeveloper/laravel/ecommerce-adminLTE/storage/framework/views/446fffe03d9784d228242d521699438e4d791728.php:10) at /home/rivalmsr/Documents/rdeveloper/laravel/ecommerce-adminLTE/storage/framework/views/446fffe03d9784d228242d521699438e4d791728.php:10)
[stacktrace]
#0 {main}
"} 
[2019-05-10 15:45:08] local.ERROR: Cannot redeclare rupiah() (previously declared in /home/rivalmsr/Documents/rdeveloper/laravel/ecommerce-adminLTE/storage/framework/views/446fffe03d9784d228242d521699438e4d791728.php:10) {"userId":1,"exception":"[object] (Symfony\\Component\\Debug\\Exception\\FatalErrorException(code: 1): Cannot redeclare rupiah() (previously declared in /home/rivalmsr/Documents/rdeveloper/laravel/ecommerce-adminLTE/storage/framework/views/446fffe03d9784d228242d521699438e4d791728.php:10) at /home/rivalmsr/Documents/rdeveloper/laravel/ecommerce-adminLTE/storage/framework/views/446fffe03d9784d228242d521699438e4d791728.php:10)
[stacktrace]
#0 {main}
"} 
[2019-05-10 15:45:57] local.ERROR: Cannot redeclare rupiah() (previously declared in /home/rivalmsr/Documents/rdeveloper/laravel/ecommerce-adminLTE/storage/framework/views/446fffe03d9784d228242d521699438e4d791728.php:22) {"userId":1,"exception":"[object] (Symfony\\Component\\Debug\\Exception\\FatalErrorException(code: 1): Cannot redeclare rupiah() (previously declared in /home/rivalmsr/Documents/rdeveloper/laravel/ecommerce-adminLTE/storage/framework/views/446fffe03d9784d228242d521699438e4d791728.php:22) at /home/rivalmsr/Documents/rdeveloper/laravel/ecommerce-adminLTE/storage/framework/views/446fffe03d9784d228242d521699438e4d791728.php:22)
[stacktrace]
#0 {main}
"} 
[2019-05-10 15:46:24] local.ERROR: Cannot redeclare rupiah() (previously declared in /home/rivalmsr/Documents/rdeveloper/laravel/ecommerce-adminLTE/storage/framework/views/446fffe03d9784d228242d521699438e4d791728.php:22) {"userId":1,"exception":"[object] (Symfony\\Component\\Debug\\Exception\\FatalErrorException(code: 1): Cannot redeclare rupiah() (previously declared in /home/rivalmsr/Documents/rdeveloper/laravel/ecommerce-adminLTE/storage/framework/views/446fffe03d9784d228242d521699438e4d791728.php:22) at /home/rivalmsr/Documents/rdeveloper/laravel/ecommerce-adminLTE/storage/framework/views/446fffe03d9784d228242d521699438e4d791728.php:22)
[stacktrace]
#0 {main}
"} 
[2019-05-10 15:47:11] local.ERROR: syntax error, unexpected '}' (View: /home/rivalmsr/Documents/rdeveloper/laravel/ecommerce-adminLTE/resources/views/products/index.blade.php) {"userId":1,"exception":"[object] (ErrorException(code: 0): syntax error, unexpected '}' (View: /home/rivalmsr/Documents/rdeveloper/laravel/ecommerce-adminLTE/resources/views/products/index.blade.php) at /home/rivalmsr/Documents/rdeveloper/laravel/ecommerce-adminLTE/storage/framework/views/446fffe03d9784d228242d521699438e4d791728.php:26, Symfony\\Component\\Debug\\Exception\\FatalThrowableError(code: 0): syntax error, unexpected '}' at /home/rivalmsr/Documents/rdeveloper/laravel/ecommerce-adminLTE/storage/framework/views/446fffe03d9784d228242d521699438e4d791728.php:26)
[stacktrace]
#0 /home/rivalmsr/Documents/rdeveloper/laravel/ecommerce-adminLTE/vendor/laravel/framework/src/Illuminate/View/Engines/PhpEngine.php(47): Illuminate\\View\\Engines\\CompilerEngine->handleViewException(Object(Symfony\\Component\\Debug\\Exception\\FatalThrowableError), 1)
#1 /home/rivalmsr/Documents/rdeveloper/laravel/ecommerce-adminLTE/vendor/laravel/framework/src/Illuminate/View/Engines/CompilerEngine.php(59): Illuminate\\View\\Engines\\PhpEngine->evaluatePath('/home/rivalmsr/...', Array)
#2 /home/rivalmsr/Documents/rdeveloper/laravel/ecommerce-adminLTE/vendor/laravel/framework/src/Illuminate/View/View.php(142): Illuminate\\View\\Engines\\CompilerEngine->get('/home/rivalmsr/...', Array)
#3 /home/rivalmsr/Documents/rdeveloper/laravel/ecommerce-adminLTE/vendor/laravel/framework/src/Illuminate/View/View.php(125): Illuminate\\View\\View->getContents()
#4 /home/rivalmsr/Documents/rdeveloper/laravel/ecommerce-adminLTE/vendor/laravel/framework/src/Illuminate/View/View.php(90): Illuminate\\View\\View->renderContents()
#5 /home/rivalmsr/Documents/rdeveloper/laravel/ecommerce-adminLTE/vendor/laravel/framework/src/Illuminate/Http/Response.php(42): Illuminate\\View\\View->render()
#6 /home/rivalmsr/Documents/rdeveloper/laravel/ecommerce-adminLTE/vendor/symfony/http-foundation/Response.php(202): Illuminate\\Http\\Response->setContent(Object(Illuminate\\View\\View))
#7 /home/rivalmsr/Documents/rdeveloper/laravel/ecommerce-adminLTE/vendor/laravel/framework/src/Illuminate/Routing/Router.php(748): Symfony\\Component\\HttpFoundation\\Response->__construct(Object(Illuminate\\View\\View))
#8 /home/rivalmsr/Documents/rdeveloper/laravel/ecommerce-adminLTE/vendor/laravel/framework/src/Illuminate/Routing/Router.php(720): Illuminate\\Routing\\Router::toResponse(Object(Illuminate\\Http\\Request), Object(Illuminate\\View\\View))
#9 /home/rivalmsr/Documents/rdeveloper/laravel/ecommerce-adminLTE/vendor/laravel/framework/src/Illuminate/Routing/Router.php(680): Illuminate\\Routing\\Router->prepareResponse(Object(Illuminate\\Http\\Request), Object(Illuminate\\View\\View))
#10 /home/rivalmsr/Documents/rdeveloper/laravel/ecommerce-adminLTE/vendor/laravel/framework/src/Illuminate/Routing/Pipeline.php(30): Illuminate\\Routing\\Router->Illuminate\\Routing\\{closure}(Object(Illuminate\\Http\\Request))
#11 /home/rivalmsr/Documents/rdeveloper/laravel/ecommerce-adminLTE/vendor/laravel/framework/src/Illuminate/Routing/Middleware/SubstituteBindings.php(41): Illuminate\\Routing\\Pipeline->Illuminate\\Routing\\{closure}(Object(Illuminate\\Http\\Request))
#12 /home/rivalmsr/Documents/rdeveloper/laravel/ecommerce-adminLTE/vendor/laravel/framework/src/Illuminate/Pipeline/Pipeline.php(163): Illuminate\\Routing\\Middleware\\SubstituteBindings->handle(Object(Illuminate\\Http\\Request), Object(Closure))
#13 /home/rivalmsr/Documents/rdeveloper/laravel/ecommerce-adminLTE/vendor/laravel/framework/src/Illuminate/Routing/Pipeline.php(53): Illuminate\\Pipeline\\Pipeline->Illuminate\\Pipeline\\{closure}(Object(Illuminate\\Http\\Request))
#14 /home/rivalmsr/Documents/rdeveloper/laravel/ecommerce-adminLTE/vendor/laravel/framework/src/Illuminate/Foundation/Http/Middleware/VerifyCsrfToken.php(75): Illuminate\\Routing\\Pipeline->Illuminate\\Routing\\{closure}(Object(Illuminate\\Http\\Request))
#15 /home/rivalmsr/Documents/rdeveloper/laravel/ecommerce-adminLTE/vendor/laravel/framework/src/Illuminate/Pipeline/Pipeline.php(163): Illuminate\\Foundation\\Http\\Middleware\\VerifyCsrfToken->handle(Object(Illuminate\\Http\\Request), Object(Closure))
#16 /home/rivalmsr/Documents/rdeveloper/laravel/ecommerce-adminLTE/vendor/laravel/framework/src/Illuminate/Routing/Pipeline.php(53): Illuminate\\Pipeline\\Pipeline->Illuminate\\Pipeline\\{closure}(Object(Illuminate\\Http\\Request))
#17 /home/rivalmsr/Documents/rdeveloper/laravel/ecommerce-adminLTE/vendor/laravel/framework/src/Illuminate/View/Middleware/ShareErrorsFromSession.php(49): Illuminate\\Routing\\Pipeline->Illuminate\\Routing\\{closure}(Object(Illuminate\\Http\\Request))
#18 /home/rivalmsr/Documents/rdeveloper/laravel/ecommerce-adminLTE/vendor/laravel/framework/src/Illuminate/Pipeline/Pipeline.php(163): Illuminate\\View\\Middleware\\ShareErrorsFromSession->handle(Object(Illuminate\\Http\\Request), Object(Closure))
#19 /home/rivalmsr/Documents/rdeveloper/laravel/ecommerce-adminLTE/vendor/laravel/framework/src/Illuminate/Routing/Pipeline.php(53): Illuminate\\Pipeline\\Pipeline->Illuminate\\Pipeline\\{closure}(Object(Illuminate\\Http\\Request))
#20 /home/rivalmsr/Documents/rdeveloper/laravel/ecommerce-adminLTE/vendor/laravel/framework/src/Illuminate/Session/Middleware/StartSession.php(59): Illuminate\\Routing\\Pipeline->Illuminate\\Routing\\{closure}(Object(Illuminate\\Http\\Request))
#21 /home/rivalmsr/Documents/rdeveloper/laravel/ecommerce-adminLTE/vendor/laravel/framework/src/Illuminate/Pipeline/Pipeline.php(163): Illuminate\\Session\\Middleware\\StartSession->handle(Object(Illuminate\\Http\\Request), Object(Closure))
#22 /home/rivalmsr/Documents/rdeveloper/laravel/ecommerce-adminLTE/vendor/laravel/framework/src/Illuminate/Routing/Pipeline.php(53): Illuminate\\Pipeline\\Pipeline->Illuminate\\Pipeline\\{closure}(Object(Illuminate\\Http\\Request))
#23 /home/rivalmsr/Documents/rdeveloper/laravel/ecommerce-adminLTE/vendor/laravel/framework/src/Illuminate/Cookie/Middleware/AddQueuedCookiesToResponse.php(37): Illuminate\\Routing\\Pipeline->Illuminate\\Routing\\{closure}(Object(Illuminate\\Http\\Request))
#24 /home/rivalmsr/Documents/rdeveloper/laravel/ecommerce-adminLTE/vendor/laravel/framework/src/Illuminate/Pipeline/Pipeline.php(163): Illuminate\\Cookie\\Middleware\\AddQueuedCookiesToResponse->handle(Object(Illuminate\\Http\\Request), Object(Closure))
#25 /home/rivalmsr/Documents/rdeveloper/laravel/ecommerce-adminLTE/vendor/laravel/framework/src/Illuminate/Routing/Pipeline.php(53): Illuminate\\Pipeline\\Pipeline->Illuminate\\Pipeline\\{closure}(Object(Illuminate\\Http\\Request))
#26 /home/rivalmsr/Documents/rdeveloper/laravel/ecommerce-adminLTE/vendor/laravel/framework/src/Illuminate/Cookie/Middleware/EncryptCookies.php(66): Illuminate\\Routing\\Pipeline->Illuminate\\Routing\\{closure}(Object(Illuminate\\Http\\Request))
#27 /home/rivalmsr/Documents/rdeveloper/laravel/ecommerce-adminLTE/vendor/laravel/framework/src/Illuminate/Pipeline/Pipeline.php(163): Illuminate\\Cookie\\Middleware\\EncryptCookies->handle(Object(Illuminate\\Http\\Request), Object(Closure))
#28 /home/rivalmsr/Documents/rdeveloper/laravel/ecommerce-adminLTE/vendor/laravel/framework/src/Illuminate/Routing/Pipeline.php(53): Illuminate\\Pipeline\\Pipeline->Illuminate\\Pipeline\\{closure}(Object(Illuminate\\Http\\Request))
#29 /home/rivalmsr/Documents/rdeveloper/laravel/ecommerce-adminLTE/vendor/laravel/framework/src/Illuminate/Pipeline/Pipeline.php(104): Illuminate\\Routing\\Pipeline->Illuminate\\Routing\\{closure}(Object(Illuminate\\Http\\Request))
#30 /home/rivalmsr/Documents/rdeveloper/laravel/ecommerce-adminLTE/vendor/laravel/framework/src/Illuminate/Routing/Router.php(682): Illuminate\\Pipeline\\Pipeline->then(Object(Closure))
#31 /home/rivalmsr/Documents/rdeveloper/laravel/ecommerce-adminLTE/vendor/laravel/framework/src/Illuminate/Routing/Router.php(657): Illuminate\\Routing\\Router->runRouteWithinStack(Object(Illuminate\\Routing\\Route), Object(Illuminate\\Http\\Request))
#32 /home/rivalmsr/Documents/rdeveloper/laravel/ecommerce-adminLTE/vendor/laravel/framework/src/Illuminate/Routing/Router.php(623): Illuminate\\Routing\\Router->runRoute(Object(Illuminate\\Http\\Request), Object(Illuminate\\Routing\\Route))
#33 /home/rivalmsr/Documents/rdeveloper/laravel/ecommerce-adminLTE/vendor/laravel/framework/src/Illuminate/Routing/Router.php(612): Illuminate\\Routing\\Router->dispatchToRoute(Object(Illuminate\\Http\\Request))
#34 /home/rivalmsr/Documents/rdeveloper/laravel/ecommerce-adminLTE/vendor/laravel/framework/src/Illuminate/Foundation/Http/Kernel.php(176): Illuminate\\Routing\\Router->dispatch(Object(Illuminate\\Http\\Request))
#35 /home/rivalmsr/Documents/rdeveloper/laravel/ecommerce-adminLTE/vendor/laravel/framework/src/Illuminate/Routing/Pipeline.php(30): Illuminate\\Foundation\\Http\\Kernel->Illuminate\\Foundation\\Http\\{closure}(Object(Illuminate\\Http\\Request))
#36 /home/rivalmsr/Documents/rdeveloper/laravel/ecommerce-adminLTE/vendor/fideloper/proxy/src/TrustProxies.php(57): Illuminate\\Routing\\Pipeline->Illuminate\\Routing\\{closure}(Object(Illuminate\\Http\\Request))
#37 /home/rivalmsr/Documents/rdeveloper/laravel/ecommerce-adminLTE/vendor/laravel/framework/src/Illuminate/Pipeline/Pipeline.php(163): Fideloper\\Proxy\\TrustProxies->handle(Object(Illuminate\\Http\\Request), Object(Closure))
#38 /home/rivalmsr/Documents/rdeveloper/laravel/ecommerce-adminLTE/vendor/laravel/framework/src/Illuminate/Routing/Pipeline.php(53): Illuminate\\Pipeline\\Pipeline->Illuminate\\Pipeline\\{closure}(Object(Illuminate\\Http\\Request))
#39 /home/rivalmsr/Documents/rdeveloper/laravel/ecommerce-adminLTE/vendor/laravel/framework/src/Illuminate/Foundation/Http/Middleware/TransformsRequest.php(21): Illuminate\\Routing\\Pipeline->Illuminate\\Routing\\{closure}(Object(Illuminate\\Http\\Request))
#40 /home/rivalmsr/Documents/rdeveloper/laravel/ecommerce-adminLTE/vendor/laravel/framework/src/Illuminate/Pipeline/Pipeline.php(163): Illuminate\\Foundation\\Http\\Middleware\\TransformsRequest->handle(Object(Illuminate\\Http\\Request), Object(Closure))
#41 /home/rivalmsr/Documents/rdeveloper/laravel/ecommerce-adminLTE/vendor/laravel/framework/src/Illuminate/Routing/Pipeline.php(53): Illuminate\\Pipeline\\Pipeline->Illuminate\\Pipeline\\{closure}(Object(Illuminate\\Http\\Request))
#42 /home/rivalmsr/Documents/rdeveloper/laravel/ecommerce-adminLTE/vendor/laravel/framework/src/Illuminate/Foundation/Http/Middleware/TransformsRequest.php(21): Illuminate\\Routing\\Pipeline->Illuminate\\Routing\\{closure}(Object(Illuminate\\Http\\Request))
#43 /home/rivalmsr/Documents/rdeveloper/laravel/ecommerce-adminLTE/vendor/laravel/framework/src/Illuminate/Pipeline/Pipeline.php(163): Illuminate\\Foundation\\Http\\Middleware\\TransformsRequest->handle(Object(Illuminate\\Http\\Request), Object(Closure))
#44 /home/rivalmsr/Documents/rdeveloper/laravel/ecommerce-adminLTE/vendor/laravel/framework/src/Illuminate/Routing/Pipeline.php(53): Illuminate\\Pipeline\\Pipeline->Illuminate\\Pipeline\\{closure}(Object(Illuminate\\Http\\Request))
#45 /home/rivalmsr/Documents/rdeveloper/laravel/ecommerce-adminLTE/vendor/laravel/framework/src/Illuminate/Foundation/Http/Middleware/ValidatePostSize.php(27): Illuminate\\Routing\\Pipeline->Illuminate\\Routing\\{closure}(Object(Illuminate\\Http\\Request))
#46 /home/rivalmsr/Documents/rdeveloper/laravel/ecommerce-adminLTE/vendor/laravel/framework/src/Illuminate/Pipeline/Pipeline.php(163): Illuminate\\Foundation\\Http\\Middleware\\ValidatePostSize->handle(Object(Illuminate\\Http\\Request), Object(Closure))
#47 /home/rivalmsr/Documents/rdeveloper/laravel/ecommerce-adminLTE/vendor/laravel/framework/src/Illuminate/Routing/Pipeline.php(53): Illuminate\\Pipeline\\Pipeline->Illuminate\\Pipeline\\{closure}(Object(Illuminate\\Http\\Request))
#48 /home/rivalmsr/Documents/rdeveloper/laravel/ecommerce-adminLTE/vendor/laravel/framework/src/Illuminate/Foundation/Http/Middleware/CheckForMaintenanceMode.php(62): Illuminate\\Routing\\Pipeline->Illuminate\\Routing\\{closure}(Object(Illuminate\\Http\\Request))
#49 /home/rivalmsr/Documents/rdeveloper/laravel/ecommerce-adminLTE/vendor/laravel/framework/src/Illuminate/Pipeline/Pipeline.php(163): Illuminate\\Foundation\\Http\\Middleware\\CheckForMaintenanceMode->handle(Object(Illuminate\\Http\\Request), Object(Closure))
#50 /home/rivalmsr/Documents/rdeveloper/laravel/ecommerce-adminLTE/vendor/laravel/framework/src/Illuminate/Routing/Pipeline.php(53): Illuminate\\Pipeline\\Pipeline->Illuminate\\Pipeline\\{closure}(Object(Illuminate\\Http\\Request))
#51 /home/rivalmsr/Documents/rdeveloper/laravel/ecommerce-adminLTE/vendor/laravel/framework/src/Illuminate/Pipeline/Pipeline.php(104): Illuminate\\Routing\\Pipeline->Illuminate\\Routing\\{closure}(Object(Illuminate\\Http\\Request))
#52 /home/rivalmsr/Documents/rdeveloper/laravel/ecommerce-adminLTE/vendor/laravel/framework/src/Illuminate/Foundation/Http/Kernel.php(151): Illuminate\\Pipeline\\Pipeline->then(Object(Closure))
#53 /home/rivalmsr/Documents/rdeveloper/laravel/ecommerce-adminLTE/vendor/laravel/framework/src/Illuminate/Foundation/Http/Kernel.php(116): Illuminate\\Foundation\\Http\\Kernel->sendRequestThroughRouter(Object(Illuminate\\Http\\Request))
#54 /home/rivalmsr/Documents/rdeveloper/laravel/ecommerce-adminLTE/public/index.php(55): Illuminate\\Foundation\\Http\\Kernel->handle(Object(Illuminate\\Http\\Request))
#55 /home/rivalmsr/Documents/rdeveloper/laravel/ecommerce-adminLTE/server.php(21): require_once('/home/rivalmsr/...')
#56 {main}
"} 
[2019-05-10 15:47:23] local.ERROR: Cannot redeclare rupiah() (previously declared in /home/rivalmsr/Documents/rdeveloper/laravel/ecommerce-adminLTE/storage/framework/views/446fffe03d9784d228242d521699438e4d791728.php:22) {"userId":1,"exception":"[object] (Symfony\\Component\\Debug\\Exception\\FatalErrorException(code: 1): Cannot redeclare rupiah() (previously declared in /home/rivalmsr/Documents/rdeveloper/laravel/ecommerce-adminLTE/storage/framework/views/446fffe03d9784d228242d521699438e4d791728.php:22) at /home/rivalmsr/Documents/rdeveloper/laravel/ecommerce-adminLTE/storage/framework/views/446fffe03d9784d228242d521699438e4d791728.php:22)
[stacktrace]
#0 {main}
"} 
[2019-05-10 15:48:40] local.ERROR: Cannot redeclare rupiah() (previously declared in /home/rivalmsr/Documents/rdeveloper/laravel/ecommerce-adminLTE/storage/framework/views/446fffe03d9784d228242d521699438e4d791728.php:22) {"userId":1,"exception":"[object] (Symfony\\Component\\Debug\\Exception\\FatalErrorException(code: 1): Cannot redeclare rupiah() (previously declared in /home/rivalmsr/Documents/rdeveloper/laravel/ecommerce-adminLTE/storage/framework/views/446fffe03d9784d228242d521699438e4d791728.php:22) at /home/rivalmsr/Documents/rdeveloper/laravel/ecommerce-adminLTE/storage/framework/views/446fffe03d9784d228242d521699438e4d791728.php:22)
[stacktrace]
#0 {main}
"} 
