[2019-06-27 15:40:06] local.ERROR: SQLSTATE[42000]: Syntax error or access violation: 1064 You have an error in your SQL syntax; check the manual that corresponds to your MariaDB server version for the right syntax to use near '<div' at line 1 (SQL: UPDATE products SET views = views + 1 WHERE id = <div ) {"userId":1,"exception":"[object] (Illuminate\\Database\\QueryException(code: 42000): SQLSTATE[42000]: Syntax error or access violation: 1064 You have an error in your SQL syntax; check the manual that corresponds to your MariaDB server version for the right syntax to use near '<div' at line 1 (SQL: UPDATE products SET views = views + 1 WHERE id = <div ) at /home/rivalmsr/Documents/rdeveloper/laravel/ecommerce-adminLTE/vendor/laravel/framework/src/Illuminate/Database/Connection.php:664, PDOException(code: 42000): SQLSTATE[42000]: Syntax error or access violation: 1064 You have an error in your SQL syntax; check the manual that corresponds to your MariaDB server version for the right syntax to use near '<div' at line 1 at /home/rivalmsr/Documents/rdeveloper/laravel/ecommerce-adminLTE/vendor/laravel/framework/src/Illuminate/Database/Connection.php:326)
[stacktrace]
#0 /home/rivalmsr/Documents/rdeveloper/laravel/ecommerce-adminLTE/vendor/laravel/framework/src/Illuminate/Database/Connection.php(624): Illuminate\\Database\\Connection->runQueryCallback('UPDATE products...', Array, Object(Closure))
#1 /home/rivalmsr/Documents/rdeveloper/laravel/ecommerce-adminLTE/vendor/laravel/framework/src/Illuminate/Database/Connection.php(333): Illuminate\\Database\\Connection->run('UPDATE products...', Array, Object(Closure))
#2 /home/rivalmsr/Documents/rdeveloper/laravel/ecommerce-adminLTE/vendor/laravel/framework/src/Illuminate/Database/DatabaseManager.php(327): Illuminate\\Database\\Connection->select('UPDATE products...')
#3 /home/rivalmsr/Documents/rdeveloper/laravel/ecommerce-adminLTE/vendor/laravel/framework/src/Illuminate/Support/Facades/Facade.php(237): Illuminate\\Database\\DatabaseManager->__call('select', Array)
#4 /home/rivalmsr/Documents/rdeveloper/laravel/ecommerce-adminLTE/app/Models/Product.php(20): Illuminate\\Support\\Facades\\Facade::__callStatic('select', Array)
#5 /home/rivalmsr/Documents/rdeveloper/laravel/ecommerce-adminLTE/app/Http/Controllers/ProductController.php(43): App\\Models\\Product->incrementsView('<div')
#6 [internal function]: App\\Http\\Controllers\\ProductController->show('<div')
#7 /home/rivalmsr/Documents/rdeveloper/laravel/ecommerce-adminLTE/vendor/laravel/framework/src/Illuminate/Routing/Controller.php(54): call_user_func_array(Array, Array)
#8 /home/rivalmsr/Documents/rdeveloper/laravel/ecommerce-adminLTE/vendor/laravel/framework/src/Illuminate/Routing/ControllerDispatcher.php(45): Illuminate\\Routing\\Controller->callAction('show', Array)
#9 /home/rivalmsr/Documents/rdeveloper/laravel/ecommerce-adminLTE/vendor/laravel/framework/src/Illuminate/Routing/Route.php(219): Illuminate\\Routing\\ControllerDispatcher->dispatch(Object(Illuminate\\Routing\\Route), Object(App\\Http\\Controllers\\ProductController), 'show')
#10 /home/rivalmsr/Documents/rdeveloper/laravel/ecommerce-adminLTE/vendor/laravel/framework/src/Illuminate/Routing/Route.php(176): Illuminate\\Routing\\Route->runController()
#11 /home/rivalmsr/Documents/rdeveloper/laravel/ecommerce-adminLTE/vendor/laravel/framework/src/Illuminate/Routing/Router.php(680): Illuminate\\Routing\\Route->run()
#12 /home/rivalmsr/Documents/rdeveloper/laravel/ecommerce-adminLTE/vendor/laravel/framework/src/Illuminate/Routing/Pipeline.php(30): Illuminate\\Routing\\Router->Illuminate\\Routing\\{closure}(Object(Illuminate\\Http\\Request))
#13 /home/rivalmsr/Documents/rdeveloper/laravel/ecommerce-adminLTE/vendor/laravel/framework/src/Illuminate/Routing/Middleware/SubstituteBindings.php(41): Illuminate\\Routing\\Pipeline->Illuminate\\Routing\\{closure}(Object(Illuminate\\Http\\Request))
#14 /home/rivalmsr/Documents/rdeveloper/laravel/ecommerce-adminLTE/vendor/laravel/framework/src/Illuminate/Pipeline/Pipeline.php(163): Illuminate\\Routing\\Middleware\\SubstituteBindings->handle(Object(Illuminate\\Http\\Request), Object(Closure))
#15 /home/rivalmsr/Documents/rdeveloper/laravel/ecommerce-adminLTE/vendor/laravel/framework/src/Illuminate/Routing/Pipeline.php(53): Illuminate\\Pipeline\\Pipeline->Illuminate\\Pipeline\\{closure}(Object(Illuminate\\Http\\Request))
#16 /home/rivalmsr/Documents/rdeveloper/laravel/ecommerce-adminLTE/vendor/laravel/framework/src/Illuminate/Foundation/Http/Middleware/VerifyCsrfToken.php(75): Illuminate\\Routing\\Pipeline->Illuminate\\Routing\\{closure}(Object(Illuminate\\Http\\Request))
#17 /home/rivalmsr/Documents/rdeveloper/laravel/ecommerce-adminLTE/vendor/laravel/framework/src/Illuminate/Pipeline/Pipeline.php(163): Illuminate\\Foundation\\Http\\Middleware\\VerifyCsrfToken->handle(Object(Illuminate\\Http\\Request), Object(Closure))
#18 /home/rivalmsr/Documents/rdeveloper/laravel/ecommerce-adminLTE/vendor/laravel/framework/src/Illuminate/Routing/Pipeline.php(53): Illuminate\\Pipeline\\Pipeline->Illuminate\\Pipeline\\{closure}(Object(Illuminate\\Http\\Request))
#19 /home/rivalmsr/Documents/rdeveloper/laravel/ecommerce-adminLTE/vendor/laravel/framework/src/Illuminate/View/Middleware/ShareErrorsFromSession.php(49): Illuminate\\Routing\\Pipeline->Illuminate\\Routing\\{closure}(Object(Illuminate\\Http\\Request))
#20 /home/rivalmsr/Documents/rdeveloper/laravel/ecommerce-adminLTE/vendor/laravel/framework/src/Illuminate/Pipeline/Pipeline.php(163): Illuminate\\View\\Middleware\\ShareErrorsFromSession->handle(Object(Illuminate\\Http\\Request), Object(Closure))
#21 /home/rivalmsr/Documents/rdeveloper/laravel/ecommerce-adminLTE/vendor/laravel/framework/src/Illuminate/Routing/Pipeline.php(53): Illuminate\\Pipeline\\Pipeline->Illuminate\\Pipeline\\{closure}(Object(Illuminate\\Http\\Request))
#22 /home/rivalmsr/Documents/rdeveloper/laravel/ecommerce-adminLTE/vendor/laravel/framework/src/Illuminate/Session/Middleware/StartSession.php(59): Illuminate\\Routing\\Pipeline->Illuminate\\Routing\\{closure}(Object(Illuminate\\Http\\Request))
#23 /home/rivalmsr/Documents/rdeveloper/laravel/ecommerce-adminLTE/vendor/laravel/framework/src/Illuminate/Pipeline/Pipeline.php(163): Illuminate\\Session\\Middleware\\StartSession->handle(Object(Illuminate\\Http\\Request), Object(Closure))
#24 /home/rivalmsr/Documents/rdeveloper/laravel/ecommerce-adminLTE/vendor/laravel/framework/src/Illuminate/Routing/Pipeline.php(53): Illuminate\\Pipeline\\Pipeline->Illuminate\\Pipeline\\{closure}(Object(Illuminate\\Http\\Request))
#25 /home/rivalmsr/Documents/rdeveloper/laravel/ecommerce-adminLTE/vendor/laravel/framework/src/Illuminate/Cookie/Middleware/AddQueuedCookiesToResponse.php(37): Illuminate\\Routing\\Pipeline->Illuminate\\Routing\\{closure}(Object(Illuminate\\Http\\Request))
#26 /home/rivalmsr/Documents/rdeveloper/laravel/ecommerce-adminLTE/vendor/laravel/framework/src/Illuminate/Pipeline/Pipeline.php(163): Illuminate\\Cookie\\Middleware\\AddQueuedCookiesToResponse->handle(Object(Illuminate\\Http\\Request), Object(Closure))
#27 /home/rivalmsr/Documents/rdeveloper/laravel/ecommerce-adminLTE/vendor/laravel/framework/src/Illuminate/Routing/Pipeline.php(53): Illuminate\\Pipeline\\Pipeline->Illuminate\\Pipeline\\{closure}(Object(Illuminate\\Http\\Request))
#28 /home/rivalmsr/Documents/rdeveloper/laravel/ecommerce-adminLTE/vendor/laravel/framework/src/Illuminate/Cookie/Middleware/EncryptCookies.php(66): Illuminate\\Routing\\Pipeline->Illuminate\\Routing\\{closure}(Object(Illuminate\\Http\\Request))
#29 /home/rivalmsr/Documents/rdeveloper/laravel/ecommerce-adminLTE/vendor/laravel/framework/src/Illuminate/Pipeline/Pipeline.php(163): Illuminate\\Cookie\\Middleware\\EncryptCookies->handle(Object(Illuminate\\Http\\Request), Object(Closure))
#30 /home/rivalmsr/Documents/rdeveloper/laravel/ecommerce-adminLTE/vendor/laravel/framework/src/Illuminate/Routing/Pipeline.php(53): Illuminate\\Pipeline\\Pipeline->Illuminate\\Pipeline\\{closure}(Object(Illuminate\\Http\\Request))
#31 /home/rivalmsr/Documents/rdeveloper/laravel/ecommerce-adminLTE/vendor/laravel/framework/src/Illuminate/Pipeline/Pipeline.php(104): Illuminate\\Routing\\Pipeline->Illuminate\\Routing\\{closure}(Object(Illuminate\\Http\\Request))
#32 /home/rivalmsr/Documents/rdeveloper/laravel/ecommerce-adminLTE/vendor/laravel/framework/src/Illuminate/Routing/Router.php(682): Illuminate\\Pipeline\\Pipeline->then(Object(Closure))
#33 /home/rivalmsr/Documents/rdeveloper/laravel/ecommerce-adminLTE/vendor/laravel/framework/src/Illuminate/Routing/Router.php(657): Illuminate\\Routing\\Router->runRouteWithinStack(Object(Illuminate\\Routing\\Route), Object(Illuminate\\Http\\Request))
#34 /home/rivalmsr/Documents/rdeveloper/laravel/ecommerce-adminLTE/vendor/laravel/framework/src/Illuminate/Routing/Router.php(623): Illuminate\\Routing\\Router->runRoute(Object(Illuminate\\Http\\Request), Object(Illuminate\\Routing\\Route))
#35 /home/rivalmsr/Documents/rdeveloper/laravel/ecommerce-adminLTE/vendor/laravel/framework/src/Illuminate/Routing/Router.php(612): Illuminate\\Routing\\Router->dispatchToRoute(Object(Illuminate\\Http\\Request))
#36 /home/rivalmsr/Documents/rdeveloper/laravel/ecommerce-adminLTE/vendor/laravel/framework/src/Illuminate/Foundation/Http/Kernel.php(176): Illuminate\\Routing\\Router->dispatch(Object(Illuminate\\Http\\Request))
#37 /home/rivalmsr/Documents/rdeveloper/laravel/ecommerce-adminLTE/vendor/laravel/framework/src/Illuminate/Routing/Pipeline.php(30): Illuminate\\Foundation\\Http\\Kernel->Illuminate\\Foundation\\Http\\{closure}(Object(Illuminate\\Http\\Request))
#38 /home/rivalmsr/Documents/rdeveloper/laravel/ecommerce-adminLTE/vendor/fideloper/proxy/src/TrustProxies.php(57): Illuminate\\Routing\\Pipeline->Illuminate\\Routing\\{closure}(Object(Illuminate\\Http\\Request))
#39 /home/rivalmsr/Documents/rdeveloper/laravel/ecommerce-adminLTE/vendor/laravel/framework/src/Illuminate/Pipeline/Pipeline.php(163): Fideloper\\Proxy\\TrustProxies->handle(Object(Illuminate\\Http\\Request), Object(Closure))
#40 /home/rivalmsr/Documents/rdeveloper/laravel/ecommerce-adminLTE/vendor/laravel/framework/src/Illuminate/Routing/Pipeline.php(53): Illuminate\\Pipeline\\Pipeline->Illuminate\\Pipeline\\{closure}(Object(Illuminate\\Http\\Request))
#41 /home/rivalmsr/Documents/rdeveloper/laravel/ecommerce-adminLTE/vendor/laravel/framework/src/Illuminate/Foundation/Http/Middleware/TransformsRequest.php(21): Illuminate\\Routing\\Pipeline->Illuminate\\Routing\\{closure}(Object(Illuminate\\Http\\Request))
#42 /home/rivalmsr/Documents/rdeveloper/laravel/ecommerce-adminLTE/vendor/laravel/framework/src/Illuminate/Pipeline/Pipeline.php(163): Illuminate\\Foundation\\Http\\Middleware\\TransformsRequest->handle(Object(Illuminate\\Http\\Request), Object(Closure))
#43 /home/rivalmsr/Documents/rdeveloper/laravel/ecommerce-adminLTE/vendor/laravel/framework/src/Illuminate/Routing/Pipeline.php(53): Illuminate\\Pipeline\\Pipeline->Illuminate\\Pipeline\\{closure}(Object(Illuminate\\Http\\Request))
#44 /home/rivalmsr/Documents/rdeveloper/laravel/ecommerce-adminLTE/vendor/laravel/framework/src/Illuminate/Foundation/Http/Middleware/TransformsRequest.php(21): Illuminate\\Routing\\Pipeline->Illuminate\\Routing\\{closure}(Object(Illuminate\\Http\\Request))
#45 /home/rivalmsr/Documents/rdeveloper/laravel/ecommerce-adminLTE/vendor/laravel/framework/src/Illuminate/Pipeline/Pipeline.php(163): Illuminate\\Foundation\\Http\\Middleware\\TransformsRequest->handle(Object(Illuminate\\Http\\Request), Object(Closure))
#46 /home/rivalmsr/Documents/rdeveloper/laravel/ecommerce-adminLTE/vendor/laravel/framework/src/Illuminate/Routing/Pipeline.php(53): Illuminate\\Pipeline\\Pipeline->Illuminate\\Pipeline\\{closure}(Object(Illuminate\\Http\\Request))
#47 /home/rivalmsr/Documents/rdeveloper/laravel/ecommerce-adminLTE/vendor/laravel/framework/src/Illuminate/Foundation/Http/Middleware/ValidatePostSize.php(27): Illuminate\\Routing\\Pipeline->Illuminate\\Routing\\{closure}(Object(Illuminate\\Http\\Request))
#48 /home/rivalmsr/Documents/rdeveloper/laravel/ecommerce-adminLTE/vendor/laravel/framework/src/Illuminate/Pipeline/Pipeline.php(163): Illuminate\\Foundation\\Http\\Middleware\\ValidatePostSize->handle(Object(Illuminate\\Http\\Request), Object(Closure))
#49 /home/rivalmsr/Documents/rdeveloper/laravel/ecommerce-adminLTE/vendor/laravel/framework/src/Illuminate/Routing/Pipeline.php(53): Illuminate\\Pipeline\\Pipeline->Illuminate\\Pipeline\\{closure}(Object(Illuminate\\Http\\Request))
#50 /home/rivalmsr/Documents/rdeveloper/laravel/ecommerce-adminLTE/vendor/laravel/framework/src/Illuminate/Foundation/Http/Middleware/CheckForMaintenanceMode.php(62): Illuminate\\Routing\\Pipeline->Illuminate\\Routing\\{closure}(Object(Illuminate\\Http\\Request))
#51 /home/rivalmsr/Documents/rdeveloper/laravel/ecommerce-adminLTE/vendor/laravel/framework/src/Illuminate/Pipeline/Pipeline.php(163): Illuminate\\Foundation\\Http\\Middleware\\CheckForMaintenanceMode->handle(Object(Illuminate\\Http\\Request), Object(Closure))
#52 /home/rivalmsr/Documents/rdeveloper/laravel/ecommerce-adminLTE/vendor/laravel/framework/src/Illuminate/Routing/Pipeline.php(53): Illuminate\\Pipeline\\Pipeline->Illuminate\\Pipeline\\{closure}(Object(Illuminate\\Http\\Request))
#53 /home/rivalmsr/Documents/rdeveloper/laravel/ecommerce-adminLTE/vendor/laravel/framework/src/Illuminate/Pipeline/Pipeline.php(104): Illuminate\\Routing\\Pipeline->Illuminate\\Routing\\{closure}(Object(Illuminate\\Http\\Request))
#54 /home/rivalmsr/Documents/rdeveloper/laravel/ecommerce-adminLTE/vendor/laravel/framework/src/Illuminate/Foundation/Http/Kernel.php(151): Illuminate\\Pipeline\\Pipeline->then(Object(Closure))
#55 /home/rivalmsr/Documents/rdeveloper/laravel/ecommerce-adminLTE/vendor/laravel/framework/src/Illuminate/Foundation/Http/Kernel.php(116): Illuminate\\Foundation\\Http\\Kernel->sendRequestThroughRouter(Object(Illuminate\\Http\\Request))
#56 /home/rivalmsr/Documents/rdeveloper/laravel/ecommerce-adminLTE/public/index.php(55): Illuminate\\Foundation\\Http\\Kernel->handle(Object(Illuminate\\Http\\Request))
#57 /home/rivalmsr/Documents/rdeveloper/laravel/ecommerce-adminLTE/server.php(21): require_once('/home/rivalmsr/...')
#58 {main}
"} 
[2019-06-27 15:40:56] local.ERROR: SQLSTATE[42000]: Syntax error or access violation: 1064 You have an error in your SQL syntax; check the manual that corresponds to your MariaDB server version for the right syntax to use near '<div' at line 1 (SQL: UPDATE products SET views = views + 1 WHERE id = <div ) {"userId":1,"exception":"[object] (Illuminate\\Database\\QueryException(code: 42000): SQLSTATE[42000]: Syntax error or access violation: 1064 You have an error in your SQL syntax; check the manual that corresponds to your MariaDB server version for the right syntax to use near '<div' at line 1 (SQL: UPDATE products SET views = views + 1 WHERE id = <div ) at /home/rivalmsr/Documents/rdeveloper/laravel/ecommerce-adminLTE/vendor/laravel/framework/src/Illuminate/Database/Connection.php:664, PDOException(code: 42000): SQLSTATE[42000]: Syntax error or access violation: 1064 You have an error in your SQL syntax; check the manual that corresponds to your MariaDB server version for the right syntax to use near '<div' at line 1 at /home/rivalmsr/Documents/rdeveloper/laravel/ecommerce-adminLTE/vendor/laravel/framework/src/Illuminate/Database/Connection.php:326)
[stacktrace]
#0 /home/rivalmsr/Documents/rdeveloper/laravel/ecommerce-adminLTE/vendor/laravel/framework/src/Illuminate/Database/Connection.php(624): Illuminate\\Database\\Connection->runQueryCallback('UPDATE products...', Array, Object(Closure))
#1 /home/rivalmsr/Documents/rdeveloper/laravel/ecommerce-adminLTE/vendor/laravel/framework/src/Illuminate/Database/Connection.php(333): Illuminate\\Database\\Connection->run('UPDATE products...', Array, Object(Closure))
#2 /home/rivalmsr/Documents/rdeveloper/laravel/ecommerce-adminLTE/vendor/laravel/framework/src/Illuminate/Database/DatabaseManager.php(327): Illuminate\\Database\\Connection->select('UPDATE products...')
#3 /home/rivalmsr/Documents/rdeveloper/laravel/ecommerce-adminLTE/vendor/laravel/framework/src/Illuminate/Support/Facades/Facade.php(237): Illuminate\\Database\\DatabaseManager->__call('select', Array)
#4 /home/rivalmsr/Documents/rdeveloper/laravel/ecommerce-adminLTE/app/Models/Product.php(20): Illuminate\\Support\\Facades\\Facade::__callStatic('select', Array)
#5 /home/rivalmsr/Documents/rdeveloper/laravel/ecommerce-adminLTE/app/Http/Controllers/ProductController.php(43): App\\Models\\Product->incrementsView('<div')
#6 [internal function]: App\\Http\\Controllers\\ProductController->show('<div')
#7 /home/rivalmsr/Documents/rdeveloper/laravel/ecommerce-adminLTE/vendor/laravel/framework/src/Illuminate/Routing/Controller.php(54): call_user_func_array(Array, Array)
#8 /home/rivalmsr/Documents/rdeveloper/laravel/ecommerce-adminLTE/vendor/laravel/framework/src/Illuminate/Routing/ControllerDispatcher.php(45): Illuminate\\Routing\\Controller->callAction('show', Array)
#9 /home/rivalmsr/Documents/rdeveloper/laravel/ecommerce-adminLTE/vendor/laravel/framework/src/Illuminate/Routing/Route.php(219): Illuminate\\Routing\\ControllerDispatcher->dispatch(Object(Illuminate\\Routing\\Route), Object(App\\Http\\Controllers\\ProductController), 'show')
#10 /home/rivalmsr/Documents/rdeveloper/laravel/ecommerce-adminLTE/vendor/laravel/framework/src/Illuminate/Routing/Route.php(176): Illuminate\\Routing\\Route->runController()
#11 /home/rivalmsr/Documents/rdeveloper/laravel/ecommerce-adminLTE/vendor/laravel/framework/src/Illuminate/Routing/Router.php(680): Illuminate\\Routing\\Route->run()
#12 /home/rivalmsr/Documents/rdeveloper/laravel/ecommerce-adminLTE/vendor/laravel/framework/src/Illuminate/Routing/Pipeline.php(30): Illuminate\\Routing\\Router->Illuminate\\Routing\\{closure}(Object(Illuminate\\Http\\Request))
#13 /home/rivalmsr/Documents/rdeveloper/laravel/ecommerce-adminLTE/vendor/laravel/framework/src/Illuminate/Routing/Middleware/SubstituteBindings.php(41): Illuminate\\Routing\\Pipeline->Illuminate\\Routing\\{closure}(Object(Illuminate\\Http\\Request))
#14 /home/rivalmsr/Documents/rdeveloper/laravel/ecommerce-adminLTE/vendor/laravel/framework/src/Illuminate/Pipeline/Pipeline.php(163): Illuminate\\Routing\\Middleware\\SubstituteBindings->handle(Object(Illuminate\\Http\\Request), Object(Closure))
#15 /home/rivalmsr/Documents/rdeveloper/laravel/ecommerce-adminLTE/vendor/laravel/framework/src/Illuminate/Routing/Pipeline.php(53): Illuminate\\Pipeline\\Pipeline->Illuminate\\Pipeline\\{closure}(Object(Illuminate\\Http\\Request))
#16 /home/rivalmsr/Documents/rdeveloper/laravel/ecommerce-adminLTE/vendor/laravel/framework/src/Illuminate/Foundation/Http/Middleware/VerifyCsrfToken.php(75): Illuminate\\Routing\\Pipeline->Illuminate\\Routing\\{closure}(Object(Illuminate\\Http\\Request))
#17 /home/rivalmsr/Documents/rdeveloper/laravel/ecommerce-adminLTE/vendor/laravel/framework/src/Illuminate/Pipeline/Pipeline.php(163): Illuminate\\Foundation\\Http\\Middleware\\VerifyCsrfToken->handle(Object(Illuminate\\Http\\Request), Object(Closure))
#18 /home/rivalmsr/Documents/rdeveloper/laravel/ecommerce-adminLTE/vendor/laravel/framework/src/Illuminate/Routing/Pipeline.php(53): Illuminate\\Pipeline\\Pipeline->Illuminate\\Pipeline\\{closure}(Object(Illuminate\\Http\\Request))
#19 /home/rivalmsr/Documents/rdeveloper/laravel/ecommerce-adminLTE/vendor/laravel/framework/src/Illuminate/View/Middleware/ShareErrorsFromSession.php(49): Illuminate\\Routing\\Pipeline->Illuminate\\Routing\\{closure}(Object(Illuminate\\Http\\Request))
#20 /home/rivalmsr/Documents/rdeveloper/laravel/ecommerce-adminLTE/vendor/laravel/framework/src/Illuminate/Pipeline/Pipeline.php(163): Illuminate\\View\\Middleware\\ShareErrorsFromSession->handle(Object(Illuminate\\Http\\Request), Object(Closure))
#21 /home/rivalmsr/Documents/rdeveloper/laravel/ecommerce-adminLTE/vendor/laravel/framework/src/Illuminate/Routing/Pipeline.php(53): Illuminate\\Pipeline\\Pipeline->Illuminate\\Pipeline\\{closure}(Object(Illuminate\\Http\\Request))
#22 /home/rivalmsr/Documents/rdeveloper/laravel/ecommerce-adminLTE/vendor/laravel/framework/src/Illuminate/Session/Middleware/StartSession.php(59): Illuminate\\Routing\\Pipeline->Illuminate\\Routing\\{closure}(Object(Illuminate\\Http\\Request))
#23 /home/rivalmsr/Documents/rdeveloper/laravel/ecommerce-adminLTE/vendor/laravel/framework/src/Illuminate/Pipeline/Pipeline.php(163): Illuminate\\Session\\Middleware\\StartSession->handle(Object(Illuminate\\Http\\Request), Object(Closure))
#24 /home/rivalmsr/Documents/rdeveloper/laravel/ecommerce-adminLTE/vendor/laravel/framework/src/Illuminate/Routing/Pipeline.php(53): Illuminate\\Pipeline\\Pipeline->Illuminate\\Pipeline\\{closure}(Object(Illuminate\\Http\\Request))
#25 /home/rivalmsr/Documents/rdeveloper/laravel/ecommerce-adminLTE/vendor/laravel/framework/src/Illuminate/Cookie/Middleware/AddQueuedCookiesToResponse.php(37): Illuminate\\Routing\\Pipeline->Illuminate\\Routing\\{closure}(Object(Illuminate\\Http\\Request))
#26 /home/rivalmsr/Documents/rdeveloper/laravel/ecommerce-adminLTE/vendor/laravel/framework/src/Illuminate/Pipeline/Pipeline.php(163): Illuminate\\Cookie\\Middleware\\AddQueuedCookiesToResponse->handle(Object(Illuminate\\Http\\Request), Object(Closure))
#27 /home/rivalmsr/Documents/rdeveloper/laravel/ecommerce-adminLTE/vendor/laravel/framework/src/Illuminate/Routing/Pipeline.php(53): Illuminate\\Pipeline\\Pipeline->Illuminate\\Pipeline\\{closure}(Object(Illuminate\\Http\\Request))
#28 /home/rivalmsr/Documents/rdeveloper/laravel/ecommerce-adminLTE/vendor/laravel/framework/src/Illuminate/Cookie/Middleware/EncryptCookies.php(66): Illuminate\\Routing\\Pipeline->Illuminate\\Routing\\{closure}(Object(Illuminate\\Http\\Request))
#29 /home/rivalmsr/Documents/rdeveloper/laravel/ecommerce-adminLTE/vendor/laravel/framework/src/Illuminate/Pipeline/Pipeline.php(163): Illuminate\\Cookie\\Middleware\\EncryptCookies->handle(Object(Illuminate\\Http\\Request), Object(Closure))
#30 /home/rivalmsr/Documents/rdeveloper/laravel/ecommerce-adminLTE/vendor/laravel/framework/src/Illuminate/Routing/Pipeline.php(53): Illuminate\\Pipeline\\Pipeline->Illuminate\\Pipeline\\{closure}(Object(Illuminate\\Http\\Request))
#31 /home/rivalmsr/Documents/rdeveloper/laravel/ecommerce-adminLTE/vendor/laravel/framework/src/Illuminate/Pipeline/Pipeline.php(104): Illuminate\\Routing\\Pipeline->Illuminate\\Routing\\{closure}(Object(Illuminate\\Http\\Request))
#32 /home/rivalmsr/Documents/rdeveloper/laravel/ecommerce-adminLTE/vendor/laravel/framework/src/Illuminate/Routing/Router.php(682): Illuminate\\Pipeline\\Pipeline->then(Object(Closure))
#33 /home/rivalmsr/Documents/rdeveloper/laravel/ecommerce-adminLTE/vendor/laravel/framework/src/Illuminate/Routing/Router.php(657): Illuminate\\Routing\\Router->runRouteWithinStack(Object(Illuminate\\Routing\\Route), Object(Illuminate\\Http\\Request))
#34 /home/rivalmsr/Documents/rdeveloper/laravel/ecommerce-adminLTE/vendor/laravel/framework/src/Illuminate/Routing/Router.php(623): Illuminate\\Routing\\Router->runRoute(Object(Illuminate\\Http\\Request), Object(Illuminate\\Routing\\Route))
#35 /home/rivalmsr/Documents/rdeveloper/laravel/ecommerce-adminLTE/vendor/laravel/framework/src/Illuminate/Routing/Router.php(612): Illuminate\\Routing\\Router->dispatchToRoute(Object(Illuminate\\Http\\Request))
#36 /home/rivalmsr/Documents/rdeveloper/laravel/ecommerce-adminLTE/vendor/laravel/framework/src/Illuminate/Foundation/Http/Kernel.php(176): Illuminate\\Routing\\Router->dispatch(Object(Illuminate\\Http\\Request))
#37 /home/rivalmsr/Documents/rdeveloper/laravel/ecommerce-adminLTE/vendor/laravel/framework/src/Illuminate/Routing/Pipeline.php(30): Illuminate\\Foundation\\Http\\Kernel->Illuminate\\Foundation\\Http\\{closure}(Object(Illuminate\\Http\\Request))
#38 /home/rivalmsr/Documents/rdeveloper/laravel/ecommerce-adminLTE/vendor/fideloper/proxy/src/TrustProxies.php(57): Illuminate\\Routing\\Pipeline->Illuminate\\Routing\\{closure}(Object(Illuminate\\Http\\Request))
#39 /home/rivalmsr/Documents/rdeveloper/laravel/ecommerce-adminLTE/vendor/laravel/framework/src/Illuminate/Pipeline/Pipeline.php(163): Fideloper\\Proxy\\TrustProxies->handle(Object(Illuminate\\Http\\Request), Object(Closure))
#40 /home/rivalmsr/Documents/rdeveloper/laravel/ecommerce-adminLTE/vendor/laravel/framework/src/Illuminate/Routing/Pipeline.php(53): Illuminate\\Pipeline\\Pipeline->Illuminate\\Pipeline\\{closure}(Object(Illuminate\\Http\\Request))
#41 /home/rivalmsr/Documents/rdeveloper/laravel/ecommerce-adminLTE/vendor/laravel/framework/src/Illuminate/Foundation/Http/Middleware/TransformsRequest.php(21): Illuminate\\Routing\\Pipeline->Illuminate\\Routing\\{closure}(Object(Illuminate\\Http\\Request))
#42 /home/rivalmsr/Documents/rdeveloper/laravel/ecommerce-adminLTE/vendor/laravel/framework/src/Illuminate/Pipeline/Pipeline.php(163): Illuminate\\Foundation\\Http\\Middleware\\TransformsRequest->handle(Object(Illuminate\\Http\\Request), Object(Closure))
#43 /home/rivalmsr/Documents/rdeveloper/laravel/ecommerce-adminLTE/vendor/laravel/framework/src/Illuminate/Routing/Pipeline.php(53): Illuminate\\Pipeline\\Pipeline->Illuminate\\Pipeline\\{closure}(Object(Illuminate\\Http\\Request))
#44 /home/rivalmsr/Documents/rdeveloper/laravel/ecommerce-adminLTE/vendor/laravel/framework/src/Illuminate/Foundation/Http/Middleware/TransformsRequest.php(21): Illuminate\\Routing\\Pipeline->Illuminate\\Routing\\{closure}(Object(Illuminate\\Http\\Request))
#45 /home/rivalmsr/Documents/rdeveloper/laravel/ecommerce-adminLTE/vendor/laravel/framework/src/Illuminate/Pipeline/Pipeline.php(163): Illuminate\\Foundation\\Http\\Middleware\\TransformsRequest->handle(Object(Illuminate\\Http\\Request), Object(Closure))
#46 /home/rivalmsr/Documents/rdeveloper/laravel/ecommerce-adminLTE/vendor/laravel/framework/src/Illuminate/Routing/Pipeline.php(53): Illuminate\\Pipeline\\Pipeline->Illuminate\\Pipeline\\{closure}(Object(Illuminate\\Http\\Request))
#47 /home/rivalmsr/Documents/rdeveloper/laravel/ecommerce-adminLTE/vendor/laravel/framework/src/Illuminate/Foundation/Http/Middleware/ValidatePostSize.php(27): Illuminate\\Routing\\Pipeline->Illuminate\\Routing\\{closure}(Object(Illuminate\\Http\\Request))
#48 /home/rivalmsr/Documents/rdeveloper/laravel/ecommerce-adminLTE/vendor/laravel/framework/src/Illuminate/Pipeline/Pipeline.php(163): Illuminate\\Foundation\\Http\\Middleware\\ValidatePostSize->handle(Object(Illuminate\\Http\\Request), Object(Closure))
#49 /home/rivalmsr/Documents/rdeveloper/laravel/ecommerce-adminLTE/vendor/laravel/framework/src/Illuminate/Routing/Pipeline.php(53): Illuminate\\Pipeline\\Pipeline->Illuminate\\Pipeline\\{closure}(Object(Illuminate\\Http\\Request))
#50 /home/rivalmsr/Documents/rdeveloper/laravel/ecommerce-adminLTE/vendor/laravel/framework/src/Illuminate/Foundation/Http/Middleware/CheckForMaintenanceMode.php(62): Illuminate\\Routing\\Pipeline->Illuminate\\Routing\\{closure}(Object(Illuminate\\Http\\Request))
#51 /home/rivalmsr/Documents/rdeveloper/laravel/ecommerce-adminLTE/vendor/laravel/framework/src/Illuminate/Pipeline/Pipeline.php(163): Illuminate\\Foundation\\Http\\Middleware\\CheckForMaintenanceMode->handle(Object(Illuminate\\Http\\Request), Object(Closure))
#52 /home/rivalmsr/Documents/rdeveloper/laravel/ecommerce-adminLTE/vendor/laravel/framework/src/Illuminate/Routing/Pipeline.php(53): Illuminate\\Pipeline\\Pipeline->Illuminate\\Pipeline\\{closure}(Object(Illuminate\\Http\\Request))
#53 /home/rivalmsr/Documents/rdeveloper/laravel/ecommerce-adminLTE/vendor/laravel/framework/src/Illuminate/Pipeline/Pipeline.php(104): Illuminate\\Routing\\Pipeline->Illuminate\\Routing\\{closure}(Object(Illuminate\\Http\\Request))
#54 /home/rivalmsr/Documents/rdeveloper/laravel/ecommerce-adminLTE/vendor/laravel/framework/src/Illuminate/Foundation/Http/Kernel.php(151): Illuminate\\Pipeline\\Pipeline->then(Object(Closure))
#55 /home/rivalmsr/Documents/rdeveloper/laravel/ecommerce-adminLTE/vendor/laravel/framework/src/Illuminate/Foundation/Http/Kernel.php(116): Illuminate\\Foundation\\Http\\Kernel->sendRequestThroughRouter(Object(Illuminate\\Http\\Request))
#56 /home/rivalmsr/Documents/rdeveloper/laravel/ecommerce-adminLTE/public/index.php(55): Illuminate\\Foundation\\Http\\Kernel->handle(Object(Illuminate\\Http\\Request))
#57 /home/rivalmsr/Documents/rdeveloper/laravel/ecommerce-adminLTE/server.php(21): require_once('/home/rivalmsr/...')
#58 {main}
"} 
[2019-06-27 15:42:15] local.ERROR: Trying to get property 'image_url' of non-object (View: /home/rivalmsr/Documents/rdeveloper/laravel/ecommerce-adminLTE/resources/views/products/show.blade.php) {"userId":1,"exception":"[object] (ErrorException(code: 0): Trying to get property 'image_url' of non-object (View: /home/rivalmsr/Documents/rdeveloper/laravel/ecommerce-adminLTE/resources/views/products/show.blade.php) at /home/rivalmsr/Documents/rdeveloper/laravel/ecommerce-adminLTE/storage/framework/views/9732eb92e01492b618f13db6c331af118734b205.php:16, ErrorException(code: 0): Trying to get property 'image_url' of non-object at /home/rivalmsr/Documents/rdeveloper/laravel/ecommerce-adminLTE/storage/framework/views/9732eb92e01492b618f13db6c331af118734b205.php:16)
[stacktrace]
#0 /home/rivalmsr/Documents/rdeveloper/laravel/ecommerce-adminLTE/vendor/laravel/framework/src/Illuminate/View/Engines/PhpEngine.php(45): Illuminate\\View\\Engines\\CompilerEngine->handleViewException(Object(ErrorException), 1)
#1 /home/rivalmsr/Documents/rdeveloper/laravel/ecommerce-adminLTE/vendor/laravel/framework/src/Illuminate/View/Engines/CompilerEngine.php(59): Illuminate\\View\\Engines\\PhpEngine->evaluatePath('/home/rivalmsr/...', Array)
#2 /home/rivalmsr/Documents/rdeveloper/laravel/ecommerce-adminLTE/vendor/laravel/framework/src/Illuminate/View/View.php(142): Illuminate\\View\\Engines\\CompilerEngine->get('/home/rivalmsr/...', Array)
#3 /home/rivalmsr/Documents/rdeveloper/laravel/ecommerce-adminLTE/vendor/laravel/framework/src/Illuminate/View/View.php(125): Illuminate\\View\\View->getContents()
#4 /home/rivalmsr/Documents/rdeveloper/laravel/ecommerce-adminLTE/vendor/laravel/framework/src/Illuminate/View/View.php(90): Illuminate\\View\\View->renderContents()
#5 /home/rivalmsr/Documents/rdeveloper/laravel/ecommerce-adminLTE/vendor/laravel/framework/src/Illuminate/Http/Response.php(42): Illuminate\\View\\View->render()
#6 /home/rivalmsr/Documents/rdeveloper/laravel/ecommerce-adminLTE/vendor/symfony/http-foundation/Response.php(202): Illuminate\\Http\\Response->setContent(Object(Illuminate\\View\\View))
#7 /home/rivalmsr/Documents/rdeveloper/laravel/ecommerce-adminLTE/vendor/laravel/framework/src/Illuminate/Routing/Router.php(748): Symfony\\Component\\HttpFoundation\\Response->__construct(Object(Illuminate\\View\\View))
#8 /home/rivalmsr/Documents/rdeveloper/laravel/ecommerce-adminLTE/vendor/laravel/framework/src/Illuminate/Routing/Router.php(720): Illuminate\\Routing\\Router::toResponse(Object(Illuminate\\Http\\Request), Object(Illuminate\\View\\View))
#9 /home/rivalmsr/Documents/rdeveloper/laravel/ecommerce-adminLTE/vendor/laravel/framework/src/Illuminate/Routing/Router.php(680): Illuminate\\Routing\\Router->prepareResponse(Object(Illuminate\\Http\\Request), Object(Illuminate\\View\\View))
#10 /home/rivalmsr/Documents/rdeveloper/laravel/ecommerce-adminLTE/vendor/laravel/framework/src/Illuminate/Routing/Pipeline.php(30): Illuminate\\Routing\\Router->Illuminate\\Routing\\{closure}(Object(Illuminate\\Http\\Request))
#11 /home/rivalmsr/Documents/rdeveloper/laravel/ecommerce-adminLTE/vendor/laravel/framework/src/Illuminate/Routing/Middleware/SubstituteBindings.php(41): Illuminate\\Routing\\Pipeline->Illuminate\\Routing\\{closure}(Object(Illuminate\\Http\\Request))
#12 /home/rivalmsr/Documents/rdeveloper/laravel/ecommerce-adminLTE/vendor/laravel/framework/src/Illuminate/Pipeline/Pipeline.php(163): Illuminate\\Routing\\Middleware\\SubstituteBindings->handle(Object(Illuminate\\Http\\Request), Object(Closure))
#13 /home/rivalmsr/Documents/rdeveloper/laravel/ecommerce-adminLTE/vendor/laravel/framework/src/Illuminate/Routing/Pipeline.php(53): Illuminate\\Pipeline\\Pipeline->Illuminate\\Pipeline\\{closure}(Object(Illuminate\\Http\\Request))
#14 /home/rivalmsr/Documents/rdeveloper/laravel/ecommerce-adminLTE/vendor/laravel/framework/src/Illuminate/Auth/Middleware/Authenticate.php(43): Illuminate\\Routing\\Pipeline->Illuminate\\Routing\\{closure}(Object(Illuminate\\Http\\Request))
#15 /home/rivalmsr/Documents/rdeveloper/laravel/ecommerce-adminLTE/vendor/laravel/framework/src/Illuminate/Pipeline/Pipeline.php(163): Illuminate\\Auth\\Middleware\\Authenticate->handle(Object(Illuminate\\Http\\Request), Object(Closure))
#16 /home/rivalmsr/Documents/rdeveloper/laravel/ecommerce-adminLTE/vendor/laravel/framework/src/Illuminate/Routing/Pipeline.php(53): Illuminate\\Pipeline\\Pipeline->Illuminate\\Pipeline\\{closure}(Object(Illuminate\\Http\\Request))
#17 /home/rivalmsr/Documents/rdeveloper/laravel/ecommerce-adminLTE/vendor/laravel/framework/src/Illuminate/Foundation/Http/Middleware/VerifyCsrfToken.php(75): Illuminate\\Routing\\Pipeline->Illuminate\\Routing\\{closure}(Object(Illuminate\\Http\\Request))
#18 /home/rivalmsr/Documents/rdeveloper/laravel/ecommerce-adminLTE/vendor/laravel/framework/src/Illuminate/Pipeline/Pipeline.php(163): Illuminate\\Foundation\\Http\\Middleware\\VerifyCsrfToken->handle(Object(Illuminate\\Http\\Request), Object(Closure))
#19 /home/rivalmsr/Documents/rdeveloper/laravel/ecommerce-adminLTE/vendor/laravel/framework/src/Illuminate/Routing/Pipeline.php(53): Illuminate\\Pipeline\\Pipeline->Illuminate\\Pipeline\\{closure}(Object(Illuminate\\Http\\Request))
#20 /home/rivalmsr/Documents/rdeveloper/laravel/ecommerce-adminLTE/vendor/laravel/framework/src/Illuminate/View/Middleware/ShareErrorsFromSession.php(49): Illuminate\\Routing\\Pipeline->Illuminate\\Routing\\{closure}(Object(Illuminate\\Http\\Request))
#21 /home/rivalmsr/Documents/rdeveloper/laravel/ecommerce-adminLTE/vendor/laravel/framework/src/Illuminate/Pipeline/Pipeline.php(163): Illuminate\\View\\Middleware\\ShareErrorsFromSession->handle(Object(Illuminate\\Http\\Request), Object(Closure))
#22 /home/rivalmsr/Documents/rdeveloper/laravel/ecommerce-adminLTE/vendor/laravel/framework/src/Illuminate/Routing/Pipeline.php(53): Illuminate\\Pipeline\\Pipeline->Illuminate\\Pipeline\\{closure}(Object(Illuminate\\Http\\Request))
#23 /home/rivalmsr/Documents/rdeveloper/laravel/ecommerce-adminLTE/vendor/laravel/framework/src/Illuminate/Session/Middleware/StartSession.php(59): Illuminate\\Routing\\Pipeline->Illuminate\\Routing\\{closure}(Object(Illuminate\\Http\\Request))
#24 /home/rivalmsr/Documents/rdeveloper/laravel/ecommerce-adminLTE/vendor/laravel/framework/src/Illuminate/Pipeline/Pipeline.php(163): Illuminate\\Session\\Middleware\\StartSession->handle(Object(Illuminate\\Http\\Request), Object(Closure))
#25 /home/rivalmsr/Documents/rdeveloper/laravel/ecommerce-adminLTE/vendor/laravel/framework/src/Illuminate/Routing/Pipeline.php(53): Illuminate\\Pipeline\\Pipeline->Illuminate\\Pipeline\\{closure}(Object(Illuminate\\Http\\Request))
#26 /home/rivalmsr/Documents/rdeveloper/laravel/ecommerce-adminLTE/vendor/laravel/framework/src/Illuminate/Cookie/Middleware/AddQueuedCookiesToResponse.php(37): Illuminate\\Routing\\Pipeline->Illuminate\\Routing\\{closure}(Object(Illuminate\\Http\\Request))
#27 /home/rivalmsr/Documents/rdeveloper/laravel/ecommerce-adminLTE/vendor/laravel/framework/src/Illuminate/Pipeline/Pipeline.php(163): Illuminate\\Cookie\\Middleware\\AddQueuedCookiesToResponse->handle(Object(Illuminate\\Http\\Request), Object(Closure))
#28 /home/rivalmsr/Documents/rdeveloper/laravel/ecommerce-adminLTE/vendor/laravel/framework/src/Illuminate/Routing/Pipeline.php(53): Illuminate\\Pipeline\\Pipeline->Illuminate\\Pipeline\\{closure}(Object(Illuminate\\Http\\Request))
#29 /home/rivalmsr/Documents/rdeveloper/laravel/ecommerce-adminLTE/vendor/laravel/framework/src/Illuminate/Cookie/Middleware/EncryptCookies.php(66): Illuminate\\Routing\\Pipeline->Illuminate\\Routing\\{closure}(Object(Illuminate\\Http\\Request))
#30 /home/rivalmsr/Documents/rdeveloper/laravel/ecommerce-adminLTE/vendor/laravel/framework/src/Illuminate/Pipeline/Pipeline.php(163): Illuminate\\Cookie\\Middleware\\EncryptCookies->handle(Object(Illuminate\\Http\\Request), Object(Closure))
#31 /home/rivalmsr/Documents/rdeveloper/laravel/ecommerce-adminLTE/vendor/laravel/framework/src/Illuminate/Routing/Pipeline.php(53): Illuminate\\Pipeline\\Pipeline->Illuminate\\Pipeline\\{closure}(Object(Illuminate\\Http\\Request))
#32 /home/rivalmsr/Documents/rdeveloper/laravel/ecommerce-adminLTE/vendor/laravel/framework/src/Illuminate/Pipeline/Pipeline.php(104): Illuminate\\Routing\\Pipeline->Illuminate\\Routing\\{closure}(Object(Illuminate\\Http\\Request))
#33 /home/rivalmsr/Documents/rdeveloper/laravel/ecommerce-adminLTE/vendor/laravel/framework/src/Illuminate/Routing/Router.php(682): Illuminate\\Pipeline\\Pipeline->then(Object(Closure))
#34 /home/rivalmsr/Documents/rdeveloper/laravel/ecommerce-adminLTE/vendor/laravel/framework/src/Illuminate/Routing/Router.php(657): Illuminate\\Routing\\Router->runRouteWithinStack(Object(Illuminate\\Routing\\Route), Object(Illuminate\\Http\\Request))
#35 /home/rivalmsr/Documents/rdeveloper/laravel/ecommerce-adminLTE/vendor/laravel/framework/src/Illuminate/Routing/Router.php(623): Illuminate\\Routing\\Router->runRoute(Object(Illuminate\\Http\\Request), Object(Illuminate\\Routing\\Route))
#36 /home/rivalmsr/Documents/rdeveloper/laravel/ecommerce-adminLTE/vendor/laravel/framework/src/Illuminate/Routing/Router.php(612): Illuminate\\Routing\\Router->dispatchToRoute(Object(Illuminate\\Http\\Request))
#37 /home/rivalmsr/Documents/rdeveloper/laravel/ecommerce-adminLTE/vendor/laravel/framework/src/Illuminate/Foundation/Http/Kernel.php(176): Illuminate\\Routing\\Router->dispatch(Object(Illuminate\\Http\\Request))
#38 /home/rivalmsr/Documents/rdeveloper/laravel/ecommerce-adminLTE/vendor/laravel/framework/src/Illuminate/Routing/Pipeline.php(30): Illuminate\\Foundation\\Http\\Kernel->Illuminate\\Foundation\\Http\\{closure}(Object(Illuminate\\Http\\Request))
#39 /home/rivalmsr/Documents/rdeveloper/laravel/ecommerce-adminLTE/vendor/fideloper/proxy/src/TrustProxies.php(57): Illuminate\\Routing\\Pipeline->Illuminate\\Routing\\{closure}(Object(Illuminate\\Http\\Request))
#40 /home/rivalmsr/Documents/rdeveloper/laravel/ecommerce-adminLTE/vendor/laravel/framework/src/Illuminate/Pipeline/Pipeline.php(163): Fideloper\\Proxy\\TrustProxies->handle(Object(Illuminate\\Http\\Request), Object(Closure))
#41 /home/rivalmsr/Documents/rdeveloper/laravel/ecommerce-adminLTE/vendor/laravel/framework/src/Illuminate/Routing/Pipeline.php(53): Illuminate\\Pipeline\\Pipeline->Illuminate\\Pipeline\\{closure}(Object(Illuminate\\Http\\Request))
#42 /home/rivalmsr/Documents/rdeveloper/laravel/ecommerce-adminLTE/vendor/laravel/framework/src/Illuminate/Foundation/Http/Middleware/TransformsRequest.php(21): Illuminate\\Routing\\Pipeline->Illuminate\\Routing\\{closure}(Object(Illuminate\\Http\\Request))
#43 /home/rivalmsr/Documents/rdeveloper/laravel/ecommerce-adminLTE/vendor/laravel/framework/src/Illuminate/Pipeline/Pipeline.php(163): Illuminate\\Foundation\\Http\\Middleware\\TransformsRequest->handle(Object(Illuminate\\Http\\Request), Object(Closure))
#44 /home/rivalmsr/Documents/rdeveloper/laravel/ecommerce-adminLTE/vendor/laravel/framework/src/Illuminate/Routing/Pipeline.php(53): Illuminate\\Pipeline\\Pipeline->Illuminate\\Pipeline\\{closure}(Object(Illuminate\\Http\\Request))
#45 /home/rivalmsr/Documents/rdeveloper/laravel/ecommerce-adminLTE/vendor/laravel/framework/src/Illuminate/Foundation/Http/Middleware/TransformsRequest.php(21): Illuminate\\Routing\\Pipeline->Illuminate\\Routing\\{closure}(Object(Illuminate\\Http\\Request))
#46 /home/rivalmsr/Documents/rdeveloper/laravel/ecommerce-adminLTE/vendor/laravel/framework/src/Illuminate/Pipeline/Pipeline.php(163): Illuminate\\Foundation\\Http\\Middleware\\TransformsRequest->handle(Object(Illuminate\\Http\\Request), Object(Closure))
#47 /home/rivalmsr/Documents/rdeveloper/laravel/ecommerce-adminLTE/vendor/laravel/framework/src/Illuminate/Routing/Pipeline.php(53): Illuminate\\Pipeline\\Pipeline->Illuminate\\Pipeline\\{closure}(Object(Illuminate\\Http\\Request))
#48 /home/rivalmsr/Documents/rdeveloper/laravel/ecommerce-adminLTE/vendor/laravel/framework/src/Illuminate/Foundation/Http/Middleware/ValidatePostSize.php(27): Illuminate\\Routing\\Pipeline->Illuminate\\Routing\\{closure}(Object(Illuminate\\Http\\Request))
#49 /home/rivalmsr/Documents/rdeveloper/laravel/ecommerce-adminLTE/vendor/laravel/framework/src/Illuminate/Pipeline/Pipeline.php(163): Illuminate\\Foundation\\Http\\Middleware\\ValidatePostSize->handle(Object(Illuminate\\Http\\Request), Object(Closure))
#50 /home/rivalmsr/Documents/rdeveloper/laravel/ecommerce-adminLTE/vendor/laravel/framework/src/Illuminate/Routing/Pipeline.php(53): Illuminate\\Pipeline\\Pipeline->Illuminate\\Pipeline\\{closure}(Object(Illuminate\\Http\\Request))
#51 /home/rivalmsr/Documents/rdeveloper/laravel/ecommerce-adminLTE/vendor/laravel/framework/src/Illuminate/Foundation/Http/Middleware/CheckForMaintenanceMode.php(62): Illuminate\\Routing\\Pipeline->Illuminate\\Routing\\{closure}(Object(Illuminate\\Http\\Request))
#52 /home/rivalmsr/Documents/rdeveloper/laravel/ecommerce-adminLTE/vendor/laravel/framework/src/Illuminate/Pipeline/Pipeline.php(163): Illuminate\\Foundation\\Http\\Middleware\\CheckForMaintenanceMode->handle(Object(Illuminate\\Http\\Request), Object(Closure))
#53 /home/rivalmsr/Documents/rdeveloper/laravel/ecommerce-adminLTE/vendor/laravel/framework/src/Illuminate/Routing/Pipeline.php(53): Illuminate\\Pipeline\\Pipeline->Illuminate\\Pipeline\\{closure}(Object(Illuminate\\Http\\Request))
#54 /home/rivalmsr/Documents/rdeveloper/laravel/ecommerce-adminLTE/vendor/laravel/framework/src/Illuminate/Pipeline/Pipeline.php(104): Illuminate\\Routing\\Pipeline->Illuminate\\Routing\\{closure}(Object(Illuminate\\Http\\Request))
#55 /home/rivalmsr/Documents/rdeveloper/laravel/ecommerce-adminLTE/vendor/laravel/framework/src/Illuminate/Foundation/Http/Kernel.php(151): Illuminate\\Pipeline\\Pipeline->then(Object(Closure))
#56 /home/rivalmsr/Documents/rdeveloper/laravel/ecommerce-adminLTE/vendor/laravel/framework/src/Illuminate/Foundation/Http/Kernel.php(116): Illuminate\\Foundation\\Http\\Kernel->sendRequestThroughRouter(Object(Illuminate\\Http\\Request))
#57 /home/rivalmsr/Documents/rdeveloper/laravel/ecommerce-adminLTE/public/index.php(55): Illuminate\\Foundation\\Http\\Kernel->handle(Object(Illuminate\\Http\\Request))
#58 /home/rivalmsr/Documents/rdeveloper/laravel/ecommerce-adminLTE/server.php(21): require_once('/home/rivalmsr/...')
#59 {main}
"} 
[2019-06-27 15:44:36] local.ERROR: Trying to get property 'image_url' of non-object (View: /home/rivalmsr/Documents/rdeveloper/laravel/ecommerce-adminLTE/resources/views/products/show.blade.php) {"userId":1,"exception":"[object] (ErrorException(code: 0): Trying to get property 'image_url' of non-object (View: /home/rivalmsr/Documents/rdeveloper/laravel/ecommerce-adminLTE/resources/views/products/show.blade.php) at /home/rivalmsr/Documents/rdeveloper/laravel/ecommerce-adminLTE/storage/framework/views/9732eb92e01492b618f13db6c331af118734b205.php:16, ErrorException(code: 0): Trying to get property 'image_url' of non-object at /home/rivalmsr/Documents/rdeveloper/laravel/ecommerce-adminLTE/storage/framework/views/9732eb92e01492b618f13db6c331af118734b205.php:16)
[stacktrace]
#0 /home/rivalmsr/Documents/rdeveloper/laravel/ecommerce-adminLTE/vendor/laravel/framework/src/Illuminate/View/Engines/PhpEngine.php(45): Illuminate\\View\\Engines\\CompilerEngine->handleViewException(Object(ErrorException), 1)
#1 /home/rivalmsr/Documents/rdeveloper/laravel/ecommerce-adminLTE/vendor/laravel/framework/src/Illuminate/View/Engines/CompilerEngine.php(59): Illuminate\\View\\Engines\\PhpEngine->evaluatePath('/home/rivalmsr/...', Array)
#2 /home/rivalmsr/Documents/rdeveloper/laravel/ecommerce-adminLTE/vendor/laravel/framework/src/Illuminate/View/View.php(142): Illuminate\\View\\Engines\\CompilerEngine->get('/home/rivalmsr/...', Array)
#3 /home/rivalmsr/Documents/rdeveloper/laravel/ecommerce-adminLTE/vendor/laravel/framework/src/Illuminate/View/View.php(125): Illuminate\\View\\View->getContents()
#4 /home/rivalmsr/Documents/rdeveloper/laravel/ecommerce-adminLTE/vendor/laravel/framework/src/Illuminate/View/View.php(90): Illuminate\\View\\View->renderContents()
#5 /home/rivalmsr/Documents/rdeveloper/laravel/ecommerce-adminLTE/vendor/laravel/framework/src/Illuminate/Http/Response.php(42): Illuminate\\View\\View->render()
#6 /home/rivalmsr/Documents/rdeveloper/laravel/ecommerce-adminLTE/vendor/symfony/http-foundation/Response.php(202): Illuminate\\Http\\Response->setContent(Object(Illuminate\\View\\View))
#7 /home/rivalmsr/Documents/rdeveloper/laravel/ecommerce-adminLTE/vendor/laravel/framework/src/Illuminate/Routing/Router.php(748): Symfony\\Component\\HttpFoundation\\Response->__construct(Object(Illuminate\\View\\View))
#8 /home/rivalmsr/Documents/rdeveloper/laravel/ecommerce-adminLTE/vendor/laravel/framework/src/Illuminate/Routing/Router.php(720): Illuminate\\Routing\\Router::toResponse(Object(Illuminate\\Http\\Request), Object(Illuminate\\View\\View))
#9 /home/rivalmsr/Documents/rdeveloper/laravel/ecommerce-adminLTE/vendor/laravel/framework/src/Illuminate/Routing/Router.php(680): Illuminate\\Routing\\Router->prepareResponse(Object(Illuminate\\Http\\Request), Object(Illuminate\\View\\View))
#10 /home/rivalmsr/Documents/rdeveloper/laravel/ecommerce-adminLTE/vendor/laravel/framework/src/Illuminate/Routing/Pipeline.php(30): Illuminate\\Routing\\Router->Illuminate\\Routing\\{closure}(Object(Illuminate\\Http\\Request))
#11 /home/rivalmsr/Documents/rdeveloper/laravel/ecommerce-adminLTE/vendor/laravel/framework/src/Illuminate/Routing/Middleware/SubstituteBindings.php(41): Illuminate\\Routing\\Pipeline->Illuminate\\Routing\\{closure}(Object(Illuminate\\Http\\Request))
#12 /home/rivalmsr/Documents/rdeveloper/laravel/ecommerce-adminLTE/vendor/laravel/framework/src/Illuminate/Pipeline/Pipeline.php(163): Illuminate\\Routing\\Middleware\\SubstituteBindings->handle(Object(Illuminate\\Http\\Request), Object(Closure))
#13 /home/rivalmsr/Documents/rdeveloper/laravel/ecommerce-adminLTE/vendor/laravel/framework/src/Illuminate/Routing/Pipeline.php(53): Illuminate\\Pipeline\\Pipeline->Illuminate\\Pipeline\\{closure}(Object(Illuminate\\Http\\Request))
#14 /home/rivalmsr/Documents/rdeveloper/laravel/ecommerce-adminLTE/vendor/laravel/framework/src/Illuminate/Auth/Middleware/Authenticate.php(43): Illuminate\\Routing\\Pipeline->Illuminate\\Routing\\{closure}(Object(Illuminate\\Http\\Request))
#15 /home/rivalmsr/Documents/rdeveloper/laravel/ecommerce-adminLTE/vendor/laravel/framework/src/Illuminate/Pipeline/Pipeline.php(163): Illuminate\\Auth\\Middleware\\Authenticate->handle(Object(Illuminate\\Http\\Request), Object(Closure))
#16 /home/rivalmsr/Documents/rdeveloper/laravel/ecommerce-adminLTE/vendor/laravel/framework/src/Illuminate/Routing/Pipeline.php(53): Illuminate\\Pipeline\\Pipeline->Illuminate\\Pipeline\\{closure}(Object(Illuminate\\Http\\Request))
#17 /home/rivalmsr/Documents/rdeveloper/laravel/ecommerce-adminLTE/vendor/laravel/framework/src/Illuminate/Foundation/Http/Middleware/VerifyCsrfToken.php(75): Illuminate\\Routing\\Pipeline->Illuminate\\Routing\\{closure}(Object(Illuminate\\Http\\Request))
#18 /home/rivalmsr/Documents/rdeveloper/laravel/ecommerce-adminLTE/vendor/laravel/framework/src/Illuminate/Pipeline/Pipeline.php(163): Illuminate\\Foundation\\Http\\Middleware\\VerifyCsrfToken->handle(Object(Illuminate\\Http\\Request), Object(Closure))
#19 /home/rivalmsr/Documents/rdeveloper/laravel/ecommerce-adminLTE/vendor/laravel/framework/src/Illuminate/Routing/Pipeline.php(53): Illuminate\\Pipeline\\Pipeline->Illuminate\\Pipeline\\{closure}(Object(Illuminate\\Http\\Request))
#20 /home/rivalmsr/Documents/rdeveloper/laravel/ecommerce-adminLTE/vendor/laravel/framework/src/Illuminate/View/Middleware/ShareErrorsFromSession.php(49): Illuminate\\Routing\\Pipeline->Illuminate\\Routing\\{closure}(Object(Illuminate\\Http\\Request))
#21 /home/rivalmsr/Documents/rdeveloper/laravel/ecommerce-adminLTE/vendor/laravel/framework/src/Illuminate/Pipeline/Pipeline.php(163): Illuminate\\View\\Middleware\\ShareErrorsFromSession->handle(Object(Illuminate\\Http\\Request), Object(Closure))
#22 /home/rivalmsr/Documents/rdeveloper/laravel/ecommerce-adminLTE/vendor/laravel/framework/src/Illuminate/Routing/Pipeline.php(53): Illuminate\\Pipeline\\Pipeline->Illuminate\\Pipeline\\{closure}(Object(Illuminate\\Http\\Request))
#23 /home/rivalmsr/Documents/rdeveloper/laravel/ecommerce-adminLTE/vendor/laravel/framework/src/Illuminate/Session/Middleware/StartSession.php(59): Illuminate\\Routing\\Pipeline->Illuminate\\Routing\\{closure}(Object(Illuminate\\Http\\Request))
#24 /home/rivalmsr/Documents/rdeveloper/laravel/ecommerce-adminLTE/vendor/laravel/framework/src/Illuminate/Pipeline/Pipeline.php(163): Illuminate\\Session\\Middleware\\StartSession->handle(Object(Illuminate\\Http\\Request), Object(Closure))
#25 /home/rivalmsr/Documents/rdeveloper/laravel/ecommerce-adminLTE/vendor/laravel/framework/src/Illuminate/Routing/Pipeline.php(53): Illuminate\\Pipeline\\Pipeline->Illuminate\\Pipeline\\{closure}(Object(Illuminate\\Http\\Request))
#26 /home/rivalmsr/Documents/rdeveloper/laravel/ecommerce-adminLTE/vendor/laravel/framework/src/Illuminate/Cookie/Middleware/AddQueuedCookiesToResponse.php(37): Illuminate\\Routing\\Pipeline->Illuminate\\Routing\\{closure}(Object(Illuminate\\Http\\Request))
#27 /home/rivalmsr/Documents/rdeveloper/laravel/ecommerce-adminLTE/vendor/laravel/framework/src/Illuminate/Pipeline/Pipeline.php(163): Illuminate\\Cookie\\Middleware\\AddQueuedCookiesToResponse->handle(Object(Illuminate\\Http\\Request), Object(Closure))
#28 /home/rivalmsr/Documents/rdeveloper/laravel/ecommerce-adminLTE/vendor/laravel/framework/src/Illuminate/Routing/Pipeline.php(53): Illuminate\\Pipeline\\Pipeline->Illuminate\\Pipeline\\{closure}(Object(Illuminate\\Http\\Request))
#29 /home/rivalmsr/Documents/rdeveloper/laravel/ecommerce-adminLTE/vendor/laravel/framework/src/Illuminate/Cookie/Middleware/EncryptCookies.php(66): Illuminate\\Routing\\Pipeline->Illuminate\\Routing\\{closure}(Object(Illuminate\\Http\\Request))
#30 /home/rivalmsr/Documents/rdeveloper/laravel/ecommerce-adminLTE/vendor/laravel/framework/src/Illuminate/Pipeline/Pipeline.php(163): Illuminate\\Cookie\\Middleware\\EncryptCookies->handle(Object(Illuminate\\Http\\Request), Object(Closure))
#31 /home/rivalmsr/Documents/rdeveloper/laravel/ecommerce-adminLTE/vendor/laravel/framework/src/Illuminate/Routing/Pipeline.php(53): Illuminate\\Pipeline\\Pipeline->Illuminate\\Pipeline\\{closure}(Object(Illuminate\\Http\\Request))
#32 /home/rivalmsr/Documents/rdeveloper/laravel/ecommerce-adminLTE/vendor/laravel/framework/src/Illuminate/Pipeline/Pipeline.php(104): Illuminate\\Routing\\Pipeline->Illuminate\\Routing\\{closure}(Object(Illuminate\\Http\\Request))
#33 /home/rivalmsr/Documents/rdeveloper/laravel/ecommerce-adminLTE/vendor/laravel/framework/src/Illuminate/Routing/Router.php(682): Illuminate\\Pipeline\\Pipeline->then(Object(Closure))
#34 /home/rivalmsr/Documents/rdeveloper/laravel/ecommerce-adminLTE/vendor/laravel/framework/src/Illuminate/Routing/Router.php(657): Illuminate\\Routing\\Router->runRouteWithinStack(Object(Illuminate\\Routing\\Route), Object(Illuminate\\Http\\Request))
#35 /home/rivalmsr/Documents/rdeveloper/laravel/ecommerce-adminLTE/vendor/laravel/framework/src/Illuminate/Routing/Router.php(623): Illuminate\\Routing\\Router->runRoute(Object(Illuminate\\Http\\Request), Object(Illuminate\\Routing\\Route))
#36 /home/rivalmsr/Documents/rdeveloper/laravel/ecommerce-adminLTE/vendor/laravel/framework/src/Illuminate/Routing/Router.php(612): Illuminate\\Routing\\Router->dispatchToRoute(Object(Illuminate\\Http\\Request))
#37 /home/rivalmsr/Documents/rdeveloper/laravel/ecommerce-adminLTE/vendor/laravel/framework/src/Illuminate/Foundation/Http/Kernel.php(176): Illuminate\\Routing\\Router->dispatch(Object(Illuminate\\Http\\Request))
#38 /home/rivalmsr/Documents/rdeveloper/laravel/ecommerce-adminLTE/vendor/laravel/framework/src/Illuminate/Routing/Pipeline.php(30): Illuminate\\Foundation\\Http\\Kernel->Illuminate\\Foundation\\Http\\{closure}(Object(Illuminate\\Http\\Request))
#39 /home/rivalmsr/Documents/rdeveloper/laravel/ecommerce-adminLTE/vendor/fideloper/proxy/src/TrustProxies.php(57): Illuminate\\Routing\\Pipeline->Illuminate\\Routing\\{closure}(Object(Illuminate\\Http\\Request))
#40 /home/rivalmsr/Documents/rdeveloper/laravel/ecommerce-adminLTE/vendor/laravel/framework/src/Illuminate/Pipeline/Pipeline.php(163): Fideloper\\Proxy\\TrustProxies->handle(Object(Illuminate\\Http\\Request), Object(Closure))
#41 /home/rivalmsr/Documents/rdeveloper/laravel/ecommerce-adminLTE/vendor/laravel/framework/src/Illuminate/Routing/Pipeline.php(53): Illuminate\\Pipeline\\Pipeline->Illuminate\\Pipeline\\{closure}(Object(Illuminate\\Http\\Request))
#42 /home/rivalmsr/Documents/rdeveloper/laravel/ecommerce-adminLTE/vendor/laravel/framework/src/Illuminate/Foundation/Http/Middleware/TransformsRequest.php(21): Illuminate\\Routing\\Pipeline->Illuminate\\Routing\\{closure}(Object(Illuminate\\Http\\Request))
#43 /home/rivalmsr/Documents/rdeveloper/laravel/ecommerce-adminLTE/vendor/laravel/framework/src/Illuminate/Pipeline/Pipeline.php(163): Illuminate\\Foundation\\Http\\Middleware\\TransformsRequest->handle(Object(Illuminate\\Http\\Request), Object(Closure))
#44 /home/rivalmsr/Documents/rdeveloper/laravel/ecommerce-adminLTE/vendor/laravel/framework/src/Illuminate/Routing/Pipeline.php(53): Illuminate\\Pipeline\\Pipeline->Illuminate\\Pipeline\\{closure}(Object(Illuminate\\Http\\Request))
#45 /home/rivalmsr/Documents/rdeveloper/laravel/ecommerce-adminLTE/vendor/laravel/framework/src/Illuminate/Foundation/Http/Middleware/TransformsRequest.php(21): Illuminate\\Routing\\Pipeline->Illuminate\\Routing\\{closure}(Object(Illuminate\\Http\\Request))
#46 /home/rivalmsr/Documents/rdeveloper/laravel/ecommerce-adminLTE/vendor/laravel/framework/src/Illuminate/Pipeline/Pipeline.php(163): Illuminate\\Foundation\\Http\\Middleware\\TransformsRequest->handle(Object(Illuminate\\Http\\Request), Object(Closure))
#47 /home/rivalmsr/Documents/rdeveloper/laravel/ecommerce-adminLTE/vendor/laravel/framework/src/Illuminate/Routing/Pipeline.php(53): Illuminate\\Pipeline\\Pipeline->Illuminate\\Pipeline\\{closure}(Object(Illuminate\\Http\\Request))
#48 /home/rivalmsr/Documents/rdeveloper/laravel/ecommerce-adminLTE/vendor/laravel/framework/src/Illuminate/Foundation/Http/Middleware/ValidatePostSize.php(27): Illuminate\\Routing\\Pipeline->Illuminate\\Routing\\{closure}(Object(Illuminate\\Http\\Request))
#49 /home/rivalmsr/Documents/rdeveloper/laravel/ecommerce-adminLTE/vendor/laravel/framework/src/Illuminate/Pipeline/Pipeline.php(163): Illuminate\\Foundation\\Http\\Middleware\\ValidatePostSize->handle(Object(Illuminate\\Http\\Request), Object(Closure))
#50 /home/rivalmsr/Documents/rdeveloper/laravel/ecommerce-adminLTE/vendor/laravel/framework/src/Illuminate/Routing/Pipeline.php(53): Illuminate\\Pipeline\\Pipeline->Illuminate\\Pipeline\\{closure}(Object(Illuminate\\Http\\Request))
#51 /home/rivalmsr/Documents/rdeveloper/laravel/ecommerce-adminLTE/vendor/laravel/framework/src/Illuminate/Foundation/Http/Middleware/CheckForMaintenanceMode.php(62): Illuminate\\Routing\\Pipeline->Illuminate\\Routing\\{closure}(Object(Illuminate\\Http\\Request))
#52 /home/rivalmsr/Documents/rdeveloper/laravel/ecommerce-adminLTE/vendor/laravel/framework/src/Illuminate/Pipeline/Pipeline.php(163): Illuminate\\Foundation\\Http\\Middleware\\CheckForMaintenanceMode->handle(Object(Illuminate\\Http\\Request), Object(Closure))
#53 /home/rivalmsr/Documents/rdeveloper/laravel/ecommerce-adminLTE/vendor/laravel/framework/src/Illuminate/Routing/Pipeline.php(53): Illuminate\\Pipeline\\Pipeline->Illuminate\\Pipeline\\{closure}(Object(Illuminate\\Http\\Request))
#54 /home/rivalmsr/Documents/rdeveloper/laravel/ecommerce-adminLTE/vendor/laravel/framework/src/Illuminate/Pipeline/Pipeline.php(104): Illuminate\\Routing\\Pipeline->Illuminate\\Routing\\{closure}(Object(Illuminate\\Http\\Request))
#55 /home/rivalmsr/Documents/rdeveloper/laravel/ecommerce-adminLTE/vendor/laravel/framework/src/Illuminate/Foundation/Http/Kernel.php(151): Illuminate\\Pipeline\\Pipeline->then(Object(Closure))
#56 /home/rivalmsr/Documents/rdeveloper/laravel/ecommerce-adminLTE/vendor/laravel/framework/src/Illuminate/Foundation/Http/Kernel.php(116): Illuminate\\Foundation\\Http\\Kernel->sendRequestThroughRouter(Object(Illuminate\\Http\\Request))
#57 /home/rivalmsr/Documents/rdeveloper/laravel/ecommerce-adminLTE/public/index.php(55): Illuminate\\Foundation\\Http\\Kernel->handle(Object(Illuminate\\Http\\Request))
#58 /home/rivalmsr/Documents/rdeveloper/laravel/ecommerce-adminLTE/server.php(21): require_once('/home/rivalmsr/...')
#59 {main}
"} 
[2019-06-27 15:44:55] local.ERROR: Trying to get property 'image_url' of non-object (View: /home/rivalmsr/Documents/rdeveloper/laravel/ecommerce-adminLTE/resources/views/products/show.blade.php) {"userId":1,"exception":"[object] (ErrorException(code: 0): Trying to get property 'image_url' of non-object (View: /home/rivalmsr/Documents/rdeveloper/laravel/ecommerce-adminLTE/resources/views/products/show.blade.php) at /home/rivalmsr/Documents/rdeveloper/laravel/ecommerce-adminLTE/storage/framework/views/9732eb92e01492b618f13db6c331af118734b205.php:16, ErrorException(code: 0): Trying to get property 'image_url' of non-object at /home/rivalmsr/Documents/rdeveloper/laravel/ecommerce-adminLTE/storage/framework/views/9732eb92e01492b618f13db6c331af118734b205.php:16)
[stacktrace]
#0 /home/rivalmsr/Documents/rdeveloper/laravel/ecommerce-adminLTE/vendor/laravel/framework/src/Illuminate/View/Engines/PhpEngine.php(45): Illuminate\\View\\Engines\\CompilerEngine->handleViewException(Object(ErrorException), 1)
#1 /home/rivalmsr/Documents/rdeveloper/laravel/ecommerce-adminLTE/vendor/laravel/framework/src/Illuminate/View/Engines/CompilerEngine.php(59): Illuminate\\View\\Engines\\PhpEngine->evaluatePath('/home/rivalmsr/...', Array)
#2 /home/rivalmsr/Documents/rdeveloper/laravel/ecommerce-adminLTE/vendor/laravel/framework/src/Illuminate/View/View.php(142): Illuminate\\View\\Engines\\CompilerEngine->get('/home/rivalmsr/...', Array)
#3 /home/rivalmsr/Documents/rdeveloper/laravel/ecommerce-adminLTE/vendor/laravel/framework/src/Illuminate/View/View.php(125): Illuminate\\View\\View->getContents()
#4 /home/rivalmsr/Documents/rdeveloper/laravel/ecommerce-adminLTE/vendor/laravel/framework/src/Illuminate/View/View.php(90): Illuminate\\View\\View->renderContents()
#5 /home/rivalmsr/Documents/rdeveloper/laravel/ecommerce-adminLTE/vendor/laravel/framework/src/Illuminate/Http/Response.php(42): Illuminate\\View\\View->render()
#6 /home/rivalmsr/Documents/rdeveloper/laravel/ecommerce-adminLTE/vendor/symfony/http-foundation/Response.php(202): Illuminate\\Http\\Response->setContent(Object(Illuminate\\View\\View))
#7 /home/rivalmsr/Documents/rdeveloper/laravel/ecommerce-adminLTE/vendor/laravel/framework/src/Illuminate/Routing/Router.php(748): Symfony\\Component\\HttpFoundation\\Response->__construct(Object(Illuminate\\View\\View))
#8 /home/rivalmsr/Documents/rdeveloper/laravel/ecommerce-adminLTE/vendor/laravel/framework/src/Illuminate/Routing/Router.php(720): Illuminate\\Routing\\Router::toResponse(Object(Illuminate\\Http\\Request), Object(Illuminate\\View\\View))
#9 /home/rivalmsr/Documents/rdeveloper/laravel/ecommerce-adminLTE/vendor/laravel/framework/src/Illuminate/Routing/Router.php(680): Illuminate\\Routing\\Router->prepareResponse(Object(Illuminate\\Http\\Request), Object(Illuminate\\View\\View))
#10 /home/rivalmsr/Documents/rdeveloper/laravel/ecommerce-adminLTE/vendor/laravel/framework/src/Illuminate/Routing/Pipeline.php(30): Illuminate\\Routing\\Router->Illuminate\\Routing\\{closure}(Object(Illuminate\\Http\\Request))
#11 /home/rivalmsr/Documents/rdeveloper/laravel/ecommerce-adminLTE/vendor/laravel/framework/src/Illuminate/Routing/Middleware/SubstituteBindings.php(41): Illuminate\\Routing\\Pipeline->Illuminate\\Routing\\{closure}(Object(Illuminate\\Http\\Request))
#12 /home/rivalmsr/Documents/rdeveloper/laravel/ecommerce-adminLTE/vendor/laravel/framework/src/Illuminate/Pipeline/Pipeline.php(163): Illuminate\\Routing\\Middleware\\SubstituteBindings->handle(Object(Illuminate\\Http\\Request), Object(Closure))
#13 /home/rivalmsr/Documents/rdeveloper/laravel/ecommerce-adminLTE/vendor/laravel/framework/src/Illuminate/Routing/Pipeline.php(53): Illuminate\\Pipeline\\Pipeline->Illuminate\\Pipeline\\{closure}(Object(Illuminate\\Http\\Request))
#14 /home/rivalmsr/Documents/rdeveloper/laravel/ecommerce-adminLTE/vendor/laravel/framework/src/Illuminate/Auth/Middleware/Authenticate.php(43): Illuminate\\Routing\\Pipeline->Illuminate\\Routing\\{closure}(Object(Illuminate\\Http\\Request))
#15 /home/rivalmsr/Documents/rdeveloper/laravel/ecommerce-adminLTE/vendor/laravel/framework/src/Illuminate/Pipeline/Pipeline.php(163): Illuminate\\Auth\\Middleware\\Authenticate->handle(Object(Illuminate\\Http\\Request), Object(Closure))
#16 /home/rivalmsr/Documents/rdeveloper/laravel/ecommerce-adminLTE/vendor/laravel/framework/src/Illuminate/Routing/Pipeline.php(53): Illuminate\\Pipeline\\Pipeline->Illuminate\\Pipeline\\{closure}(Object(Illuminate\\Http\\Request))
#17 /home/rivalmsr/Documents/rdeveloper/laravel/ecommerce-adminLTE/vendor/laravel/framework/src/Illuminate/Foundation/Http/Middleware/VerifyCsrfToken.php(75): Illuminate\\Routing\\Pipeline->Illuminate\\Routing\\{closure}(Object(Illuminate\\Http\\Request))
#18 /home/rivalmsr/Documents/rdeveloper/laravel/ecommerce-adminLTE/vendor/laravel/framework/src/Illuminate/Pipeline/Pipeline.php(163): Illuminate\\Foundation\\Http\\Middleware\\VerifyCsrfToken->handle(Object(Illuminate\\Http\\Request), Object(Closure))
#19 /home/rivalmsr/Documents/rdeveloper/laravel/ecommerce-adminLTE/vendor/laravel/framework/src/Illuminate/Routing/Pipeline.php(53): Illuminate\\Pipeline\\Pipeline->Illuminate\\Pipeline\\{closure}(Object(Illuminate\\Http\\Request))
#20 /home/rivalmsr/Documents/rdeveloper/laravel/ecommerce-adminLTE/vendor/laravel/framework/src/Illuminate/View/Middleware/ShareErrorsFromSession.php(49): Illuminate\\Routing\\Pipeline->Illuminate\\Routing\\{closure}(Object(Illuminate\\Http\\Request))
#21 /home/rivalmsr/Documents/rdeveloper/laravel/ecommerce-adminLTE/vendor/laravel/framework/src/Illuminate/Pipeline/Pipeline.php(163): Illuminate\\View\\Middleware\\ShareErrorsFromSession->handle(Object(Illuminate\\Http\\Request), Object(Closure))
#22 /home/rivalmsr/Documents/rdeveloper/laravel/ecommerce-adminLTE/vendor/laravel/framework/src/Illuminate/Routing/Pipeline.php(53): Illuminate\\Pipeline\\Pipeline->Illuminate\\Pipeline\\{closure}(Object(Illuminate\\Http\\Request))
#23 /home/rivalmsr/Documents/rdeveloper/laravel/ecommerce-adminLTE/vendor/laravel/framework/src/Illuminate/Session/Middleware/StartSession.php(59): Illuminate\\Routing\\Pipeline->Illuminate\\Routing\\{closure}(Object(Illuminate\\Http\\Request))
#24 /home/rivalmsr/Documents/rdeveloper/laravel/ecommerce-adminLTE/vendor/laravel/framework/src/Illuminate/Pipeline/Pipeline.php(163): Illuminate\\Session\\Middleware\\StartSession->handle(Object(Illuminate\\Http\\Request), Object(Closure))
#25 /home/rivalmsr/Documents/rdeveloper/laravel/ecommerce-adminLTE/vendor/laravel/framework/src/Illuminate/Routing/Pipeline.php(53): Illuminate\\Pipeline\\Pipeline->Illuminate\\Pipeline\\{closure}(Object(Illuminate\\Http\\Request))
#26 /home/rivalmsr/Documents/rdeveloper/laravel/ecommerce-adminLTE/vendor/laravel/framework/src/Illuminate/Cookie/Middleware/AddQueuedCookiesToResponse.php(37): Illuminate\\Routing\\Pipeline->Illuminate\\Routing\\{closure}(Object(Illuminate\\Http\\Request))
#27 /home/rivalmsr/Documents/rdeveloper/laravel/ecommerce-adminLTE/vendor/laravel/framework/src/Illuminate/Pipeline/Pipeline.php(163): Illuminate\\Cookie\\Middleware\\AddQueuedCookiesToResponse->handle(Object(Illuminate\\Http\\Request), Object(Closure))
#28 /home/rivalmsr/Documents/rdeveloper/laravel/ecommerce-adminLTE/vendor/laravel/framework/src/Illuminate/Routing/Pipeline.php(53): Illuminate\\Pipeline\\Pipeline->Illuminate\\Pipeline\\{closure}(Object(Illuminate\\Http\\Request))
#29 /home/rivalmsr/Documents/rdeveloper/laravel/ecommerce-adminLTE/vendor/laravel/framework/src/Illuminate/Cookie/Middleware/EncryptCookies.php(66): Illuminate\\Routing\\Pipeline->Illuminate\\Routing\\{closure}(Object(Illuminate\\Http\\Request))
#30 /home/rivalmsr/Documents/rdeveloper/laravel/ecommerce-adminLTE/vendor/laravel/framework/src/Illuminate/Pipeline/Pipeline.php(163): Illuminate\\Cookie\\Middleware\\EncryptCookies->handle(Object(Illuminate\\Http\\Request), Object(Closure))
#31 /home/rivalmsr/Documents/rdeveloper/laravel/ecommerce-adminLTE/vendor/laravel/framework/src/Illuminate/Routing/Pipeline.php(53): Illuminate\\Pipeline\\Pipeline->Illuminate\\Pipeline\\{closure}(Object(Illuminate\\Http\\Request))
#32 /home/rivalmsr/Documents/rdeveloper/laravel/ecommerce-adminLTE/vendor/laravel/framework/src/Illuminate/Pipeline/Pipeline.php(104): Illuminate\\Routing\\Pipeline->Illuminate\\Routing\\{closure}(Object(Illuminate\\Http\\Request))
#33 /home/rivalmsr/Documents/rdeveloper/laravel/ecommerce-adminLTE/vendor/laravel/framework/src/Illuminate/Routing/Router.php(682): Illuminate\\Pipeline\\Pipeline->then(Object(Closure))
#34 /home/rivalmsr/Documents/rdeveloper/laravel/ecommerce-adminLTE/vendor/laravel/framework/src/Illuminate/Routing/Router.php(657): Illuminate\\Routing\\Router->runRouteWithinStack(Object(Illuminate\\Routing\\Route), Object(Illuminate\\Http\\Request))
#35 /home/rivalmsr/Documents/rdeveloper/laravel/ecommerce-adminLTE/vendor/laravel/framework/src/Illuminate/Routing/Router.php(623): Illuminate\\Routing\\Router->runRoute(Object(Illuminate\\Http\\Request), Object(Illuminate\\Routing\\Route))
#36 /home/rivalmsr/Documents/rdeveloper/laravel/ecommerce-adminLTE/vendor/laravel/framework/src/Illuminate/Routing/Router.php(612): Illuminate\\Routing\\Router->dispatchToRoute(Object(Illuminate\\Http\\Request))
#37 /home/rivalmsr/Documents/rdeveloper/laravel/ecommerce-adminLTE/vendor/laravel/framework/src/Illuminate/Foundation/Http/Kernel.php(176): Illuminate\\Routing\\Router->dispatch(Object(Illuminate\\Http\\Request))
#38 /home/rivalmsr/Documents/rdeveloper/laravel/ecommerce-adminLTE/vendor/laravel/framework/src/Illuminate/Routing/Pipeline.php(30): Illuminate\\Foundation\\Http\\Kernel->Illuminate\\Foundation\\Http\\{closure}(Object(Illuminate\\Http\\Request))
#39 /home/rivalmsr/Documents/rdeveloper/laravel/ecommerce-adminLTE/vendor/fideloper/proxy/src/TrustProxies.php(57): Illuminate\\Routing\\Pipeline->Illuminate\\Routing\\{closure}(Object(Illuminate\\Http\\Request))
#40 /home/rivalmsr/Documents/rdeveloper/laravel/ecommerce-adminLTE/vendor/laravel/framework/src/Illuminate/Pipeline/Pipeline.php(163): Fideloper\\Proxy\\TrustProxies->handle(Object(Illuminate\\Http\\Request), Object(Closure))
#41 /home/rivalmsr/Documents/rdeveloper/laravel/ecommerce-adminLTE/vendor/laravel/framework/src/Illuminate/Routing/Pipeline.php(53): Illuminate\\Pipeline\\Pipeline->Illuminate\\Pipeline\\{closure}(Object(Illuminate\\Http\\Request))
#42 /home/rivalmsr/Documents/rdeveloper/laravel/ecommerce-adminLTE/vendor/laravel/framework/src/Illuminate/Foundation/Http/Middleware/TransformsRequest.php(21): Illuminate\\Routing\\Pipeline->Illuminate\\Routing\\{closure}(Object(Illuminate\\Http\\Request))
#43 /home/rivalmsr/Documents/rdeveloper/laravel/ecommerce-adminLTE/vendor/laravel/framework/src/Illuminate/Pipeline/Pipeline.php(163): Illuminate\\Foundation\\Http\\Middleware\\TransformsRequest->handle(Object(Illuminate\\Http\\Request), Object(Closure))
#44 /home/rivalmsr/Documents/rdeveloper/laravel/ecommerce-adminLTE/vendor/laravel/framework/src/Illuminate/Routing/Pipeline.php(53): Illuminate\\Pipeline\\Pipeline->Illuminate\\Pipeline\\{closure}(Object(Illuminate\\Http\\Request))
#45 /home/rivalmsr/Documents/rdeveloper/laravel/ecommerce-adminLTE/vendor/laravel/framework/src/Illuminate/Foundation/Http/Middleware/TransformsRequest.php(21): Illuminate\\Routing\\Pipeline->Illuminate\\Routing\\{closure}(Object(Illuminate\\Http\\Request))
#46 /home/rivalmsr/Documents/rdeveloper/laravel/ecommerce-adminLTE/vendor/laravel/framework/src/Illuminate/Pipeline/Pipeline.php(163): Illuminate\\Foundation\\Http\\Middleware\\TransformsRequest->handle(Object(Illuminate\\Http\\Request), Object(Closure))
#47 /home/rivalmsr/Documents/rdeveloper/laravel/ecommerce-adminLTE/vendor/laravel/framework/src/Illuminate/Routing/Pipeline.php(53): Illuminate\\Pipeline\\Pipeline->Illuminate\\Pipeline\\{closure}(Object(Illuminate\\Http\\Request))
#48 /home/rivalmsr/Documents/rdeveloper/laravel/ecommerce-adminLTE/vendor/laravel/framework/src/Illuminate/Foundation/Http/Middleware/ValidatePostSize.php(27): Illuminate\\Routing\\Pipeline->Illuminate\\Routing\\{closure}(Object(Illuminate\\Http\\Request))
#49 /home/rivalmsr/Documents/rdeveloper/laravel/ecommerce-adminLTE/vendor/laravel/framework/src/Illuminate/Pipeline/Pipeline.php(163): Illuminate\\Foundation\\Http\\Middleware\\ValidatePostSize->handle(Object(Illuminate\\Http\\Request), Object(Closure))
#50 /home/rivalmsr/Documents/rdeveloper/laravel/ecommerce-adminLTE/vendor/laravel/framework/src/Illuminate/Routing/Pipeline.php(53): Illuminate\\Pipeline\\Pipeline->Illuminate\\Pipeline\\{closure}(Object(Illuminate\\Http\\Request))
#51 /home/rivalmsr/Documents/rdeveloper/laravel/ecommerce-adminLTE/vendor/laravel/framework/src/Illuminate/Foundation/Http/Middleware/CheckForMaintenanceMode.php(62): Illuminate\\Routing\\Pipeline->Illuminate\\Routing\\{closure}(Object(Illuminate\\Http\\Request))
#52 /home/rivalmsr/Documents/rdeveloper/laravel/ecommerce-adminLTE/vendor/laravel/framework/src/Illuminate/Pipeline/Pipeline.php(163): Illuminate\\Foundation\\Http\\Middleware\\CheckForMaintenanceMode->handle(Object(Illuminate\\Http\\Request), Object(Closure))
#53 /home/rivalmsr/Documents/rdeveloper/laravel/ecommerce-adminLTE/vendor/laravel/framework/src/Illuminate/Routing/Pipeline.php(53): Illuminate\\Pipeline\\Pipeline->Illuminate\\Pipeline\\{closure}(Object(Illuminate\\Http\\Request))
#54 /home/rivalmsr/Documents/rdeveloper/laravel/ecommerce-adminLTE/vendor/laravel/framework/src/Illuminate/Pipeline/Pipeline.php(104): Illuminate\\Routing\\Pipeline->Illuminate\\Routing\\{closure}(Object(Illuminate\\Http\\Request))
#55 /home/rivalmsr/Documents/rdeveloper/laravel/ecommerce-adminLTE/vendor/laravel/framework/src/Illuminate/Foundation/Http/Kernel.php(151): Illuminate\\Pipeline\\Pipeline->then(Object(Closure))
#56 /home/rivalmsr/Documents/rdeveloper/laravel/ecommerce-adminLTE/vendor/laravel/framework/src/Illuminate/Foundation/Http/Kernel.php(116): Illuminate\\Foundation\\Http\\Kernel->sendRequestThroughRouter(Object(Illuminate\\Http\\Request))
#57 /home/rivalmsr/Documents/rdeveloper/laravel/ecommerce-adminLTE/public/index.php(55): Illuminate\\Foundation\\Http\\Kernel->handle(Object(Illuminate\\Http\\Request))
#58 /home/rivalmsr/Documents/rdeveloper/laravel/ecommerce-adminLTE/server.php(21): require_once('/home/rivalmsr/...')
#59 {main}
"} 
[2019-06-27 15:46:07] local.ERROR: Trying to get property 'image_url' of non-object (View: /home/rivalmsr/Documents/rdeveloper/laravel/ecommerce-adminLTE/resources/views/products/show.blade.php) {"userId":1,"exception":"[object] (ErrorException(code: 0): Trying to get property 'image_url' of non-object (View: /home/rivalmsr/Documents/rdeveloper/laravel/ecommerce-adminLTE/resources/views/products/show.blade.php) at /home/rivalmsr/Documents/rdeveloper/laravel/ecommerce-adminLTE/storage/framework/views/9732eb92e01492b618f13db6c331af118734b205.php:16, ErrorException(code: 0): Trying to get property 'image_url' of non-object at /home/rivalmsr/Documents/rdeveloper/laravel/ecommerce-adminLTE/storage/framework/views/9732eb92e01492b618f13db6c331af118734b205.php:16)
[stacktrace]
#0 /home/rivalmsr/Documents/rdeveloper/laravel/ecommerce-adminLTE/vendor/laravel/framework/src/Illuminate/View/Engines/PhpEngine.php(45): Illuminate\\View\\Engines\\CompilerEngine->handleViewException(Object(ErrorException), 1)
#1 /home/rivalmsr/Documents/rdeveloper/laravel/ecommerce-adminLTE/vendor/laravel/framework/src/Illuminate/View/Engines/CompilerEngine.php(59): Illuminate\\View\\Engines\\PhpEngine->evaluatePath('/home/rivalmsr/...', Array)
#2 /home/rivalmsr/Documents/rdeveloper/laravel/ecommerce-adminLTE/vendor/laravel/framework/src/Illuminate/View/View.php(142): Illuminate\\View\\Engines\\CompilerEngine->get('/home/rivalmsr/...', Array)
#3 /home/rivalmsr/Documents/rdeveloper/laravel/ecommerce-adminLTE/vendor/laravel/framework/src/Illuminate/View/View.php(125): Illuminate\\View\\View->getContents()
#4 /home/rivalmsr/Documents/rdeveloper/laravel/ecommerce-adminLTE/vendor/laravel/framework/src/Illuminate/View/View.php(90): Illuminate\\View\\View->renderContents()
#5 /home/rivalmsr/Documents/rdeveloper/laravel/ecommerce-adminLTE/vendor/laravel/framework/src/Illuminate/Http/Response.php(42): Illuminate\\View\\View->render()
#6 /home/rivalmsr/Documents/rdeveloper/laravel/ecommerce-adminLTE/vendor/symfony/http-foundation/Response.php(202): Illuminate\\Http\\Response->setContent(Object(Illuminate\\View\\View))
#7 /home/rivalmsr/Documents/rdeveloper/laravel/ecommerce-adminLTE/vendor/laravel/framework/src/Illuminate/Routing/Router.php(748): Symfony\\Component\\HttpFoundation\\Response->__construct(Object(Illuminate\\View\\View))
#8 /home/rivalmsr/Documents/rdeveloper/laravel/ecommerce-adminLTE/vendor/laravel/framework/src/Illuminate/Routing/Router.php(720): Illuminate\\Routing\\Router::toResponse(Object(Illuminate\\Http\\Request), Object(Illuminate\\View\\View))
#9 /home/rivalmsr/Documents/rdeveloper/laravel/ecommerce-adminLTE/vendor/laravel/framework/src/Illuminate/Routing/Router.php(680): Illuminate\\Routing\\Router->prepareResponse(Object(Illuminate\\Http\\Request), Object(Illuminate\\View\\View))
#10 /home/rivalmsr/Documents/rdeveloper/laravel/ecommerce-adminLTE/vendor/laravel/framework/src/Illuminate/Routing/Pipeline.php(30): Illuminate\\Routing\\Router->Illuminate\\Routing\\{closure}(Object(Illuminate\\Http\\Request))
#11 /home/rivalmsr/Documents/rdeveloper/laravel/ecommerce-adminLTE/vendor/laravel/framework/src/Illuminate/Routing/Middleware/SubstituteBindings.php(41): Illuminate\\Routing\\Pipeline->Illuminate\\Routing\\{closure}(Object(Illuminate\\Http\\Request))
#12 /home/rivalmsr/Documents/rdeveloper/laravel/ecommerce-adminLTE/vendor/laravel/framework/src/Illuminate/Pipeline/Pipeline.php(163): Illuminate\\Routing\\Middleware\\SubstituteBindings->handle(Object(Illuminate\\Http\\Request), Object(Closure))
#13 /home/rivalmsr/Documents/rdeveloper/laravel/ecommerce-adminLTE/vendor/laravel/framework/src/Illuminate/Routing/Pipeline.php(53): Illuminate\\Pipeline\\Pipeline->Illuminate\\Pipeline\\{closure}(Object(Illuminate\\Http\\Request))
#14 /home/rivalmsr/Documents/rdeveloper/laravel/ecommerce-adminLTE/vendor/laravel/framework/src/Illuminate/Auth/Middleware/Authenticate.php(43): Illuminate\\Routing\\Pipeline->Illuminate\\Routing\\{closure}(Object(Illuminate\\Http\\Request))
#15 /home/rivalmsr/Documents/rdeveloper/laravel/ecommerce-adminLTE/vendor/laravel/framework/src/Illuminate/Pipeline/Pipeline.php(163): Illuminate\\Auth\\Middleware\\Authenticate->handle(Object(Illuminate\\Http\\Request), Object(Closure))
#16 /home/rivalmsr/Documents/rdeveloper/laravel/ecommerce-adminLTE/vendor/laravel/framework/src/Illuminate/Routing/Pipeline.php(53): Illuminate\\Pipeline\\Pipeline->Illuminate\\Pipeline\\{closure}(Object(Illuminate\\Http\\Request))
#17 /home/rivalmsr/Documents/rdeveloper/laravel/ecommerce-adminLTE/vendor/laravel/framework/src/Illuminate/Foundation/Http/Middleware/VerifyCsrfToken.php(75): Illuminate\\Routing\\Pipeline->Illuminate\\Routing\\{closure}(Object(Illuminate\\Http\\Request))
#18 /home/rivalmsr/Documents/rdeveloper/laravel/ecommerce-adminLTE/vendor/laravel/framework/src/Illuminate/Pipeline/Pipeline.php(163): Illuminate\\Foundation\\Http\\Middleware\\VerifyCsrfToken->handle(Object(Illuminate\\Http\\Request), Object(Closure))
#19 /home/rivalmsr/Documents/rdeveloper/laravel/ecommerce-adminLTE/vendor/laravel/framework/src/Illuminate/Routing/Pipeline.php(53): Illuminate\\Pipeline\\Pipeline->Illuminate\\Pipeline\\{closure}(Object(Illuminate\\Http\\Request))
#20 /home/rivalmsr/Documents/rdeveloper/laravel/ecommerce-adminLTE/vendor/laravel/framework/src/Illuminate/View/Middleware/ShareErrorsFromSession.php(49): Illuminate\\Routing\\Pipeline->Illuminate\\Routing\\{closure}(Object(Illuminate\\Http\\Request))
#21 /home/rivalmsr/Documents/rdeveloper/laravel/ecommerce-adminLTE/vendor/laravel/framework/src/Illuminate/Pipeline/Pipeline.php(163): Illuminate\\View\\Middleware\\ShareErrorsFromSession->handle(Object(Illuminate\\Http\\Request), Object(Closure))
#22 /home/rivalmsr/Documents/rdeveloper/laravel/ecommerce-adminLTE/vendor/laravel/framework/src/Illuminate/Routing/Pipeline.php(53): Illuminate\\Pipeline\\Pipeline->Illuminate\\Pipeline\\{closure}(Object(Illuminate\\Http\\Request))
#23 /home/rivalmsr/Documents/rdeveloper/laravel/ecommerce-adminLTE/vendor/laravel/framework/src/Illuminate/Session/Middleware/StartSession.php(59): Illuminate\\Routing\\Pipeline->Illuminate\\Routing\\{closure}(Object(Illuminate\\Http\\Request))
#24 /home/rivalmsr/Documents/rdeveloper/laravel/ecommerce-adminLTE/vendor/laravel/framework/src/Illuminate/Pipeline/Pipeline.php(163): Illuminate\\Session\\Middleware\\StartSession->handle(Object(Illuminate\\Http\\Request), Object(Closure))
#25 /home/rivalmsr/Documents/rdeveloper/laravel/ecommerce-adminLTE/vendor/laravel/framework/src/Illuminate/Routing/Pipeline.php(53): Illuminate\\Pipeline\\Pipeline->Illuminate\\Pipeline\\{closure}(Object(Illuminate\\Http\\Request))
#26 /home/rivalmsr/Documents/rdeveloper/laravel/ecommerce-adminLTE/vendor/laravel/framework/src/Illuminate/Cookie/Middleware/AddQueuedCookiesToResponse.php(37): Illuminate\\Routing\\Pipeline->Illuminate\\Routing\\{closure}(Object(Illuminate\\Http\\Request))
#27 /home/rivalmsr/Documents/rdeveloper/laravel/ecommerce-adminLTE/vendor/laravel/framework/src/Illuminate/Pipeline/Pipeline.php(163): Illuminate\\Cookie\\Middleware\\AddQueuedCookiesToResponse->handle(Object(Illuminate\\Http\\Request), Object(Closure))
#28 /home/rivalmsr/Documents/rdeveloper/laravel/ecommerce-adminLTE/vendor/laravel/framework/src/Illuminate/Routing/Pipeline.php(53): Illuminate\\Pipeline\\Pipeline->Illuminate\\Pipeline\\{closure}(Object(Illuminate\\Http\\Request))
#29 /home/rivalmsr/Documents/rdeveloper/laravel/ecommerce-adminLTE/vendor/laravel/framework/src/Illuminate/Cookie/Middleware/EncryptCookies.php(66): Illuminate\\Routing\\Pipeline->Illuminate\\Routing\\{closure}(Object(Illuminate\\Http\\Request))
#30 /home/rivalmsr/Documents/rdeveloper/laravel/ecommerce-adminLTE/vendor/laravel/framework/src/Illuminate/Pipeline/Pipeline.php(163): Illuminate\\Cookie\\Middleware\\EncryptCookies->handle(Object(Illuminate\\Http\\Request), Object(Closure))
#31 /home/rivalmsr/Documents/rdeveloper/laravel/ecommerce-adminLTE/vendor/laravel/framework/src/Illuminate/Routing/Pipeline.php(53): Illuminate\\Pipeline\\Pipeline->Illuminate\\Pipeline\\{closure}(Object(Illuminate\\Http\\Request))
#32 /home/rivalmsr/Documents/rdeveloper/laravel/ecommerce-adminLTE/vendor/laravel/framework/src/Illuminate/Pipeline/Pipeline.php(104): Illuminate\\Routing\\Pipeline->Illuminate\\Routing\\{closure}(Object(Illuminate\\Http\\Request))
#33 /home/rivalmsr/Documents/rdeveloper/laravel/ecommerce-adminLTE/vendor/laravel/framework/src/Illuminate/Routing/Router.php(682): Illuminate\\Pipeline\\Pipeline->then(Object(Closure))
#34 /home/rivalmsr/Documents/rdeveloper/laravel/ecommerce-adminLTE/vendor/laravel/framework/src/Illuminate/Routing/Router.php(657): Illuminate\\Routing\\Router->runRouteWithinStack(Object(Illuminate\\Routing\\Route), Object(Illuminate\\Http\\Request))
#35 /home/rivalmsr/Documents/rdeveloper/laravel/ecommerce-adminLTE/vendor/laravel/framework/src/Illuminate/Routing/Router.php(623): Illuminate\\Routing\\Router->runRoute(Object(Illuminate\\Http\\Request), Object(Illuminate\\Routing\\Route))
#36 /home/rivalmsr/Documents/rdeveloper/laravel/ecommerce-adminLTE/vendor/laravel/framework/src/Illuminate/Routing/Router.php(612): Illuminate\\Routing\\Router->dispatchToRoute(Object(Illuminate\\Http\\Request))
#37 /home/rivalmsr/Documents/rdeveloper/laravel/ecommerce-adminLTE/vendor/laravel/framework/src/Illuminate/Foundation/Http/Kernel.php(176): Illuminate\\Routing\\Router->dispatch(Object(Illuminate\\Http\\Request))
#38 /home/rivalmsr/Documents/rdeveloper/laravel/ecommerce-adminLTE/vendor/laravel/framework/src/Illuminate/Routing/Pipeline.php(30): Illuminate\\Foundation\\Http\\Kernel->Illuminate\\Foundation\\Http\\{closure}(Object(Illuminate\\Http\\Request))
#39 /home/rivalmsr/Documents/rdeveloper/laravel/ecommerce-adminLTE/vendor/fideloper/proxy/src/TrustProxies.php(57): Illuminate\\Routing\\Pipeline->Illuminate\\Routing\\{closure}(Object(Illuminate\\Http\\Request))
#40 /home/rivalmsr/Documents/rdeveloper/laravel/ecommerce-adminLTE/vendor/laravel/framework/src/Illuminate/Pipeline/Pipeline.php(163): Fideloper\\Proxy\\TrustProxies->handle(Object(Illuminate\\Http\\Request), Object(Closure))
#41 /home/rivalmsr/Documents/rdeveloper/laravel/ecommerce-adminLTE/vendor/laravel/framework/src/Illuminate/Routing/Pipeline.php(53): Illuminate\\Pipeline\\Pipeline->Illuminate\\Pipeline\\{closure}(Object(Illuminate\\Http\\Request))
#42 /home/rivalmsr/Documents/rdeveloper/laravel/ecommerce-adminLTE/vendor/laravel/framework/src/Illuminate/Foundation/Http/Middleware/TransformsRequest.php(21): Illuminate\\Routing\\Pipeline->Illuminate\\Routing\\{closure}(Object(Illuminate\\Http\\Request))
#43 /home/rivalmsr/Documents/rdeveloper/laravel/ecommerce-adminLTE/vendor/laravel/framework/src/Illuminate/Pipeline/Pipeline.php(163): Illuminate\\Foundation\\Http\\Middleware\\TransformsRequest->handle(Object(Illuminate\\Http\\Request), Object(Closure))
#44 /home/rivalmsr/Documents/rdeveloper/laravel/ecommerce-adminLTE/vendor/laravel/framework/src/Illuminate/Routing/Pipeline.php(53): Illuminate\\Pipeline\\Pipeline->Illuminate\\Pipeline\\{closure}(Object(Illuminate\\Http\\Request))
#45 /home/rivalmsr/Documents/rdeveloper/laravel/ecommerce-adminLTE/vendor/laravel/framework/src/Illuminate/Foundation/Http/Middleware/TransformsRequest.php(21): Illuminate\\Routing\\Pipeline->Illuminate\\Routing\\{closure}(Object(Illuminate\\Http\\Request))
#46 /home/rivalmsr/Documents/rdeveloper/laravel/ecommerce-adminLTE/vendor/laravel/framework/src/Illuminate/Pipeline/Pipeline.php(163): Illuminate\\Foundation\\Http\\Middleware\\TransformsRequest->handle(Object(Illuminate\\Http\\Request), Object(Closure))
#47 /home/rivalmsr/Documents/rdeveloper/laravel/ecommerce-adminLTE/vendor/laravel/framework/src/Illuminate/Routing/Pipeline.php(53): Illuminate\\Pipeline\\Pipeline->Illuminate\\Pipeline\\{closure}(Object(Illuminate\\Http\\Request))
#48 /home/rivalmsr/Documents/rdeveloper/laravel/ecommerce-adminLTE/vendor/laravel/framework/src/Illuminate/Foundation/Http/Middleware/ValidatePostSize.php(27): Illuminate\\Routing\\Pipeline->Illuminate\\Routing\\{closure}(Object(Illuminate\\Http\\Request))
#49 /home/rivalmsr/Documents/rdeveloper/laravel/ecommerce-adminLTE/vendor/laravel/framework/src/Illuminate/Pipeline/Pipeline.php(163): Illuminate\\Foundation\\Http\\Middleware\\ValidatePostSize->handle(Object(Illuminate\\Http\\Request), Object(Closure))
#50 /home/rivalmsr/Documents/rdeveloper/laravel/ecommerce-adminLTE/vendor/laravel/framework/src/Illuminate/Routing/Pipeline.php(53): Illuminate\\Pipeline\\Pipeline->Illuminate\\Pipeline\\{closure}(Object(Illuminate\\Http\\Request))
#51 /home/rivalmsr/Documents/rdeveloper/laravel/ecommerce-adminLTE/vendor/laravel/framework/src/Illuminate/Foundation/Http/Middleware/CheckForMaintenanceMode.php(62): Illuminate\\Routing\\Pipeline->Illuminate\\Routing\\{closure}(Object(Illuminate\\Http\\Request))
#52 /home/rivalmsr/Documents/rdeveloper/laravel/ecommerce-adminLTE/vendor/laravel/framework/src/Illuminate/Pipeline/Pipeline.php(163): Illuminate\\Foundation\\Http\\Middleware\\CheckForMaintenanceMode->handle(Object(Illuminate\\Http\\Request), Object(Closure))
#53 /home/rivalmsr/Documents/rdeveloper/laravel/ecommerce-adminLTE/vendor/laravel/framework/src/Illuminate/Routing/Pipeline.php(53): Illuminate\\Pipeline\\Pipeline->Illuminate\\Pipeline\\{closure}(Object(Illuminate\\Http\\Request))
#54 /home/rivalmsr/Documents/rdeveloper/laravel/ecommerce-adminLTE/vendor/laravel/framework/src/Illuminate/Pipeline/Pipeline.php(104): Illuminate\\Routing\\Pipeline->Illuminate\\Routing\\{closure}(Object(Illuminate\\Http\\Request))
#55 /home/rivalmsr/Documents/rdeveloper/laravel/ecommerce-adminLTE/vendor/laravel/framework/src/Illuminate/Foundation/Http/Kernel.php(151): Illuminate\\Pipeline\\Pipeline->then(Object(Closure))
#56 /home/rivalmsr/Documents/rdeveloper/laravel/ecommerce-adminLTE/vendor/laravel/framework/src/Illuminate/Foundation/Http/Kernel.php(116): Illuminate\\Foundation\\Http\\Kernel->sendRequestThroughRouter(Object(Illuminate\\Http\\Request))
#57 /home/rivalmsr/Documents/rdeveloper/laravel/ecommerce-adminLTE/public/index.php(55): Illuminate\\Foundation\\Http\\Kernel->handle(Object(Illuminate\\Http\\Request))
#58 /home/rivalmsr/Documents/rdeveloper/laravel/ecommerce-adminLTE/server.php(21): require_once('/home/rivalmsr/...')
#59 {main}
"} 
